Using pre-set license
Built from '2022.3/staging' branch; Version is '2022.3.10f1 (ff3792e53c62) revision 16725906'; Using compiler version '192829333'; Build Type 'Release'
OS: 'Windows 11  (10.0.22631) 64bit Core' Language: 'en' Physical Memory: 11976 MB
BatchMode: 1, IsHumanControllingUs: 0, StartBugReporterOnCrash: 0, Is64bit: 1, IsPro: 1

COMMAND LINE ARGUMENTS:
C:\Program Files\Unity\Hub\Editor\2022.3.10f1\Editor\Unity.exe
-adb2
-batchMode
-noUpm
-name
AssetImportWorker0
-projectPath
C:/Users/L1ght/overworked
-logFile
Logs/AssetImportWorker0.log
-srvPort
58708
Successfully changed project path to: C:/Users/L1ght/overworked
C:/Users/L1ght/overworked
[UnityMemory] Configuration Parameters - Can be set up in boot.config
    "memorysetup-bucket-allocator-granularity=16"
    "memorysetup-bucket-allocator-bucket-count=8"
    "memorysetup-bucket-allocator-block-size=33554432"
    "memorysetup-bucket-allocator-block-count=8"
    "memorysetup-main-allocator-block-size=16777216"
    "memorysetup-thread-allocator-block-size=16777216"
    "memorysetup-gfx-main-allocator-block-size=16777216"
    "memorysetup-gfx-thread-allocator-block-size=16777216"
    "memorysetup-cache-allocator-block-size=4194304"
    "memorysetup-typetree-allocator-block-size=2097152"
    "memorysetup-profiler-bucket-allocator-granularity=16"
    "memorysetup-profiler-bucket-allocator-bucket-count=8"
    "memorysetup-profiler-bucket-allocator-block-size=33554432"
    "memorysetup-profiler-bucket-allocator-block-count=8"
    "memorysetup-profiler-allocator-block-size=16777216"
    "memorysetup-profiler-editor-allocator-block-size=1048576"
    "memorysetup-temp-allocator-size-main=16777216"
    "memorysetup-job-temp-allocator-block-size=2097152"
    "memorysetup-job-temp-allocator-block-size-background=1048576"
    "memorysetup-job-temp-allocator-reduction-small-platforms=262144"
    "memorysetup-allocator-temp-initial-block-size-main=262144"
    "memorysetup-allocator-temp-initial-block-size-worker=262144"
    "memorysetup-temp-allocator-size-background-worker=32768"
    "memorysetup-temp-allocator-size-job-worker=262144"
    "memorysetup-temp-allocator-size-preload-manager=33554432"
    "memorysetup-temp-allocator-size-nav-mesh-worker=65536"
    "memorysetup-temp-allocator-size-audio-worker=65536"
    "memorysetup-temp-allocator-size-cloud-worker=32768"
    "memorysetup-temp-allocator-size-gi-baking-worker=262144"
    "memorysetup-temp-allocator-size-gfx=262144"
Player connection [8760] Host "[IP] 192.168.6.1 [Port] 0 [Flags] 2 [Guid] 3415232356 [EditorId] 3415232356 [Version] 1048832 [Id] WindowsEditor(7,Laptop) [Debug] 1 [PackageName] WindowsEditor [ProjectName] Editor" joined multi-casting on [225.0.0.222:54997]...

Player connection [8760] Host "[IP] 192.168.6.1 [Port] 0 [Flags] 2 [Guid] 3415232356 [EditorId] 3415232356 [Version] 1048832 [Id] WindowsEditor(7,Laptop) [Debug] 1 [PackageName] WindowsEditor [ProjectName] Editor" joined alternative multi-casting on [225.0.0.222:34997]...

[Physics::Module] Initialized MultithreadedJobDispatcher with 7 workers.
Refreshing native plugins compatible for Editor in 60.69 ms, found 3 plugins.
Preloading 0 native plugins for Editor in 0.00 ms.
Initialize engine version: 2022.3.10f1 (ff3792e53c62)
[Subsystems] Discovering subsystems at path C:/Program Files/Unity/Hub/Editor/2022.3.10f1/Editor/Data/Resources/UnitySubsystems
[Subsystems] Discovering subsystems at path C:/Users/L1ght/overworked/Assets
GfxDevice: creating device client; threaded=0; jobified=0
Direct3D:
    Version:  Direct3D 11.0 [level 11.1]
    Renderer: Intel(R) UHD Graphics (ID=0x8a56)
    Vendor:   Intel
    VRAM:     5988 MB
    Driver:   26.20.100.7926
Initialize mono
Mono path[0] = 'C:/Program Files/Unity/Hub/Editor/2022.3.10f1/Editor/Data/Managed'
Mono path[1] = 'C:/Program Files/Unity/Hub/Editor/2022.3.10f1/Editor/Data/MonoBleedingEdge/lib/mono/unityjit-win32'
Mono config path = 'C:/Program Files/Unity/Hub/Editor/2022.3.10f1/Editor/Data/MonoBleedingEdge/etc'
Using monoOptions --debugger-agent=transport=dt_socket,embedding=1,server=y,suspend=n,address=127.0.0.1:56192
Begin MonoManager ReloadAssembly
Registering precompiled unity dll's ...
Register platform support module: C:/Program Files/Unity/Hub/Editor/2022.3.10f1/Editor/Data/PlaybackEngines/WebGLSupport/UnityEditor.WebGL.Extensions.dll
Register platform support module: C:/Program Files/Unity/Hub/Editor/2022.3.10f1/Editor/Data/PlaybackEngines/WindowsStandaloneSupport/UnityEditor.WindowsStandalone.Extensions.dll
Registered in 0.027003 seconds.
- Loaded All Assemblies, in  1.523 seconds
Native extension for WindowsStandalone target not found
Native extension for WebGL target not found
Mono: successfully reloaded assembly
- Finished resetting the current domain, in  0.794 seconds
Domain Reload Profiling: 2310ms
	BeginReloadAssembly (839ms)
		ExecutionOrderSort (0ms)
		DisableScriptedObjects (0ms)
		BackupInstance (0ms)
		ReleaseScriptingObjects (0ms)
		CreateAndSetChildDomain (2ms)
	RebuildCommonClasses (117ms)
	RebuildNativeTypeToScriptingClass (34ms)
	initialDomainReloadingComplete (183ms)
	LoadAllAssembliesAndSetupDomain (342ms)
		LoadAssemblies (828ms)
		RebuildTransferFunctionScriptingTraits (0ms)
		AnalyzeDomain (336ms)
			TypeCache.Refresh (333ms)
				TypeCache.ScanAssembly (296ms)
			ScanForSourceGeneratedMonoScriptInfo (1ms)
			ResolveRequiredComponents (1ms)
	FinalizeReload (795ms)
		ReleaseScriptCaches (0ms)
		RebuildScriptCaches (0ms)
		SetupLoadedEditorAssemblies (607ms)
			LogAssemblyErrors (0ms)
			InitializePlatformSupportModulesInManaged (33ms)
			SetLoadedEditorAssemblies (18ms)
			RefreshPlugins (0ms)
			BeforeProcessingInitializeOnLoad (7ms)
			ProcessInitializeOnLoadAttributes (404ms)
			ProcessInitializeOnLoadMethodAttributes (145ms)
			AfterProcessingInitializeOnLoad (0ms)
			EditorAssembliesLoaded (0ms)
		ExecutionOrderSort2 (0ms)
		AwakeInstancesAfterBackupRestoration (0ms)
========================================================================
Worker process is ready to serve import requests
Begin MonoManager ReloadAssembly
- Loaded All Assemblies, in  1.980 seconds
Refreshing native plugins compatible for Editor in 11.40 ms, found 3 plugins.
Native extension for WindowsStandalone target not found
Native extension for WebGL target not found
Package Manager log level set to [2]
[Package Manager] Server::EnsureServerProcessIsRunning -- launch failed, reason: Unity was launched with the -noUpm command-line argument
[Package Manager] UpmClient::Send -- Unable to send message (not connected to UPM process).
[Package Manager] Cannot connect to Unity Package Manager local server
Mono: successfully reloaded assembly
- Finished resetting the current domain, in  1.981 seconds
Domain Reload Profiling: 3953ms
	BeginReloadAssembly (391ms)
		ExecutionOrderSort (0ms)
		DisableScriptedObjects (26ms)
		BackupInstance (0ms)
		ReleaseScriptingObjects (0ms)
		CreateAndSetChildDomain (51ms)
	RebuildCommonClasses (96ms)
	RebuildNativeTypeToScriptingClass (27ms)
	initialDomainReloadingComplete (114ms)
	LoadAllAssembliesAndSetupDomain (1344ms)
		LoadAssemblies (1007ms)
		RebuildTransferFunctionScriptingTraits (0ms)
		AnalyzeDomain (561ms)
			TypeCache.Refresh (500ms)
				TypeCache.ScanAssembly (464ms)
			ScanForSourceGeneratedMonoScriptInfo (45ms)
			ResolveRequiredComponents (13ms)
	FinalizeReload (1982ms)
		ReleaseScriptCaches (0ms)
		RebuildScriptCaches (0ms)
		SetupLoadedEditorAssemblies (1576ms)
			LogAssemblyErrors (0ms)
			InitializePlatformSupportModulesInManaged (21ms)
			SetLoadedEditorAssemblies (9ms)
			RefreshPlugins (0ms)
			BeforeProcessingInitializeOnLoad (160ms)
			ProcessInitializeOnLoadAttributes (1317ms)
			ProcessInitializeOnLoadMethodAttributes (51ms)
			AfterProcessingInitializeOnLoad (18ms)
			EditorAssembliesLoaded (0ms)
		ExecutionOrderSort2 (0ms)
		AwakeInstancesAfterBackupRestoration (23ms)
Launched and connected shader compiler UnityShaderCompiler.exe after 0.16 seconds
Refreshing native plugins compatible for Editor in 26.90 ms, found 3 plugins.
Preloading 0 native plugins for Editor in 0.00 ms.
Unloading 3141 Unused Serialized files (Serialized files now loaded: 0)
Unloading 33 unused Assets / (57.6 KB). Loaded Objects now: 3602.
Memory consumption went from 122.1 MB to 122.1 MB.
Total: 15.056600 ms (FindLiveObjects: 0.535400 ms CreateObjectMapping: 0.564700 ms MarkObjects: 13.531900 ms  DeleteObjects: 0.422500 ms)

AssetImportParameters requested are different than current active one (requested -> active):
  custom:container-demuxer-ogg: 62fdf1f143b41e24485cea50d1cbac27 -> 
  custom:video-decoder-ogg-theora: a1e56fd34408186e4bbccfd4996cb3dc -> 
  custom:framework-win-MediaFoundation: 216162199b28c13a410421893ffa2e32 -> 
  custom:CustomObjectIndexerAttribute: 756ad292c208cfabdd7b50bc23989ffe -> 
  custom:container-demuxer-webm: 4f35f7cbe854078d1ac9338744f61a02 -> 
  custom:container-muxer-webm: aa71ff27fc2769a1b78a27578f13a17b -> 
  custom:video-decoder-webm-vp8: 9c59270c3fd7afecdb556c50c9e8de78 -> 
  custom:SearchIndexIgnoredProperties: e643bd26f0fe6173181afceb89e7c659 -> 
  custom:AudioImporter_EditorPlatform: d09bf68614088b80899f8185d706f6e7 -> 
  custom:video-encoder-webm-vp8: eb34c28f22e8b96e1ab97ce403110664 -> 
  custom:audio-decoder-ogg-vorbis: bf7c407c2cedff20999df2af8eb42d56 -> 
  custom:audio-encoder-webm-vorbis: bf7c407c2cedff20999df2af8eb42d56 -> 
========================================================================
Received Import Request.
  Time since last request: 168073.268429 seconds.
  path: Assets/UI Images and Sprites/Baseplate.png
  artifactKey: Guid(20bac75a739e33ee9bff5a716491ed69) Importer(815301076,1909f56bfc062723c751e8b465ee728b)
Start importing Assets/UI Images and Sprites/Baseplate.png using Guid(20bac75a739e33ee9bff5a716491ed69) Importer(815301076,1909f56bfc062723c751e8b465ee728b)  -> (artifact id: 'f6096b06bec5e0409044e8b7bee75d96') in 0.552303 seconds
Number of updated asset objects reloaded before import = 0
Number of asset objects unloaded after import = 3
========================================================================
Received Import Request.
  Time since last request: 0.000092 seconds.
  path: Assets/UI Images and Sprites/Logo.png
  artifactKey: Guid(f552c64d7c8abab3f86285cb015c93f9) Importer(815301076,1909f56bfc062723c751e8b465ee728b)
Start importing Assets/UI Images and Sprites/Logo.png using Guid(f552c64d7c8abab3f86285cb015c93f9) Importer(815301076,1909f56bfc062723c751e8b465ee728b)  -> (artifact id: '1da2e8f78c380684102e1bedbb8480fd') in 0.081195 seconds
Number of updated asset objects reloaded before import = 0
Number of asset objects unloaded after import = 3
========================================================================
Received Import Request.
  Time since last request: 0.000039 seconds.
  path: Assets/UI Images and Sprites/Printer.png
  artifactKey: Guid(a7a3729f1ee113e2e95f15e5cc9449ae) Importer(815301076,1909f56bfc062723c751e8b465ee728b)
Start importing Assets/UI Images and Sprites/Printer.png using Guid(a7a3729f1ee113e2e95f15e5cc9449ae) Importer(815301076,1909f56bfc062723c751e8b465ee728b)  -> (artifact id: 'b7d61ea49e3de2d936eceaa7b9128eb7') in 0.088380 seconds
Number of updated asset objects reloaded before import = 0
Number of asset objects unloaded after import = 3
========================================================================
Received Import Request.
  Time since last request: 0.000120 seconds.
  path: Assets/polyperfect/Poly Christmas/Prefabs/Christmas/Cracker_B_Christmas.prefab
  artifactKey: Guid(04539e1e3fd821b4eaeadead05d65f0c) Importer(815301076,1909f56bfc062723c751e8b465ee728b)
Start importing Assets/polyperfect/Poly Christmas/Prefabs/Christmas/Cracker_B_Christmas.prefab using Guid(04539e1e3fd821b4eaeadead05d65f0c) Importer(815301076,1909f56bfc062723c751e8b465ee728b)  -> (artifact id: 'b6bfb919ccd725b64a19e7a1196a00f2') in 0.335949 seconds
Number of updated asset objects reloaded before import = 0
Number of asset objects unloaded after import = 12
========================================================================
Received Import Request.
  Time since last request: 0.000155 seconds.
  path: Assets/polyperfect/Poly Christmas/Prefabs/Christmas/Candle_Holder_Short_A_Unlit_Christmas.prefab
  artifactKey: Guid(9678aca628b1ac3479d518b61ac9f14a) Importer(815301076,1909f56bfc062723c751e8b465ee728b)
Start importing Assets/polyperfect/Poly Christmas/Prefabs/Christmas/Candle_Holder_Short_A_Unlit_Christmas.prefab using Guid(9678aca628b1ac3479d518b61ac9f14a) Importer(815301076,1909f56bfc062723c751e8b465ee728b)  -> (artifact id: '0e54103f158abfcd6b176208f45f8075') in 0.128920 seconds
Number of updated asset objects reloaded before import = 0
Number of asset objects unloaded after import = 12
========================================================================
Received Import Request.
  Time since last request: 0.000094 seconds.
  path: Assets/polyperfect/Poly Christmas/Prefabs/Christmas/Chimney_Christmas_2m.prefab
  artifactKey: Guid(cf476e74f1d471b458ee0d1b49049898) Importer(815301076,1909f56bfc062723c751e8b465ee728b)
Start importing Assets/polyperfect/Poly Christmas/Prefabs/Christmas/Chimney_Christmas_2m.prefab using Guid(cf476e74f1d471b458ee0d1b49049898) Importer(815301076,1909f56bfc062723c751e8b465ee728b)  -> (artifact id: '10c9eee1b39df4d4500ea440bec139d1') in 0.102907 seconds
Number of updated asset objects reloaded before import = 0
Number of asset objects unloaded after import = 12
========================================================================
Received Import Request.
  Time since last request: 0.000040 seconds.
  path: Assets/polyperfect/Poly Christmas/Prefabs/Christmas/Chimney_Christmas_1m.prefab
  artifactKey: Guid(d96c47625b4b898448325ef3fab12c14) Importer(815301076,1909f56bfc062723c751e8b465ee728b)
Start importing Assets/polyperfect/Poly Christmas/Prefabs/Christmas/Chimney_Christmas_1m.prefab using Guid(d96c47625b4b898448325ef3fab12c14) Importer(815301076,1909f56bfc062723c751e8b465ee728b)  -> (artifact id: '67b74c23069e1cb58dddc7d12f75b06a') in 0.080645 seconds
Number of updated asset objects reloaded before import = 0
Number of asset objects unloaded after import = 12
========================================================================
Received Import Request.
  Time since last request: 0.000040 seconds.
  path: Assets/polyperfect/Poly Christmas/Prefabs/Christmas/Christmas_Stockings.prefab
  artifactKey: Guid(e61c9848e5f6c4144a3b0d6a431d9420) Importer(815301076,1909f56bfc062723c751e8b465ee728b)
Start importing Assets/polyperfect/Poly Christmas/Prefabs/Christmas/Christmas_Stockings.prefab using Guid(e61c9848e5f6c4144a3b0d6a431d9420) Importer(815301076,1909f56bfc062723c751e8b465ee728b)  -> (artifact id: '577f2f64a3d19a8f67d34b05567155cf') in 0.082657 seconds
Number of updated asset objects reloaded before import = 0
Number of asset objects unloaded after import = 12
========================================================================
Received Import Request.
  Time since last request: 0.000042 seconds.
  path: Assets/polyperfect
  artifactKey: Guid(d59445ec14ebb1c40a1740e826ce9eb9) Importer(815301076,1909f56bfc062723c751e8b465ee728b)
Start importing Assets/polyperfect using Guid(d59445ec14ebb1c40a1740e826ce9eb9) Importer(815301076,1909f56bfc062723c751e8b465ee728b)  -> (artifact id: 'c706c3357e67e0e023246b55f962349b') in 0.001109 seconds
Number of updated asset objects reloaded before import = 0
Number of asset objects unloaded after import = 0
========================================================================
Received Import Request.
  Time since last request: 0.000183 seconds.
  path: Assets/polyperfect/Poly Christmas/Prefabs/Christmas/Candle_Holder_Tall_A_Unlit_Christmas.prefab
  artifactKey: Guid(a51341ef637f9a84aa5c92f8e900e0f6) Importer(815301076,1909f56bfc062723c751e8b465ee728b)
Start importing Assets/polyperfect/Poly Christmas/Prefabs/Christmas/Candle_Holder_Tall_A_Unlit_Christmas.prefab using Guid(a51341ef637f9a84aa5c92f8e900e0f6) Importer(815301076,1909f56bfc062723c751e8b465ee728b)  -> (artifact id: 'f725fa36fef40c43e650c99cdd37ef42') in 0.067900 seconds
Number of updated asset objects reloaded before import = 0
Number of asset objects unloaded after import = 12
========================================================================
Received Import Request.
  Time since last request: 0.000055 seconds.
  path: Assets/polyperfect/Poly Christmas/Prefabs/Christmas/Candle_Holder_Arch.prefab
  artifactKey: Guid(7a3c4e719a0a8f44d9ea64492e926fc4) Importer(815301076,1909f56bfc062723c751e8b465ee728b)
Start importing Assets/polyperfect/Poly Christmas/Prefabs/Christmas/Candle_Holder_Arch.prefab using Guid(7a3c4e719a0a8f44d9ea64492e926fc4) Importer(815301076,1909f56bfc062723c751e8b465ee728b)  -> (artifact id: '507b7f53740e33f72bf3541fc096c4d0') in 0.929068 seconds
Number of updated asset objects reloaded before import = 0
Number of asset objects unloaded after import = 13
========================================================================
Received Import Request.
  Time since last request: 0.000055 seconds.
  path: Assets/polyperfect/Poly Christmas/Prefabs/Christmas/Bag_Gift_Christmas_C.prefab
  artifactKey: Guid(a310f2abf494537438b4fff3819ad521) Importer(815301076,1909f56bfc062723c751e8b465ee728b)
Start importing Assets/polyperfect/Poly Christmas/Prefabs/Christmas/Bag_Gift_Christmas_C.prefab using Guid(a310f2abf494537438b4fff3819ad521) Importer(815301076,1909f56bfc062723c751e8b465ee728b)  -> (artifact id: 'ef0071aba9c54ef83c589c31773f1fe0') in 0.080604 seconds
Number of updated asset objects reloaded before import = 0
Number of asset objects unloaded after import = 12
========================================================================
Received Import Request.
  Time since last request: 0.000072 seconds.
  path: Assets/polyperfect/Poly Christmas/Prefabs/Christmas/Candle_Holder_Tall_A_Lit_Christmas.prefab
  artifactKey: Guid(17312e04fa98e0743bfb1716f2bf054e) Importer(815301076,1909f56bfc062723c751e8b465ee728b)
Start importing Assets/polyperfect/Poly Christmas/Prefabs/Christmas/Candle_Holder_Tall_A_Lit_Christmas.prefab using Guid(17312e04fa98e0743bfb1716f2bf054e) Importer(815301076,1909f56bfc062723c751e8b465ee728b)  -> (artifact id: 'b20c8abdcc7c73a3dcc9266542ee9d04') in 0.074649 seconds
Number of updated asset objects reloaded before import = 0
Number of asset objects unloaded after import = 13
========================================================================
Received Import Request.
  Time since last request: 0.000156 seconds.
  path: Assets/UI Images and Sprites/LaserCutter.png
  artifactKey: Guid(8156c78dbdd6c912ba65b3331faeb45d) Importer(815301076,1909f56bfc062723c751e8b465ee728b)
Start importing Assets/UI Images and Sprites/LaserCutter.png using Guid(8156c78dbdd6c912ba65b3331faeb45d) Importer(815301076,1909f56bfc062723c751e8b465ee728b)  -> (artifact id: 'c8de6f82c1fb0f00860211029cbd4766') in 0.078840 seconds
Number of updated asset objects reloaded before import = 0
Number of asset objects unloaded after import = 3
========================================================================
Received Import Request.
  Time since last request: 0.000061 seconds.
  path: Assets/UI Images and Sprites/PLAYellow.png
  artifactKey: Guid(9711932c9b6efc36889f1eeffcf17209) Importer(815301076,1909f56bfc062723c751e8b465ee728b)
Start importing Assets/UI Images and Sprites/PLAYellow.png using Guid(9711932c9b6efc36889f1eeffcf17209) Importer(815301076,1909f56bfc062723c751e8b465ee728b)  -> (artifact id: 'bfe8040827de471e7cd7615abfe98ad0') in 0.083468 seconds
Number of updated asset objects reloaded before import = 0
Number of asset objects unloaded after import = 3
========================================================================
Received Import Request.
  Time since last request: 0.000064 seconds.
  path: Assets/polyperfect/Poly Christmas/Prefabs/Christmas/Candle_Holder_Tall_B_Lit_Christmas.prefab
  artifactKey: Guid(0cd462eacafc84942b4f577b3f37ef6c) Importer(815301076,1909f56bfc062723c751e8b465ee728b)
Start importing Assets/polyperfect/Poly Christmas/Prefabs/Christmas/Candle_Holder_Tall_B_Lit_Christmas.prefab using Guid(0cd462eacafc84942b4f577b3f37ef6c) Importer(815301076,1909f56bfc062723c751e8b465ee728b)  -> (artifact id: 'b8eb58dc8fa01c07710d62c1b6cf3bc6') in 0.070958 seconds
Number of updated asset objects reloaded before import = 0
Number of asset objects unloaded after import = 13
========================================================================
Received Import Request.
  Time since last request: 0.000054 seconds.
  path: Assets/polyperfect/Poly Christmas/Prefabs/Christmas/Candle_Decorated_Lit_Christmas.prefab
  artifactKey: Guid(1a3e19330166a7f4095032c5de4d8767) Importer(815301076,1909f56bfc062723c751e8b465ee728b)
Start importing Assets/polyperfect/Poly Christmas/Prefabs/Christmas/Candle_Decorated_Lit_Christmas.prefab using Guid(1a3e19330166a7f4095032c5de4d8767) Importer(815301076,1909f56bfc062723c751e8b465ee728b)  -> (artifact id: 'b9ecde8156144461574df8d2f2c68a4d') in 0.071564 seconds
Number of updated asset objects reloaded before import = 0
Number of asset objects unloaded after import = 13
========================================================================
Received Import Request.
  Time since last request: 0.000130 seconds.
  path: Assets/polyperfect/Poly Christmas/Prefabs/Christmas/Candy_Cane.prefab
  artifactKey: Guid(eeddf08d6bf2d9445a90504b31b8a3ed) Importer(815301076,1909f56bfc062723c751e8b465ee728b)
Start importing Assets/polyperfect/Poly Christmas/Prefabs/Christmas/Candy_Cane.prefab using Guid(eeddf08d6bf2d9445a90504b31b8a3ed) Importer(815301076,1909f56bfc062723c751e8b465ee728b)  -> (artifact id: '5180255ef82ac7f292da8a7f0427214d') in 0.073802 seconds
Number of updated asset objects reloaded before import = 0
Number of asset objects unloaded after import = 12
========================================================================
Received Import Request.
  Time since last request: 0.000044 seconds.
  path: Assets/polyperfect/Poly Christmas/Prefabs/Christmas/Bag_Gift_Christmas_B.prefab
  artifactKey: Guid(d57212e3f523e134b88c84664362ce02) Importer(815301076,1909f56bfc062723c751e8b465ee728b)
Start importing Assets/polyperfect/Poly Christmas/Prefabs/Christmas/Bag_Gift_Christmas_B.prefab using Guid(d57212e3f523e134b88c84664362ce02) Importer(815301076,1909f56bfc062723c751e8b465ee728b)  -> (artifact id: '4fd50ded268432f3af4064c14ffb56de') in 0.116718 seconds
Number of updated asset objects reloaded before import = 0
Number of asset objects unloaded after import = 12
========================================================================
Received Import Request.
  Time since last request: 0.000146 seconds.
  path: Assets/polyperfect/Poly Christmas/Prefabs
  artifactKey: Guid(2f0f97661ded029478cf9558fb6d38eb) Importer(815301076,1909f56bfc062723c751e8b465ee728b)
Start importing Assets/polyperfect/Poly Christmas/Prefabs using Guid(2f0f97661ded029478cf9558fb6d38eb) Importer(815301076,1909f56bfc062723c751e8b465ee728b)  -> (artifact id: '427a74a61f25f56fe3cd2798b4158676') in 0.005298 seconds
Number of updated asset objects reloaded before import = 0
Number of asset objects unloaded after import = 0
========================================================================
Received Import Request.
  Time since last request: 0.000339 seconds.
  path: Assets/UI Images and Sprites/PLABlue.png
  artifactKey: Guid(005669df0a6c7eb02af448b32e681486) Importer(815301076,1909f56bfc062723c751e8b465ee728b)
Start importing Assets/UI Images and Sprites/PLABlue.png using Guid(005669df0a6c7eb02af448b32e681486) Importer(815301076,1909f56bfc062723c751e8b465ee728b)  -> (artifact id: 'd178e855d253f7d97adc2fb6cb628db6') in 0.104343 seconds
Number of updated asset objects reloaded before import = 0
Number of asset objects unloaded after import = 3
========================================================================
Received Import Request.
  Time since last request: 0.000100 seconds.
  path: Assets/UI Images and Sprites/ToySteamroller.png
  artifactKey: Guid(19b984a1a90b6aef68a88a049a810dcc) Importer(815301076,1909f56bfc062723c751e8b465ee728b)
Start importing Assets/UI Images and Sprites/ToySteamroller.png using Guid(19b984a1a90b6aef68a88a049a810dcc) Importer(815301076,1909f56bfc062723c751e8b465ee728b)  -> (artifact id: '5516f39ebab39088690103b3abebf920') in 0.077447 seconds
Number of updated asset objects reloaded before import = 0
Number of asset objects unloaded after import = 3
========================================================================
Received Import Request.
  Time since last request: 0.000031 seconds.
  path: Assets/SnowflakePrefab.prefab
  artifactKey: Guid(eb386d3cc7fd60540a8162c619b4e2ef) Importer(815301076,1909f56bfc062723c751e8b465ee728b)
Start importing Assets/SnowflakePrefab.prefab using Guid(eb386d3cc7fd60540a8162c619b4e2ef) Importer(815301076,1909f56bfc062723c751e8b465ee728b)  -> (artifact id: '636bfdb7876cf58dd7fb70ae8695d871') in 0.017063 seconds
Number of updated asset objects reloaded before import = 0
Number of asset objects unloaded after import = 6
========================================================================
Received Import Request.
  Time since last request: 0.000049 seconds.
  path: Assets/polyperfect/Poly Christmas/Prefabs/Christmas/Candle_Holder_Short_A_Lit_Christmas.prefab
  artifactKey: Guid(5fa7736411867ff43b515b0edbb411b5) Importer(815301076,1909f56bfc062723c751e8b465ee728b)
Start importing Assets/polyperfect/Poly Christmas/Prefabs/Christmas/Candle_Holder_Short_A_Lit_Christmas.prefab using Guid(5fa7736411867ff43b515b0edbb411b5) Importer(815301076,1909f56bfc062723c751e8b465ee728b)  -> (artifact id: '573e38df40a82521429f61583e2743b4') in 0.090788 seconds
Number of updated asset objects reloaded before import = 0
Number of asset objects unloaded after import = 12
========================================================================
Received Import Request.
  Time since last request: 0.000049 seconds.
  path: Assets/polyperfect/Poly Christmas/Prefabs/Christmas/Bell_A_Christmas.prefab
  artifactKey: Guid(bbd720a4a3b378b44a45d901c79582c8) Importer(815301076,1909f56bfc062723c751e8b465ee728b)
Start importing Assets/polyperfect/Poly Christmas/Prefabs/Christmas/Bell_A_Christmas.prefab using Guid(bbd720a4a3b378b44a45d901c79582c8) Importer(815301076,1909f56bfc062723c751e8b465ee728b)  -> (artifact id: '262297e891a512314e3862539fa69d5f') in 0.083753 seconds
Number of updated asset objects reloaded before import = 0
Number of asset objects unloaded after import = 12
========================================================================
Received Import Request.
  Time since last request: 0.000110 seconds.
  path: Assets/UI Images and Sprites/ToyBoat.png
  artifactKey: Guid(1cb4b76d482d819a1b7ec07111b33de4) Importer(815301076,1909f56bfc062723c751e8b465ee728b)
Start importing Assets/UI Images and Sprites/ToyBoat.png using Guid(1cb4b76d482d819a1b7ec07111b33de4) Importer(815301076,1909f56bfc062723c751e8b465ee728b)  -> (artifact id: 'd07d27ad7b256e3680b5cb82bc8e080e') in 0.086454 seconds
Number of updated asset objects reloaded before import = 0
Number of asset objects unloaded after import = 3
========================================================================
Received Import Request.
  Time since last request: 3.166806 seconds.
  path: Assets/polyperfect/Poly Christmas/_Demo Scenes
  artifactKey: Guid(61db662fe333e24429d7acbe7b873dcc) Importer(815301076,1909f56bfc062723c751e8b465ee728b)
Start importing Assets/polyperfect/Poly Christmas/_Demo Scenes using Guid(61db662fe333e24429d7acbe7b873dcc) Importer(815301076,1909f56bfc062723c751e8b465ee728b)  -> (artifact id: 'a16df9c5986b9ee6dac6534806d41492') in 0.001114 seconds
Number of updated asset objects reloaded before import = 0
Number of asset objects unloaded after import = 0
========================================================================
Received Import Request.
  Time since last request: 4.329028 seconds.
  path: Assets/polyperfect/Poly Christmas/Prefabs/Christmas/Cracker_Box_Christmas.prefab
  artifactKey: Guid(2c5865b77234166419886bf941cb324b) Importer(815301076,1909f56bfc062723c751e8b465ee728b)
Start importing Assets/polyperfect/Poly Christmas/Prefabs/Christmas/Cracker_Box_Christmas.prefab using Guid(2c5865b77234166419886bf941cb324b) Importer(815301076,1909f56bfc062723c751e8b465ee728b)  -> (artifact id: 'd375ac3ade99537d23d94eeccef3c6ca') in 0.082735 seconds
Number of updated asset objects reloaded before import = 0
Number of asset objects unloaded after import = 12
========================================================================
Received Import Request.
  Time since last request: 0.000039 seconds.
  path: Assets/polyperfect/Poly Christmas/Prefabs/Christmas/Etagere_Christmas_Full.prefab
  artifactKey: Guid(18b7ccdc5f826bf4d9804ef5fd3f9a18) Importer(815301076,1909f56bfc062723c751e8b465ee728b)
Start importing Assets/polyperfect/Poly Christmas/Prefabs/Christmas/Etagere_Christmas_Full.prefab using Guid(18b7ccdc5f826bf4d9804ef5fd3f9a18) Importer(815301076,1909f56bfc062723c751e8b465ee728b)  -> (artifact id: '64d213c8243e19a2e0fe52bfb48ea967') in 0.078892 seconds
Number of updated asset objects reloaded before import = 0
Number of asset objects unloaded after import = 12
========================================================================
Received Import Request.
  Time since last request: 0.000029 seconds.
  path: Assets/polyperfect/Poly Christmas/Prefabs/Christmas/Gift_Christmas_Cube_Open_Base.prefab
  artifactKey: Guid(444450ae4b22e2449ab1cd7c0df5f24f) Importer(815301076,1909f56bfc062723c751e8b465ee728b)
Start importing Assets/polyperfect/Poly Christmas/Prefabs/Christmas/Gift_Christmas_Cube_Open_Base.prefab using Guid(444450ae4b22e2449ab1cd7c0df5f24f) Importer(815301076,1909f56bfc062723c751e8b465ee728b)  -> (artifact id: 'c611349f72a64a43f9bc08a614bb062a') in 0.067818 seconds
Number of updated asset objects reloaded before import = 0
Number of asset objects unloaded after import = 12
========================================================================
Received Import Request.
  Time since last request: 0.000034 seconds.
  path: Assets/polyperfect/Poly Christmas/Prefabs/Christmas/Fish_Carp.prefab
  artifactKey: Guid(f414741cd310cc54d94c141896f3e162) Importer(815301076,1909f56bfc062723c751e8b465ee728b)
Start importing Assets/polyperfect/Poly Christmas/Prefabs/Christmas/Fish_Carp.prefab using Guid(f414741cd310cc54d94c141896f3e162) Importer(815301076,1909f56bfc062723c751e8b465ee728b)  -> (artifact id: '4d375b55b67b982d7e8104e5f7ba8f39') in 0.083284 seconds
Number of updated asset objects reloaded before import = 0
Number of asset objects unloaded after import = 12
========================================================================
Received Import Request.
  Time since last request: 0.000105 seconds.
  path: Assets/polyperfect/Poly Christmas/Prefabs/Christmas/Gift_Christmas_Cube_Open_Lid.prefab
  artifactKey: Guid(5131c3b3132b02243bcd85c9af31c1aa) Importer(815301076,1909f56bfc062723c751e8b465ee728b)
Start importing Assets/polyperfect/Poly Christmas/Prefabs/Christmas/Gift_Christmas_Cube_Open_Lid.prefab using Guid(5131c3b3132b02243bcd85c9af31c1aa) Importer(815301076,1909f56bfc062723c751e8b465ee728b)  -> (artifact id: '441c2669198b3fd82fa3dce1706c54bb') in 0.061701 seconds
Number of updated asset objects reloaded before import = 0
Number of asset objects unloaded after import = 12
========================================================================
Received Import Request.
  Time since last request: 0.000026 seconds.
  path: Assets/polyperfect/Poly Christmas/Prefabs/Christmas/Fireplace_Brick.prefab
  artifactKey: Guid(81265ddbc3448b14ca65226680d42830) Importer(815301076,1909f56bfc062723c751e8b465ee728b)
Start importing Assets/polyperfect/Poly Christmas/Prefabs/Christmas/Fireplace_Brick.prefab using Guid(81265ddbc3448b14ca65226680d42830) Importer(815301076,1909f56bfc062723c751e8b465ee728b)  -> (artifact id: '712bdafb0a8fa6e507da8e69df25ed99') in 0.062919 seconds
Number of updated asset objects reloaded before import = 0
Number of asset objects unloaded after import = 12
========================================================================
Received Import Request.
  Time since last request: 0.000026 seconds.
  path: Assets/polyperfect/Poly Christmas/Prefabs/Christmas/Gift_Christmas_Cube_A.prefab
  artifactKey: Guid(0f1f8d44f93c0064f911e8f5fb0d8ed6) Importer(815301076,1909f56bfc062723c751e8b465ee728b)
Start importing Assets/polyperfect/Poly Christmas/Prefabs/Christmas/Gift_Christmas_Cube_A.prefab using Guid(0f1f8d44f93c0064f911e8f5fb0d8ed6) Importer(815301076,1909f56bfc062723c751e8b465ee728b)  -> (artifact id: '49347625150889f6d1baeae79afc07cd') in 0.067682 seconds
Number of updated asset objects reloaded before import = 0
Number of asset objects unloaded after import = 11
========================================================================
Received Import Request.
  Time since last request: 0.000027 seconds.
  path: Assets/polyperfect/Poly Christmas/Prefabs/Christmas/Gift_Christmas_Cylinde_D.prefab
  artifactKey: Guid(429b1d22961f3734cae0cf3202494f5a) Importer(815301076,1909f56bfc062723c751e8b465ee728b)
Start importing Assets/polyperfect/Poly Christmas/Prefabs/Christmas/Gift_Christmas_Cylinde_D.prefab using Guid(429b1d22961f3734cae0cf3202494f5a) Importer(815301076,1909f56bfc062723c751e8b465ee728b)  -> (artifact id: '535196deacde393804bab5ad46651a04') in 0.061233 seconds
Number of updated asset objects reloaded before import = 0
Number of asset objects unloaded after import = 12
========================================================================
Received Import Request.
  Time since last request: 0.000105 seconds.
  path: Assets/polyperfect/Poly Christmas/Prefabs/Christmas/Gift_Christmas_Long_A.prefab
  artifactKey: Guid(ef01a6667944c434bbe2fd2001855cfa) Importer(815301076,1909f56bfc062723c751e8b465ee728b)
Start importing Assets/polyperfect/Poly Christmas/Prefabs/Christmas/Gift_Christmas_Long_A.prefab using Guid(ef01a6667944c434bbe2fd2001855cfa) Importer(815301076,1909f56bfc062723c751e8b465ee728b)  -> (artifact id: '559622c05ca70bfad7871d5b22baf07b') in 0.065367 seconds
Number of updated asset objects reloaded before import = 0
Number of asset objects unloaded after import = 12
========================================================================
Received Import Request.
  Time since last request: 0.000094 seconds.
  path: Assets/polyperfect/Poly Christmas/Prefabs/Christmas/Gift_Christmas_Long_B.prefab
  artifactKey: Guid(904581e9a585b3d4db18b5df811fa541) Importer(815301076,1909f56bfc062723c751e8b465ee728b)
Start importing Assets/polyperfect/Poly Christmas/Prefabs/Christmas/Gift_Christmas_Long_B.prefab using Guid(904581e9a585b3d4db18b5df811fa541) Importer(815301076,1909f56bfc062723c751e8b465ee728b)  -> (artifact id: 'c938b1f6c0023d6541780dee462d34d7') in 0.083829 seconds
Number of updated asset objects reloaded before import = 0
Number of asset objects unloaded after import = 12
========================================================================
Received Import Request.
  Time since last request: 0.000038 seconds.
  path: Assets/polyperfect/Poly Christmas/Prefabs/Christmas/Gift_Christmas_Cylinder_Open_Base.prefab
  artifactKey: Guid(d7b16977a93790d439630add5f3fb771) Importer(815301076,1909f56bfc062723c751e8b465ee728b)
Start importing Assets/polyperfect/Poly Christmas/Prefabs/Christmas/Gift_Christmas_Cylinder_Open_Base.prefab using Guid(d7b16977a93790d439630add5f3fb771) Importer(815301076,1909f56bfc062723c751e8b465ee728b)  -> (artifact id: 'debfad71d8c8af6299c9b3194eb4c696') in 0.065768 seconds
Number of updated asset objects reloaded before import = 0
Number of asset objects unloaded after import = 12
========================================================================
Received Import Request.
  Time since last request: 0.000049 seconds.
  path: Assets/polyperfect/Poly Christmas/Prefabs/Christmas/Cutlery_Spoon_Christmas.prefab
  artifactKey: Guid(126456ebadb2f744ab70493941ed48ba) Importer(815301076,1909f56bfc062723c751e8b465ee728b)
Start importing Assets/polyperfect/Poly Christmas/Prefabs/Christmas/Cutlery_Spoon_Christmas.prefab using Guid(126456ebadb2f744ab70493941ed48ba) Importer(815301076,1909f56bfc062723c751e8b465ee728b)  -> (artifact id: 'b24db418c0fc90c89fa3edd42eb69ed1') in 0.060677 seconds
Number of updated asset objects reloaded before import = 0
Number of asset objects unloaded after import = 12
========================================================================
Received Import Request.
  Time since last request: 0.466078 seconds.
  path: Assets/polyperfect/Poly Christmas/Prefabs/Christmas/Gift_Christmas_Long_C.prefab
  artifactKey: Guid(9e785b17cfba9c84b854d4a92781e1e5) Importer(815301076,1909f56bfc062723c751e8b465ee728b)
Start importing Assets/polyperfect/Poly Christmas/Prefabs/Christmas/Gift_Christmas_Long_C.prefab using Guid(9e785b17cfba9c84b854d4a92781e1e5) Importer(815301076,1909f56bfc062723c751e8b465ee728b)  -> (artifact id: '80c015b1afe76a7efa6755bfbb6a12ab') in 0.068878 seconds
Number of updated asset objects reloaded before import = 0
Number of asset objects unloaded after import = 12
========================================================================
Received Import Request.
  Time since last request: 0.000048 seconds.
  path: Assets/polyperfect/Poly Christmas/Prefabs/Christmas/Gingerbread_Heart_A.prefab
  artifactKey: Guid(ee124429ba354984887a870b7b6c49c3) Importer(815301076,1909f56bfc062723c751e8b465ee728b)
Start importing Assets/polyperfect/Poly Christmas/Prefabs/Christmas/Gingerbread_Heart_A.prefab using Guid(ee124429ba354984887a870b7b6c49c3) Importer(815301076,1909f56bfc062723c751e8b465ee728b)  -> (artifact id: 'bfabfe94a51c09a95f0ec0ee87a51eef') in 0.078041 seconds
Number of updated asset objects reloaded before import = 0
Number of asset objects unloaded after import = 12
========================================================================
Received Import Request.
  Time since last request: 0.000097 seconds.
  path: Assets/polyperfect/Poly Christmas/Prefabs/Christmas/Gingerbread_Man.prefab
  artifactKey: Guid(9248fca4fba178f4da68681920808f50) Importer(815301076,1909f56bfc062723c751e8b465ee728b)
Start importing Assets/polyperfect/Poly Christmas/Prefabs/Christmas/Gingerbread_Man.prefab using Guid(9248fca4fba178f4da68681920808f50) Importer(815301076,1909f56bfc062723c751e8b465ee728b)  -> (artifact id: '956e26d606ed9ed2e890ec7ff590ca88') in 0.070109 seconds
Number of updated asset objects reloaded before import = 0
Number of asset objects unloaded after import = 12
========================================================================
Received Import Request.
  Time since last request: 0.000053 seconds.
  path: Assets/polyperfect/Poly Christmas/Prefabs/Christmas/Gingerbread_Heart_B.prefab
  artifactKey: Guid(4a311c70af69b2b46a31d284dae9aaa8) Importer(815301076,1909f56bfc062723c751e8b465ee728b)
Start importing Assets/polyperfect/Poly Christmas/Prefabs/Christmas/Gingerbread_Heart_B.prefab using Guid(4a311c70af69b2b46a31d284dae9aaa8) Importer(815301076,1909f56bfc062723c751e8b465ee728b)  -> (artifact id: '656c77bb9d4b3424c04987c2897900a6') in 0.079328 seconds
Number of updated asset objects reloaded before import = 0
Number of asset objects unloaded after import = 12
========================================================================
Received Import Request.
  Time since last request: 0.126030 seconds.
  path: Assets/polyperfect/Poly Christmas/Prefabs/Christmas/Gingerbread_Snowflake.prefab
  artifactKey: Guid(7c2517b3b9d989148b69bd24c7ef365f) Importer(815301076,1909f56bfc062723c751e8b465ee728b)
Start importing Assets/polyperfect/Poly Christmas/Prefabs/Christmas/Gingerbread_Snowflake.prefab using Guid(7c2517b3b9d989148b69bd24c7ef365f) Importer(815301076,1909f56bfc062723c751e8b465ee728b)  -> (artifact id: '0c091bcb54710c7bd6073a098349e99c') in 0.062692 seconds
Number of updated asset objects reloaded before import = 0
Number of asset objects unloaded after import = 12
========================================================================
Received Import Request.
  Time since last request: 0.000030 seconds.
  path: Assets/polyperfect/Poly Christmas/Prefabs/Christmas/Gravy_Boat_Christmas.prefab
  artifactKey: Guid(2cd3a92b45007dc44aa52e29299034d3) Importer(815301076,1909f56bfc062723c751e8b465ee728b)
Start importing Assets/polyperfect/Poly Christmas/Prefabs/Christmas/Gravy_Boat_Christmas.prefab using Guid(2cd3a92b45007dc44aa52e29299034d3) Importer(815301076,1909f56bfc062723c751e8b465ee728b)  -> (artifact id: 'ebb254c3b2fae1084bdca9fa840112ea') in 0.067679 seconds
Number of updated asset objects reloaded before import = 0
Number of asset objects unloaded after import = 11
========================================================================
Received Import Request.
  Time since last request: 0.000044 seconds.
  path: Assets/polyperfect/Poly Christmas/Prefabs/Christmas/Gingerbread_Tree.prefab
  artifactKey: Guid(1ff0b8ac0c592754b92634db0ecf7407) Importer(815301076,1909f56bfc062723c751e8b465ee728b)
Start importing Assets/polyperfect/Poly Christmas/Prefabs/Christmas/Gingerbread_Tree.prefab using Guid(1ff0b8ac0c592754b92634db0ecf7407) Importer(815301076,1909f56bfc062723c751e8b465ee728b)  -> (artifact id: '858f19fb47ae2fb1a14e29a28475041e') in 0.073483 seconds
Number of updated asset objects reloaded before import = 0
Number of asset objects unloaded after import = 12
========================================================================
Received Import Request.
  Time since last request: 0.000031 seconds.
  path: Assets/polyperfect/Poly Christmas/Prefabs/Christmas/Gingerbread_Tree_B.prefab
  artifactKey: Guid(4dce7315d2de9c64b8c8a63e92908610) Importer(815301076,1909f56bfc062723c751e8b465ee728b)
Start importing Assets/polyperfect/Poly Christmas/Prefabs/Christmas/Gingerbread_Tree_B.prefab using Guid(4dce7315d2de9c64b8c8a63e92908610) Importer(815301076,1909f56bfc062723c751e8b465ee728b)  -> (artifact id: '79e86a6bcd7bae15cb12be5cc2848d81') in 0.070516 seconds
Number of updated asset objects reloaded before import = 0
Number of asset objects unloaded after import = 12
========================================================================
Received Import Request.
  Time since last request: 0.150462 seconds.
  path: Assets/polyperfect/Poly Christmas/Prefabs/Christmas/Hat_Santa.prefab
  artifactKey: Guid(d0e881a3109fdcf4a850143faf698d76) Importer(815301076,1909f56bfc062723c751e8b465ee728b)
Start importing Assets/polyperfect/Poly Christmas/Prefabs/Christmas/Hat_Santa.prefab using Guid(d0e881a3109fdcf4a850143faf698d76) Importer(815301076,1909f56bfc062723c751e8b465ee728b)  -> (artifact id: '56d4a50a858586c5813ecd2de870e77d') in 0.064122 seconds
Number of updated asset objects reloaded before import = 0
Number of asset objects unloaded after import = 11
========================================================================
Received Import Request.
  Time since last request: 0.000026 seconds.
  path: Assets/polyperfect/Poly Christmas/Prefabs/Christmas/Light_String_Color_Big_3m_Christmas.prefab
  artifactKey: Guid(ab3691c921032cb4cba90f80cf907775) Importer(815301076,1909f56bfc062723c751e8b465ee728b)
Start importing Assets/polyperfect/Poly Christmas/Prefabs/Christmas/Light_String_Color_Big_3m_Christmas.prefab using Guid(ab3691c921032cb4cba90f80cf907775) Importer(815301076,1909f56bfc062723c751e8b465ee728b)  -> (artifact id: '7c59ada8757f8a6d8a2b0e99978208b7') in 0.078182 seconds
Number of updated asset objects reloaded before import = 0
Number of asset objects unloaded after import = 12
========================================================================
Received Import Request.
  Time since last request: 0.000032 seconds.
  path: Assets/polyperfect/Poly Christmas/Prefabs/Christmas/Light_String_White_5m_Christmas.prefab
  artifactKey: Guid(747bd6e850004a14798a291803c5daa4) Importer(815301076,1909f56bfc062723c751e8b465ee728b)
Start importing Assets/polyperfect/Poly Christmas/Prefabs/Christmas/Light_String_White_5m_Christmas.prefab using Guid(747bd6e850004a14798a291803c5daa4) Importer(815301076,1909f56bfc062723c751e8b465ee728b)  -> (artifact id: '3b8957659303b61df42fe0369927e920') in 0.071153 seconds
Number of updated asset objects reloaded before import = 0
Number of asset objects unloaded after import = 12
========================================================================
Received Import Request.
  Time since last request: 0.000068 seconds.
  path: Assets/polyperfect/Poly Christmas/Prefabs/Christmas/Light_String_White_3m_Christmas.prefab
  artifactKey: Guid(e42e48f25e1448b4a992e290f82cd854) Importer(815301076,1909f56bfc062723c751e8b465ee728b)
Start importing Assets/polyperfect/Poly Christmas/Prefabs/Christmas/Light_String_White_3m_Christmas.prefab using Guid(e42e48f25e1448b4a992e290f82cd854) Importer(815301076,1909f56bfc062723c751e8b465ee728b)  -> (artifact id: 'fb68b98445c61ffa5298294bec8ec8fb') in 0.075001 seconds
Number of updated asset objects reloaded before import = 0
Number of asset objects unloaded after import = 12
========================================================================
Received Import Request.
  Time since last request: 0.000099 seconds.
  path: Assets/polyperfect/Poly Christmas/Prefabs/Christmas/Light_String_White_Small_2m_Christmas.prefab
  artifactKey: Guid(2bb6beef5ca3c004db6cd01a8b2edbd4) Importer(815301076,1909f56bfc062723c751e8b465ee728b)
Start importing Assets/polyperfect/Poly Christmas/Prefabs/Christmas/Light_String_White_Small_2m_Christmas.prefab using Guid(2bb6beef5ca3c004db6cd01a8b2edbd4) Importer(815301076,1909f56bfc062723c751e8b465ee728b)  -> (artifact id: '288df8e1051985d21c1a9dbc14617886') in 0.078232 seconds
Number of updated asset objects reloaded before import = 0
Number of asset objects unloaded after import = 12
========================================================================
Received Import Request.
  Time since last request: 0.000065 seconds.
  path: Assets/polyperfect/Poly Christmas/Prefabs/Christmas/Light_String_Color_Big_Vertical_2m_Christmas.prefab
  artifactKey: Guid(30a172a09acf09c4d8c914130842c730) Importer(815301076,1909f56bfc062723c751e8b465ee728b)
Start importing Assets/polyperfect/Poly Christmas/Prefabs/Christmas/Light_String_Color_Big_Vertical_2m_Christmas.prefab using Guid(30a172a09acf09c4d8c914130842c730) Importer(815301076,1909f56bfc062723c751e8b465ee728b)  -> (artifact id: '7f4d2682ce9da31b8543c4a400613b1f') in 0.070488 seconds
Number of updated asset objects reloaded before import = 0
Number of asset objects unloaded after import = 12
========================================================================
Received Import Request.
  Time since last request: 0.000045 seconds.
  path: Assets/polyperfect/Poly Christmas/Prefabs/Christmas/Light_String_White_2m_Christmas.prefab
  artifactKey: Guid(ebaaf098508c5d0498c00258bf1152c7) Importer(815301076,1909f56bfc062723c751e8b465ee728b)
Start importing Assets/polyperfect/Poly Christmas/Prefabs/Christmas/Light_String_White_2m_Christmas.prefab using Guid(ebaaf098508c5d0498c00258bf1152c7) Importer(815301076,1909f56bfc062723c751e8b465ee728b)  -> (artifact id: 'cad3cd5a11ccda94fc148922825d0679') in 0.074641 seconds
Number of updated asset objects reloaded before import = 0
Number of asset objects unloaded after import = 12
========================================================================
Received Import Request.
  Time since last request: 0.000054 seconds.
  path: Assets/polyperfect/Poly Christmas/Prefabs/Christmas/Mince_Pie.prefab
  artifactKey: Guid(4f5c39ef93b182342924a20fdcc0dee0) Importer(815301076,1909f56bfc062723c751e8b465ee728b)
Start importing Assets/polyperfect/Poly Christmas/Prefabs/Christmas/Mince_Pie.prefab using Guid(4f5c39ef93b182342924a20fdcc0dee0) Importer(815301076,1909f56bfc062723c751e8b465ee728b)  -> (artifact id: 'f943893ee2ca1b34a2925d2f08e242e2') in 0.066200 seconds
Number of updated asset objects reloaded before import = 0
Number of asset objects unloaded after import = 12
========================================================================
Received Import Request.
  Time since last request: 0.000030 seconds.
  path: Assets/polyperfect/Poly Christmas/Prefabs/Christmas/Mistletoe_A.prefab
  artifactKey: Guid(ccc795b2310d71845acb838ee5564ef0) Importer(815301076,1909f56bfc062723c751e8b465ee728b)
Start importing Assets/polyperfect/Poly Christmas/Prefabs/Christmas/Mistletoe_A.prefab using Guid(ccc795b2310d71845acb838ee5564ef0) Importer(815301076,1909f56bfc062723c751e8b465ee728b)  -> (artifact id: '475e319b75ac610837771a02708c854a') in 0.080064 seconds
Number of updated asset objects reloaded before import = 0
Number of asset objects unloaded after import = 12
========================================================================
Received Import Request.
  Time since last request: 0.000059 seconds.
  path: Assets/polyperfect/Poly Christmas/Prefabs/Christmas/Plate_Dinner_Christmas.prefab
  artifactKey: Guid(c06df0a04a4be8b42a8061de9105074b) Importer(815301076,1909f56bfc062723c751e8b465ee728b)
Start importing Assets/polyperfect/Poly Christmas/Prefabs/Christmas/Plate_Dinner_Christmas.prefab using Guid(c06df0a04a4be8b42a8061de9105074b) Importer(815301076,1909f56bfc062723c751e8b465ee728b)  -> (artifact id: '2390ed81730d15cb54febf0d6070ca12') in 0.073416 seconds
Number of updated asset objects reloaded before import = 0
Number of asset objects unloaded after import = 12
========================================================================
Received Import Request.
  Time since last request: 0.000038 seconds.
  path: Assets/polyperfect/Poly Christmas/Prefabs/Christmas/Plate_Dinner_Czech_A.prefab
  artifactKey: Guid(83f03c7d3bf7b6a45b1300d2719a3643) Importer(815301076,1909f56bfc062723c751e8b465ee728b)
Start importing Assets/polyperfect/Poly Christmas/Prefabs/Christmas/Plate_Dinner_Czech_A.prefab using Guid(83f03c7d3bf7b6a45b1300d2719a3643) Importer(815301076,1909f56bfc062723c751e8b465ee728b)  -> (artifact id: '3d327e6d3f2069195c5e3c9fd11ae6c9') in 0.070521 seconds
Number of updated asset objects reloaded before import = 0
Number of asset objects unloaded after import = 12
========================================================================
Received Import Request.
  Time since last request: 0.000050 seconds.
  path: Assets/polyperfect/Poly Christmas/Prefabs/Christmas/Light_String_Color_Big_2m_Christmas.prefab
  artifactKey: Guid(f81b5b9799f630241a64a7849e08c2ff) Importer(815301076,1909f56bfc062723c751e8b465ee728b)
Start importing Assets/polyperfect/Poly Christmas/Prefabs/Christmas/Light_String_Color_Big_2m_Christmas.prefab using Guid(f81b5b9799f630241a64a7849e08c2ff) Importer(815301076,1909f56bfc062723c751e8b465ee728b)  -> (artifact id: '268c8058d44f0d276a3023d9efd6d02b') in 0.059948 seconds
Number of updated asset objects reloaded before import = 0
Number of asset objects unloaded after import = 12
========================================================================
Received Import Request.
  Time since last request: 0.574069 seconds.
  path: Assets/polyperfect/Poly Christmas/Prefabs/Christmas/Plate_Dinner_Czech_B.prefab
  artifactKey: Guid(7dc62fa4f5d0c134cb3cf55d08dab295) Importer(815301076,1909f56bfc062723c751e8b465ee728b)
Start importing Assets/polyperfect/Poly Christmas/Prefabs/Christmas/Plate_Dinner_Czech_B.prefab using Guid(7dc62fa4f5d0c134cb3cf55d08dab295) Importer(815301076,1909f56bfc062723c751e8b465ee728b)  -> (artifact id: '76f46e2fe69dfb8431db6fceaa9506f0') in 0.067306 seconds
Number of updated asset objects reloaded before import = 0
Number of asset objects unloaded after import = 12
========================================================================
Received Import Request.
  Time since last request: 0.000023 seconds.
  path: Assets/polyperfect/Poly Christmas/Prefabs/Christmas/Serving_Pot_Christmas.prefab
  artifactKey: Guid(b0ab8912fcaa34742983e0094d0bac26) Importer(815301076,1909f56bfc062723c751e8b465ee728b)
Start importing Assets/polyperfect/Poly Christmas/Prefabs/Christmas/Serving_Pot_Christmas.prefab using Guid(b0ab8912fcaa34742983e0094d0bac26) Importer(815301076,1909f56bfc062723c751e8b465ee728b)  -> (artifact id: '63d2f16af464c9938c882eb781511c09') in 0.067417 seconds
Number of updated asset objects reloaded before import = 0
Number of asset objects unloaded after import = 20
========================================================================
Received Import Request.
  Time since last request: 0.000038 seconds.
  path: Assets/polyperfect/Poly Christmas/Prefabs/Christmas/Santa_Milk_And_Cookies.prefab
  artifactKey: Guid(a91077f17ad7b8541aeae6c833eff1e7) Importer(815301076,1909f56bfc062723c751e8b465ee728b)
Start importing Assets/polyperfect/Poly Christmas/Prefabs/Christmas/Santa_Milk_And_Cookies.prefab using Guid(a91077f17ad7b8541aeae6c833eff1e7) Importer(815301076,1909f56bfc062723c751e8b465ee728b)  -> (artifact id: '72934fc4ad1f2ce7b8e6cd67a1cec817') in 0.834321 seconds
Number of updated asset objects reloaded before import = 0
Number of asset objects unloaded after import = 13
========================================================================
Received Import Request.
  Time since last request: 0.000048 seconds.
  path: Assets/polyperfect/Poly Christmas/Prefabs/Christmas/Snowman_B.prefab
  artifactKey: Guid(79d61fb0d3f35714ea0a927bab7fb91f) Importer(815301076,1909f56bfc062723c751e8b465ee728b)
Start importing Assets/polyperfect/Poly Christmas/Prefabs/Christmas/Snowman_B.prefab using Guid(79d61fb0d3f35714ea0a927bab7fb91f) Importer(815301076,1909f56bfc062723c751e8b465ee728b)  -> (artifact id: '04ae26eb782600e3dba983f05ae0561d') in 0.093855 seconds
Number of updated asset objects reloaded before import = 0
Number of asset objects unloaded after import = 12
========================================================================
Received Import Request.
  Time since last request: 0.000042 seconds.
  path: Assets/polyperfect/Poly Christmas/Prefabs/Christmas/Tree_Christmas_Ball.prefab
  artifactKey: Guid(0b7522220f7fb6f4591627b0456c6ad2) Importer(815301076,1909f56bfc062723c751e8b465ee728b)
Start importing Assets/polyperfect/Poly Christmas/Prefabs/Christmas/Tree_Christmas_Ball.prefab using Guid(0b7522220f7fb6f4591627b0456c6ad2) Importer(815301076,1909f56bfc062723c751e8b465ee728b)  -> (artifact id: '76826791ece7ea29508697d451669955') in 0.081156 seconds
Number of updated asset objects reloaded before import = 0
Number of asset objects unloaded after import = 12
========================================================================
Received Import Request.
  Time since last request: 0.000045 seconds.
  path: Assets/polyperfect/Poly Christmas/Prefabs/Christmas/Table_Christmas_Dinner_English.prefab
  artifactKey: Guid(1b1c580947b96324f81a7751d73caf16) Importer(815301076,1909f56bfc062723c751e8b465ee728b)
Start importing Assets/polyperfect/Poly Christmas/Prefabs/Christmas/Table_Christmas_Dinner_English.prefab using Guid(1b1c580947b96324f81a7751d73caf16) Importer(815301076,1909f56bfc062723c751e8b465ee728b)  -> (artifact id: 'f3b416997b3e0c3f5a5fd4c40cf4d8ae') in 0.113103 seconds
Number of updated asset objects reloaded before import = 0
Number of asset objects unloaded after import = 360
========================================================================
Received Import Request.
  Time since last request: 0.000030 seconds.
  path: Assets/polyperfect/Poly Christmas/Prefabs/Christmas/Toy_Teddy_Bear_B.prefab
  artifactKey: Guid(07d61397d577553488ad3d51879c865d) Importer(815301076,1909f56bfc062723c751e8b465ee728b)
Start importing Assets/polyperfect/Poly Christmas/Prefabs/Christmas/Toy_Teddy_Bear_B.prefab using Guid(07d61397d577553488ad3d51879c865d) Importer(815301076,1909f56bfc062723c751e8b465ee728b)  -> (artifact id: 'a51b6a4380d855755c65bb8d9e1ed405') in 0.069991 seconds
Number of updated asset objects reloaded before import = 0
Number of asset objects unloaded after import = 12
========================================================================
Received Import Request.
  Time since last request: 0.000047 seconds.
  path: Assets/polyperfect/Poly Christmas/Prefabs/Christmas/Toy_Train.prefab
  artifactKey: Guid(f6aeb3670d1285f41846a506e9d6b48a) Importer(815301076,1909f56bfc062723c751e8b465ee728b)
Start importing Assets/polyperfect/Poly Christmas/Prefabs/Christmas/Toy_Train.prefab using Guid(f6aeb3670d1285f41846a506e9d6b48a) Importer(815301076,1909f56bfc062723c751e8b465ee728b)  -> (artifact id: '5fb80b7ce8d413f86206ebe7ddb23ade') in 0.070224 seconds
Number of updated asset objects reloaded before import = 0
Number of asset objects unloaded after import = 32
========================================================================
Received Import Request.
  Time since last request: 0.000043 seconds.
  path: Assets/polyperfect/Poly Christmas/Prefabs/Christmas/Sleigh_Wooden.prefab
  artifactKey: Guid(b07b226a4007b804e8041ba51687016d) Importer(815301076,1909f56bfc062723c751e8b465ee728b)
Start importing Assets/polyperfect/Poly Christmas/Prefabs/Christmas/Sleigh_Wooden.prefab using Guid(b07b226a4007b804e8041ba51687016d) Importer(815301076,1909f56bfc062723c751e8b465ee728b)  -> (artifact id: '0eb9678b4c88cad797fad408cd234264') in 0.072733 seconds
Number of updated asset objects reloaded before import = 0
Number of asset objects unloaded after import = 12
========================================================================
Received Import Request.
  Time since last request: 0.000033 seconds.
  path: Assets/polyperfect/Poly Christmas/Prefabs/Christmas/Table_Dinner_Christmas.prefab
  artifactKey: Guid(1cf69fe270dbb0b4d86c5e11c50550bc) Importer(815301076,1909f56bfc062723c751e8b465ee728b)
Start importing Assets/polyperfect/Poly Christmas/Prefabs/Christmas/Table_Dinner_Christmas.prefab using Guid(1cf69fe270dbb0b4d86c5e11c50550bc) Importer(815301076,1909f56bfc062723c751e8b465ee728b)  -> (artifact id: '42b7a8f057babeee2e87c2e4a0491122') in 0.072467 seconds
Number of updated asset objects reloaded before import = 0
Number of asset objects unloaded after import = 12
========================================================================
Received Import Request.
  Time since last request: 0.000040 seconds.
  path: Assets/polyperfect/Poly Christmas/Prefabs/Christmas/Snowman_A.prefab
  artifactKey: Guid(d9514d19d7e5322418ca8534967ba021) Importer(815301076,1909f56bfc062723c751e8b465ee728b)
Start importing Assets/polyperfect/Poly Christmas/Prefabs/Christmas/Snowman_A.prefab using Guid(d9514d19d7e5322418ca8534967ba021) Importer(815301076,1909f56bfc062723c751e8b465ee728b)  -> (artifact id: 'a88369b4c2230f3ae122cd9f70a97c3a') in 0.072119 seconds
Number of updated asset objects reloaded before import = 0
Number of asset objects unloaded after import = 12
========================================================================
Received Import Request.
  Time since last request: 14.520405 seconds.
  path: Assets/Scenes
  artifactKey: Guid(ee316db6027b9bc4d93accbf18fe2f7a) Importer(815301076,1909f56bfc062723c751e8b465ee728b)
Start importing Assets/Scenes using Guid(ee316db6027b9bc4d93accbf18fe2f7a) Importer(815301076,1909f56bfc062723c751e8b465ee728b)  -> (artifact id: '1a55876f93df1d8009c5be3ced384c1f') in 0.001511 seconds
Number of updated asset objects reloaded before import = 0
Number of asset objects unloaded after import = 0
========================================================================
Received Import Request.
  Time since last request: 1.250618 seconds.
  path: Assets/Scenes/Load-in.unity
  artifactKey: Guid(2184540b3f120ba44b7ac02f0a0ae314) Importer(815301076,1909f56bfc062723c751e8b465ee728b)
Start importing Assets/Scenes/Load-in.unity using Guid(2184540b3f120ba44b7ac02f0a0ae314) Importer(815301076,1909f56bfc062723c751e8b465ee728b)  -> (artifact id: 'a01f007685163040a38fe0e90f6e24cd') in 0.000713 seconds
Number of updated asset objects reloaded before import = 0
Number of asset objects unloaded after import = 0
========================================================================
Received Prepare
Begin MonoManager ReloadAssembly
- Loaded All Assemblies, in  1.505 seconds
Refreshing native plugins compatible for Editor in 10.92 ms, found 3 plugins.
Native extension for WindowsStandalone target not found
Native extension for WebGL target not found
[Package Manager] Server::EnsureServerProcessIsRunning -- launch failed, reason: Unity was launched with the -noUpm command-line argument
[Package Manager] UpmClient::Send -- Unable to send message (not connected to UPM process).
[Package Manager] Cannot connect to Unity Package Manager local server
Mono: successfully reloaded assembly
- Finished resetting the current domain, in  4.857 seconds
Domain Reload Profiling: 6358ms
	BeginReloadAssembly (311ms)
		ExecutionOrderSort (0ms)
		DisableScriptedObjects (8ms)
		BackupInstance (0ms)
		ReleaseScriptingObjects (0ms)
		CreateAndSetChildDomain (76ms)
	RebuildCommonClasses (122ms)
	RebuildNativeTypeToScriptingClass (30ms)
	initialDomainReloadingComplete (58ms)
	LoadAllAssembliesAndSetupDomain (979ms)
		LoadAssemblies (1104ms)
		RebuildTransferFunctionScriptingTraits (0ms)
		AnalyzeDomain (50ms)
			TypeCache.Refresh (15ms)
				TypeCache.ScanAssembly (0ms)
			ScanForSourceGeneratedMonoScriptInfo (0ms)
			ResolveRequiredComponents (31ms)
	FinalizeReload (4859ms)
		ReleaseScriptCaches (0ms)
		RebuildScriptCaches (0ms)
		SetupLoadedEditorAssemblies (2485ms)
			LogAssemblyErrors (0ms)
			InitializePlatformSupportModulesInManaged (28ms)
			SetLoadedEditorAssemblies (13ms)
			RefreshPlugins (0ms)
			BeforeProcessingInitializeOnLoad (215ms)
			ProcessInitializeOnLoadAttributes (2088ms)
			ProcessInitializeOnLoadMethodAttributes (115ms)
			AfterProcessingInitializeOnLoad (26ms)
			EditorAssembliesLoaded (1ms)
		ExecutionOrderSort2 (0ms)
		AwakeInstancesAfterBackupRestoration (31ms)
Refreshing native plugins compatible for Editor in 42.11 ms, found 3 plugins.
Preloading 0 native plugins for Editor in 0.00 ms.
Unloading 3116 Unused Serialized files (Serialized files now loaded: 0)
Unloading 24 unused Assets / (31.6 KB). Loaded Objects now: 3617.
Memory consumption went from 121.6 MB to 121.5 MB.
Total: 25.126500 ms (FindLiveObjects: 1.679500 ms CreateObjectMapping: 0.893900 ms MarkObjects: 22.277800 ms  DeleteObjects: 0.269000 ms)

Prepare: number of updated asset objects reloaded= 0
AssetImportParameters requested are different than current active one (requested -> active):
  custom:container-demuxer-ogg: 62fdf1f143b41e24485cea50d1cbac27 -> 
  custom:video-decoder-ogg-theora: a1e56fd34408186e4bbccfd4996cb3dc -> 
  custom:framework-win-MediaFoundation: 216162199b28c13a410421893ffa2e32 -> 
  custom:CustomObjectIndexerAttribute: 756ad292c208cfabdd7b50bc23989ffe -> 
  custom:container-demuxer-webm: 4f35f7cbe854078d1ac9338744f61a02 -> 
  custom:container-muxer-webm: aa71ff27fc2769a1b78a27578f13a17b -> 
  custom:video-decoder-webm-vp8: 9c59270c3fd7afecdb556c50c9e8de78 -> 
  custom:SearchIndexIgnoredProperties: e643bd26f0fe6173181afceb89e7c659 -> 
  custom:AudioImporter_EditorPlatform: d09bf68614088b80899f8185d706f6e7 -> 
  custom:video-encoder-webm-vp8: eb34c28f22e8b96e1ab97ce403110664 -> 
  custom:audio-decoder-ogg-vorbis: bf7c407c2cedff20999df2af8eb42d56 -> 
  custom:audio-encoder-webm-vorbis: bf7c407c2cedff20999df2af8eb42d56 -> 
========================================================================
Received Prepare
Begin MonoManager ReloadAssembly
- Loaded All Assemblies, in  0.778 seconds
Refreshing native plugins compatible for Editor in 6.61 ms, found 3 plugins.
Native extension for WindowsStandalone target not found
Native extension for WebGL target not found
[Package Manager] Server::EnsureServerProcessIsRunning -- launch failed, reason: Unity was launched with the -noUpm command-line argument
[Package Manager] UpmClient::Send -- Unable to send message (not connected to UPM process).
[Package Manager] Cannot connect to Unity Package Manager local server
Mono: successfully reloaded assembly
- Finished resetting the current domain, in  3.794 seconds
Domain Reload Profiling: 4568ms
	BeginReloadAssembly (267ms)
		ExecutionOrderSort (0ms)
		DisableScriptedObjects (10ms)
		BackupInstance (0ms)
		ReleaseScriptingObjects (0ms)
		CreateAndSetChildDomain (54ms)
	RebuildCommonClasses (51ms)
	RebuildNativeTypeToScriptingClass (17ms)
	initialDomainReloadingComplete (53ms)
	LoadAllAssembliesAndSetupDomain (383ms)
		LoadAssemblies (507ms)
		RebuildTransferFunctionScriptingTraits (0ms)
		AnalyzeDomain (32ms)
			TypeCache.Refresh (18ms)
				TypeCache.ScanAssembly (0ms)
			ScanForSourceGeneratedMonoScriptInfo (0ms)
			ResolveRequiredComponents (10ms)
	FinalizeReload (3796ms)
		ReleaseScriptCaches (0ms)
		RebuildScriptCaches (0ms)
		SetupLoadedEditorAssemblies (2358ms)
			LogAssemblyErrors (0ms)
			InitializePlatformSupportModulesInManaged (33ms)
			SetLoadedEditorAssemblies (16ms)
			RefreshPlugins (0ms)
			BeforeProcessingInitializeOnLoad (268ms)
			ProcessInitializeOnLoadAttributes (1906ms)
			ProcessInitializeOnLoadMethodAttributes (93ms)
			AfterProcessingInitializeOnLoad (40ms)
			EditorAssembliesLoaded (1ms)
		ExecutionOrderSort2 (0ms)
		AwakeInstancesAfterBackupRestoration (42ms)
Refreshing native plugins compatible for Editor in 18.81 ms, found 3 plugins.
Preloading 0 native plugins for Editor in 0.00 ms.
Unloading 3117 Unused Serialized files (Serialized files now loaded: 0)
Unloading 24 unused Assets / (31.6 KB). Loaded Objects now: 3620.
Memory consumption went from 121.8 MB to 121.8 MB.
Total: 8.805600 ms (FindLiveObjects: 1.429300 ms CreateObjectMapping: 0.902700 ms MarkObjects: 6.298200 ms  DeleteObjects: 0.172500 ms)

Prepare: number of updated asset objects reloaded= 0
AssetImportParameters requested are different than current active one (requested -> active):
  custom:container-demuxer-ogg: 62fdf1f143b41e24485cea50d1cbac27 -> 
  custom:video-decoder-ogg-theora: a1e56fd34408186e4bbccfd4996cb3dc -> 
  custom:framework-win-MediaFoundation: 216162199b28c13a410421893ffa2e32 -> 
  custom:CustomObjectIndexerAttribute: 756ad292c208cfabdd7b50bc23989ffe -> 
  custom:container-demuxer-webm: 4f35f7cbe854078d1ac9338744f61a02 -> 
  custom:container-muxer-webm: aa71ff27fc2769a1b78a27578f13a17b -> 
  custom:video-decoder-webm-vp8: 9c59270c3fd7afecdb556c50c9e8de78 -> 
  custom:SearchIndexIgnoredProperties: e643bd26f0fe6173181afceb89e7c659 -> 
  custom:AudioImporter_EditorPlatform: d09bf68614088b80899f8185d706f6e7 -> 
  custom:video-encoder-webm-vp8: eb34c28f22e8b96e1ab97ce403110664 -> 
  custom:audio-decoder-ogg-vorbis: bf7c407c2cedff20999df2af8eb42d56 -> 
  custom:audio-encoder-webm-vorbis: bf7c407c2cedff20999df2af8eb42d56 -> 
========================================================================
Received Prepare
Begin MonoManager ReloadAssembly
- Loaded All Assemblies, in  0.811 seconds
Refreshing native plugins compatible for Editor in 9.33 ms, found 3 plugins.
Native extension for WindowsStandalone target not found
Native extension for WebGL target not found
[Package Manager] Server::EnsureServerProcessIsRunning -- launch failed, reason: Unity was launched with the -noUpm command-line argument
[Package Manager] UpmClient::Send -- Unable to send message (not connected to UPM process).
[Package Manager] Cannot connect to Unity Package Manager local server
Mono: successfully reloaded assembly
- Finished resetting the current domain, in  3.922 seconds
Domain Reload Profiling: 4729ms
	BeginReloadAssembly (296ms)
		ExecutionOrderSort (0ms)
		DisableScriptedObjects (8ms)
		BackupInstance (0ms)
		ReleaseScriptingObjects (0ms)
		CreateAndSetChildDomain (57ms)
	RebuildCommonClasses (55ms)
	RebuildNativeTypeToScriptingClass (26ms)
	initialDomainReloadingComplete (42ms)
	LoadAllAssembliesAndSetupDomain (386ms)
		LoadAssemblies (541ms)
		RebuildTransferFunctionScriptingTraits (0ms)
		AnalyzeDomain (26ms)
			TypeCache.Refresh (12ms)
				TypeCache.ScanAssembly (0ms)
			ScanForSourceGeneratedMonoScriptInfo (0ms)
			ResolveRequiredComponents (11ms)
	FinalizeReload (3924ms)
		ReleaseScriptCaches (0ms)
		RebuildScriptCaches (0ms)
		SetupLoadedEditorAssemblies (2353ms)
			LogAssemblyErrors (0ms)
			InitializePlatformSupportModulesInManaged (31ms)
			SetLoadedEditorAssemblies (14ms)
			RefreshPlugins (0ms)
			BeforeProcessingInitializeOnLoad (224ms)
			ProcessInitializeOnLoadAttributes (1965ms)
			ProcessInitializeOnLoadMethodAttributes (88ms)
			AfterProcessingInitializeOnLoad (30ms)
			EditorAssembliesLoaded (0ms)
		ExecutionOrderSort2 (0ms)
		AwakeInstancesAfterBackupRestoration (35ms)
Refreshing native plugins compatible for Editor in 19.08 ms, found 3 plugins.
Preloading 0 native plugins for Editor in 0.00 ms.
Unloading 3117 Unused Serialized files (Serialized files now loaded: 0)
Unloading 24 unused Assets / (31.6 KB). Loaded Objects now: 3623.
Memory consumption went from 121.8 MB to 121.8 MB.
Total: 7.359300 ms (FindLiveObjects: 0.959200 ms CreateObjectMapping: 0.484100 ms MarkObjects: 5.775500 ms  DeleteObjects: 0.135900 ms)

Prepare: number of updated asset objects reloaded= 0
AssetImportParameters requested are different than current active one (requested -> active):
  custom:container-demuxer-ogg: 62fdf1f143b41e24485cea50d1cbac27 -> 
  custom:video-decoder-ogg-theora: a1e56fd34408186e4bbccfd4996cb3dc -> 
  custom:framework-win-MediaFoundation: 216162199b28c13a410421893ffa2e32 -> 
  custom:CustomObjectIndexerAttribute: 756ad292c208cfabdd7b50bc23989ffe -> 
  custom:container-demuxer-webm: 4f35f7cbe854078d1ac9338744f61a02 -> 
  custom:container-muxer-webm: aa71ff27fc2769a1b78a27578f13a17b -> 
  custom:video-decoder-webm-vp8: 9c59270c3fd7afecdb556c50c9e8de78 -> 
  custom:SearchIndexIgnoredProperties: e643bd26f0fe6173181afceb89e7c659 -> 
  custom:AudioImporter_EditorPlatform: d09bf68614088b80899f8185d706f6e7 -> 
  custom:video-encoder-webm-vp8: eb34c28f22e8b96e1ab97ce403110664 -> 
  custom:audio-decoder-ogg-vorbis: bf7c407c2cedff20999df2af8eb42d56 -> 
  custom:audio-encoder-webm-vorbis: bf7c407c2cedff20999df2af8eb42d56 -> 
========================================================================
Received Prepare
Begin MonoManager ReloadAssembly
- Loaded All Assemblies, in  0.798 seconds
Refreshing native plugins compatible for Editor in 4.65 ms, found 3 plugins.
Native extension for WindowsStandalone target not found
Native extension for WebGL target not found
[Package Manager] Server::EnsureServerProcessIsRunning -- launch failed, reason: Unity was launched with the -noUpm command-line argument
[Package Manager] UpmClient::Send -- Unable to send message (not connected to UPM process).
[Package Manager] Cannot connect to Unity Package Manager local server
Mono: successfully reloaded assembly
- Finished resetting the current domain, in  5.017 seconds
Domain Reload Profiling: 5820ms
	BeginReloadAssembly (264ms)
		ExecutionOrderSort (0ms)
		DisableScriptedObjects (10ms)
		BackupInstance (0ms)
		ReleaseScriptingObjects (0ms)
		CreateAndSetChildDomain (62ms)
	RebuildCommonClasses (67ms)
	RebuildNativeTypeToScriptingClass (24ms)
	initialDomainReloadingComplete (60ms)
	LoadAllAssembliesAndSetupDomain (379ms)
		LoadAssemblies (495ms)
		RebuildTransferFunctionScriptingTraits (0ms)
		AnalyzeDomain (22ms)
			TypeCache.Refresh (10ms)
				TypeCache.ScanAssembly (0ms)
			ScanForSourceGeneratedMonoScriptInfo (0ms)
			ResolveRequiredComponents (9ms)
	FinalizeReload (5026ms)
		ReleaseScriptCaches (0ms)
		RebuildScriptCaches (0ms)
		SetupLoadedEditorAssemblies (3202ms)
			LogAssemblyErrors (0ms)
			InitializePlatformSupportModulesInManaged (33ms)
			SetLoadedEditorAssemblies (19ms)
			RefreshPlugins (0ms)
			BeforeProcessingInitializeOnLoad (257ms)
			ProcessInitializeOnLoadAttributes (2557ms)
			ProcessInitializeOnLoadMethodAttributes (281ms)
			AfterProcessingInitializeOnLoad (54ms)
			EditorAssembliesLoaded (1ms)
		ExecutionOrderSort2 (0ms)
		AwakeInstancesAfterBackupRestoration (63ms)
Refreshing native plugins compatible for Editor in 34.55 ms, found 3 plugins.
Preloading 0 native plugins for Editor in 0.00 ms.
Unloading 3117 Unused Serialized files (Serialized files now loaded: 0)
Unloading 24 unused Assets / (31.6 KB). Loaded Objects now: 3626.
Memory consumption went from 121.8 MB to 121.8 MB.
Total: 15.933500 ms (FindLiveObjects: 1.015700 ms CreateObjectMapping: 0.972400 ms MarkObjects: 13.809700 ms  DeleteObjects: 0.128300 ms)

Prepare: number of updated asset objects reloaded= 0
AssetImportParameters requested are different than current active one (requested -> active):
  custom:container-demuxer-ogg: 62fdf1f143b41e24485cea50d1cbac27 -> 
  custom:video-decoder-ogg-theora: a1e56fd34408186e4bbccfd4996cb3dc -> 
  custom:framework-win-MediaFoundation: 216162199b28c13a410421893ffa2e32 -> 
  custom:CustomObjectIndexerAttribute: 756ad292c208cfabdd7b50bc23989ffe -> 
  custom:container-demuxer-webm: 4f35f7cbe854078d1ac9338744f61a02 -> 
  custom:container-muxer-webm: aa71ff27fc2769a1b78a27578f13a17b -> 
  custom:video-decoder-webm-vp8: 9c59270c3fd7afecdb556c50c9e8de78 -> 
  custom:SearchIndexIgnoredProperties: e643bd26f0fe6173181afceb89e7c659 -> 
  custom:AudioImporter_EditorPlatform: d09bf68614088b80899f8185d706f6e7 -> 
  custom:video-encoder-webm-vp8: eb34c28f22e8b96e1ab97ce403110664 -> 
  custom:audio-decoder-ogg-vorbis: bf7c407c2cedff20999df2af8eb42d56 -> 
  custom:audio-encoder-webm-vorbis: bf7c407c2cedff20999df2af8eb42d56 -> 
========================================================================
Received Import Request.
  Time since last request: 305.632940 seconds.
  path: Assets/Scenes/Play.unity
  artifactKey: Guid(9fc0d4010bbf28b4594072e72b8655ab) Importer(815301076,1909f56bfc062723c751e8b465ee728b)
Start importing Assets/Scenes/Play.unity using Guid(9fc0d4010bbf28b4594072e72b8655ab) Importer(815301076,1909f56bfc062723c751e8b465ee728b)  -> (artifact id: 'b2844d9f085e9b68d3f65789820382b6') in 0.006211 seconds
Number of updated asset objects reloaded before import = 0
Number of asset objects unloaded after import = 0
========================================================================
Received Import Request.
  Time since last request: 1378.781176 seconds.
  path: Assets
  artifactKey: Guid(00000000000000001000000000000000) Importer(815301076,1909f56bfc062723c751e8b465ee728b)
Start importing Assets using Guid(00000000000000001000000000000000) Importer(815301076,1909f56bfc062723c751e8b465ee728b)  -> (artifact id: '8a4fe85251aa2e89732c359432baa2c3') in 0.003824 seconds
Number of updated asset objects reloaded before import = 0
Number of asset objects unloaded after import = 0
========================================================================
Received Import Request.
  Time since last request: 6.309670 seconds.
  path: Assets/Mats
  artifactKey: Guid(e99edb760e1068142a1a3ec9d1cc44cd) Importer(815301076,1909f56bfc062723c751e8b465ee728b)
Start importing Assets/Mats using Guid(e99edb760e1068142a1a3ec9d1cc44cd) Importer(815301076,1909f56bfc062723c751e8b465ee728b)  -> (artifact id: 'a4b7159f4a98c75f4b6b9e91ecad7d11') in 0.001767 seconds
Number of updated asset objects reloaded before import = 0
Number of asset objects unloaded after import = 0
========================================================================
Received Import Request.
  Time since last request: 9.031799 seconds.
  path: Assets/Mats/New Material.mat
  artifactKey: Guid(66573ff9fb4c5044ba6a569b34e45e7a) Importer(815301076,1909f56bfc062723c751e8b465ee728b)
Start importing Assets/Mats/New Material.mat using Guid(66573ff9fb4c5044ba6a569b34e45e7a) Importer(815301076,1909f56bfc062723c751e8b465ee728b)  -> (artifact id: '31a84621973325bbbde722a7de7d1dbe') in 0.595607 seconds
Number of updated asset objects reloaded before import = 0
Number of asset objects unloaded after import = 1
========================================================================
Received Import Request.
  Time since last request: 266.001402 seconds.
  path: Assets/Mats/New Material.mat
  artifactKey: Guid(66573ff9fb4c5044ba6a569b34e45e7a) Importer(815301076,1909f56bfc062723c751e8b465ee728b)
Start importing Assets/Mats/New Material.mat using Guid(66573ff9fb4c5044ba6a569b34e45e7a) Importer(815301076,1909f56bfc062723c751e8b465ee728b)  -> (artifact id: '645644190ac8376b3e161f6001efbf27') in 0.046483 seconds
Number of updated asset objects reloaded before import = 0
Number of asset objects unloaded after import = 1
========================================================================
Received Import Request.
  Time since last request: 557.345160 seconds.
  path: Assets/Mats/New Material 1.mat
  artifactKey: Guid(44b104de378145746abee184d58e4c9d) Importer(815301076,1909f56bfc062723c751e8b465ee728b)
Start importing Assets/Mats/New Material 1.mat using Guid(44b104de378145746abee184d58e4c9d) Importer(815301076,1909f56bfc062723c751e8b465ee728b)  -> (artifact id: '44a0519f146a896262f52ec4ddd5aa9f') in 0.043912 seconds
Number of updated asset objects reloaded before import = 0
Number of asset objects unloaded after import = 1
========================================================================
Received Import Request.
  Time since last request: 789.980084 seconds.
  path: Assets/Mats/New Material.mat
  artifactKey: Guid(66573ff9fb4c5044ba6a569b34e45e7a) Importer(815301076,1909f56bfc062723c751e8b465ee728b)
Start importing Assets/Mats/New Material.mat using Guid(66573ff9fb4c5044ba6a569b34e45e7a) Importer(815301076,1909f56bfc062723c751e8b465ee728b)  -> (artifact id: 'f11518159ada749d59c31cbf3f4dba5a') in 0.069165 seconds
Number of updated asset objects reloaded before import = 0
Number of asset objects unloaded after import = 1
========================================================================
Received Import Request.
  Time since last request: 29.833927 seconds.
  path: Assets/UI Images and Sprites
  artifactKey: Guid(cc984708a2a6f3eccb288186d2b48406) Importer(815301076,1909f56bfc062723c751e8b465ee728b)
Start importing Assets/UI Images and Sprites using Guid(cc984708a2a6f3eccb288186d2b48406) Importer(815301076,1909f56bfc062723c751e8b465ee728b)  -> (artifact id: '39a72fba5d3286b597434b52f6e6c9f2') in 0.001579 seconds
Number of updated asset objects reloaded before import = 0
Number of asset objects unloaded after import = 0
========================================================================
Received Import Request.
  Time since last request: 81.129543 seconds.
  path: Assets/UI Images and Sprites/Materials
  artifactKey: Guid(cc72f7f1cc72f264f8dba0d12ae49503) Importer(815301076,1909f56bfc062723c751e8b465ee728b)
Start importing Assets/UI Images and Sprites/Materials using Guid(cc72f7f1cc72f264f8dba0d12ae49503) Importer(815301076,1909f56bfc062723c751e8b465ee728b)  -> (artifact id: 'ad2e76229344dfe00e63dc41b4f22f30') in 0.001487 seconds
Number of updated asset objects reloaded before import = 0
Number of asset objects unloaded after import = 0
========================================================================
Received Import Request.
  Time since last request: 0.066038 seconds.
  path: Assets/UI Images and Sprites/Materials/LaserCutter.mat
  artifactKey: Guid(6af2dffe612e06f49ad082ef97f46e9b) Importer(815301076,1909f56bfc062723c751e8b465ee728b)
Start importing Assets/UI Images and Sprites/Materials/LaserCutter.mat using Guid(6af2dffe612e06f49ad082ef97f46e9b) Importer(815301076,1909f56bfc062723c751e8b465ee728b)  -> (artifact id: '494c2adc9239f6202371a49cc45f8b43') in 0.083328 seconds
Number of updated asset objects reloaded before import = 0
Number of asset objects unloaded after import = 2
========================================================================
Received Import Request.
  Time since last request: 532.630697 seconds.
  path: Assets/Mats/New Material 2.mat
  artifactKey: Guid(e17fa375d957b57479f12c47ef4c3153) Importer(815301076,1909f56bfc062723c751e8b465ee728b)
Start importing Assets/Mats/New Material 2.mat using Guid(e17fa375d957b57479f12c47ef4c3153) Importer(815301076,1909f56bfc062723c751e8b465ee728b)  -> (artifact id: 'e70d6fdf5192ea82621b4e7c55daa19d') in 0.080192 seconds
Number of updated asset objects reloaded before import = 0
Number of asset objects unloaded after import = 1
========================================================================
Received Import Request.
  Time since last request: 81.853289 seconds.
  path: Assets/Scripts
  artifactKey: Guid(eaf474dd320330242a1d4b51b3d87c44) Importer(815301076,1909f56bfc062723c751e8b465ee728b)
Start importing Assets/Scripts using Guid(eaf474dd320330242a1d4b51b3d87c44) Importer(815301076,1909f56bfc062723c751e8b465ee728b)  -> (artifact id: 'e34115e10e9e48369da3329ce7d41d94') in 0.009200 seconds
Number of updated asset objects reloaded before import = 0
Number of asset objects unloaded after import = 0
========================================================================
Received Prepare
Begin MonoManager ReloadAssembly
- Loaded All Assemblies, in  2.178 seconds
Refreshing native plugins compatible for Editor in 8.45 ms, found 3 plugins.
Native extension for WindowsStandalone target not found
Native extension for WebGL target not found
[Package Manager] Server::EnsureServerProcessIsRunning -- launch failed, reason: Unity was launched with the -noUpm command-line argument
[Package Manager] UpmClient::Send -- Unable to send message (not connected to UPM process).
[Package Manager] Cannot connect to Unity Package Manager local server
Mono: successfully reloaded assembly
- Finished resetting the current domain, in  4.358 seconds
Domain Reload Profiling: 6525ms
	BeginReloadAssembly (811ms)
		ExecutionOrderSort (0ms)
		DisableScriptedObjects (21ms)
		BackupInstance (0ms)
		ReleaseScriptingObjects (0ms)
		CreateAndSetChildDomain (321ms)
	RebuildCommonClasses (114ms)
	RebuildNativeTypeToScriptingClass (37ms)
	initialDomainReloadingComplete (105ms)
	LoadAllAssembliesAndSetupDomain (1098ms)
		LoadAssemblies (1428ms)
		RebuildTransferFunctionScriptingTraits (0ms)
		AnalyzeDomain (40ms)
			TypeCache.Refresh (18ms)
				TypeCache.ScanAssembly (0ms)
			ScanForSourceGeneratedMonoScriptInfo (0ms)
			ResolveRequiredComponents (16ms)
	FinalizeReload (4360ms)
		ReleaseScriptCaches (0ms)
		RebuildScriptCaches (0ms)
		SetupLoadedEditorAssemblies (1565ms)
			LogAssemblyErrors (0ms)
			InitializePlatformSupportModulesInManaged (28ms)
			SetLoadedEditorAssemblies (34ms)
			RefreshPlugins (0ms)
			BeforeProcessingInitializeOnLoad (184ms)
			ProcessInitializeOnLoadAttributes (1256ms)
			ProcessInitializeOnLoadMethodAttributes (47ms)
			AfterProcessingInitializeOnLoad (16ms)
			EditorAssembliesLoaded (0ms)
		ExecutionOrderSort2 (0ms)
		AwakeInstancesAfterBackupRestoration (23ms)
Refreshing native plugins compatible for Editor in 11.68 ms, found 3 plugins.
Preloading 0 native plugins for Editor in 0.00 ms.
Unloading 3116 Unused Serialized files (Serialized files now loaded: 0)
Unloading 24 unused Assets / (31.6 KB). Loaded Objects now: 3662.
Memory consumption went from 121.8 MB to 121.8 MB.
Total: 13.138100 ms (FindLiveObjects: 0.554900 ms CreateObjectMapping: 0.485300 ms MarkObjects: 11.933100 ms  DeleteObjects: 0.160500 ms)

Prepare: number of updated asset objects reloaded= 0
AssetImportParameters requested are different than current active one (requested -> active):
  custom:container-demuxer-ogg: 62fdf1f143b41e24485cea50d1cbac27 -> 
  custom:video-decoder-ogg-theora: a1e56fd34408186e4bbccfd4996cb3dc -> 
  custom:framework-win-MediaFoundation: 216162199b28c13a410421893ffa2e32 -> 
  custom:CustomObjectIndexerAttribute: 756ad292c208cfabdd7b50bc23989ffe -> 
  custom:container-demuxer-webm: 4f35f7cbe854078d1ac9338744f61a02 -> 
  custom:container-muxer-webm: aa71ff27fc2769a1b78a27578f13a17b -> 
  custom:video-decoder-webm-vp8: 9c59270c3fd7afecdb556c50c9e8de78 -> 
  custom:SearchIndexIgnoredProperties: e643bd26f0fe6173181afceb89e7c659 -> 
  custom:AudioImporter_EditorPlatform: d09bf68614088b80899f8185d706f6e7 -> 
  custom:video-encoder-webm-vp8: eb34c28f22e8b96e1ab97ce403110664 -> 
  custom:audio-decoder-ogg-vorbis: bf7c407c2cedff20999df2af8eb42d56 -> 
  custom:audio-encoder-webm-vorbis: bf7c407c2cedff20999df2af8eb42d56 -> 
========================================================================
Received Prepare
Begin MonoManager ReloadAssembly
- Loaded All Assemblies, in  1.525 seconds
Refreshing native plugins compatible for Editor in 15.78 ms, found 3 plugins.
Native extension for WindowsStandalone target not found
Native extension for WebGL target not found
[Package Manager] Server::EnsureServerProcessIsRunning -- launch failed, reason: Unity was launched with the -noUpm command-line argument
[Package Manager] UpmClient::Send -- Unable to send message (not connected to UPM process).
[Package Manager] Cannot connect to Unity Package Manager local server
Mono: successfully reloaded assembly
- Finished resetting the current domain, in  4.207 seconds
Domain Reload Profiling: 5725ms
	BeginReloadAssembly (458ms)
		ExecutionOrderSort (0ms)
		DisableScriptedObjects (15ms)
		BackupInstance (0ms)
		ReleaseScriptingObjects (0ms)
		CreateAndSetChildDomain (94ms)
	RebuildCommonClasses (124ms)
	RebuildNativeTypeToScriptingClass (48ms)
	initialDomainReloadingComplete (106ms)
	LoadAllAssembliesAndSetupDomain (779ms)
		LoadAssemblies (1015ms)
		RebuildTransferFunctionScriptingTraits (0ms)
		AnalyzeDomain (33ms)
			TypeCache.Refresh (14ms)
				TypeCache.ScanAssembly (0ms)
			ScanForSourceGeneratedMonoScriptInfo (0ms)
			ResolveRequiredComponents (16ms)
	FinalizeReload (4210ms)
		ReleaseScriptCaches (0ms)
		RebuildScriptCaches (0ms)
		SetupLoadedEditorAssemblies (2485ms)
			LogAssemblyErrors (0ms)
			InitializePlatformSupportModulesInManaged (29ms)
			SetLoadedEditorAssemblies (21ms)
			RefreshPlugins (0ms)
			BeforeProcessingInitializeOnLoad (243ms)
			ProcessInitializeOnLoadAttributes (2079ms)
			ProcessInitializeOnLoadMethodAttributes (85ms)
			AfterProcessingInitializeOnLoad (28ms)
			EditorAssembliesLoaded (0ms)
		ExecutionOrderSort2 (0ms)
		AwakeInstancesAfterBackupRestoration (34ms)
Refreshing native plugins compatible for Editor in 16.03 ms, found 3 plugins.
Preloading 0 native plugins for Editor in 0.00 ms.
Unloading 3117 Unused Serialized files (Serialized files now loaded: 0)
Unloading 24 unused Assets / (31.6 KB). Loaded Objects now: 3665.
Memory consumption went from 122.1 MB to 122.1 MB.
Total: 10.984200 ms (FindLiveObjects: 1.094200 ms CreateObjectMapping: 0.635000 ms MarkObjects: 9.139900 ms  DeleteObjects: 0.112400 ms)

Prepare: number of updated asset objects reloaded= 0
AssetImportParameters requested are different than current active one (requested -> active):
  custom:container-demuxer-ogg: 62fdf1f143b41e24485cea50d1cbac27 -> 
  custom:video-decoder-ogg-theora: a1e56fd34408186e4bbccfd4996cb3dc -> 
  custom:framework-win-MediaFoundation: 216162199b28c13a410421893ffa2e32 -> 
  custom:CustomObjectIndexerAttribute: 756ad292c208cfabdd7b50bc23989ffe -> 
  custom:container-demuxer-webm: 4f35f7cbe854078d1ac9338744f61a02 -> 
  custom:container-muxer-webm: aa71ff27fc2769a1b78a27578f13a17b -> 
  custom:video-decoder-webm-vp8: 9c59270c3fd7afecdb556c50c9e8de78 -> 
  custom:SearchIndexIgnoredProperties: e643bd26f0fe6173181afceb89e7c659 -> 
  custom:AudioImporter_EditorPlatform: d09bf68614088b80899f8185d706f6e7 -> 
  custom:video-encoder-webm-vp8: eb34c28f22e8b96e1ab97ce403110664 -> 
  custom:audio-decoder-ogg-vorbis: bf7c407c2cedff20999df2af8eb42d56 -> 
  custom:audio-encoder-webm-vorbis: bf7c407c2cedff20999df2af8eb42d56 -> 
========================================================================
Received Prepare
Begin MonoManager ReloadAssembly
- Loaded All Assemblies, in  1.230 seconds
Refreshing native plugins compatible for Editor in 12.58 ms, found 3 plugins.
Native extension for WindowsStandalone target not found
Native extension for WebGL target not found
[Package Manager] Server::EnsureServerProcessIsRunning -- launch failed, reason: Unity was launched with the -noUpm command-line argument
[Package Manager] UpmClient::Send -- Unable to send message (not connected to UPM process).
[Package Manager] Cannot connect to Unity Package Manager local server
Mono: successfully reloaded assembly
- Finished resetting the current domain, in  4.469 seconds
Domain Reload Profiling: 5692ms
	BeginReloadAssembly (386ms)
		ExecutionOrderSort (0ms)
		DisableScriptedObjects (9ms)
		BackupInstance (0ms)
		ReleaseScriptingObjects (0ms)
		CreateAndSetChildDomain (85ms)
	RebuildCommonClasses (96ms)
	RebuildNativeTypeToScriptingClass (32ms)
	initialDomainReloadingComplete (86ms)
	LoadAllAssembliesAndSetupDomain (621ms)
		LoadAssemblies (812ms)
		RebuildTransferFunctionScriptingTraits (0ms)
		AnalyzeDomain (39ms)
			TypeCache.Refresh (16ms)
				TypeCache.ScanAssembly (0ms)
			ScanForSourceGeneratedMonoScriptInfo (1ms)
			ResolveRequiredComponents (20ms)
	FinalizeReload (4471ms)
		ReleaseScriptCaches (0ms)
		RebuildScriptCaches (0ms)
		SetupLoadedEditorAssemblies (2626ms)
			LogAssemblyErrors (0ms)
			InitializePlatformSupportModulesInManaged (33ms)
			SetLoadedEditorAssemblies (15ms)
			RefreshPlugins (0ms)
			BeforeProcessingInitializeOnLoad (281ms)
			ProcessInitializeOnLoadAttributes (2171ms)
			ProcessInitializeOnLoadMethodAttributes (90ms)
			AfterProcessingInitializeOnLoad (36ms)
			EditorAssembliesLoaded (0ms)
		ExecutionOrderSort2 (0ms)
		AwakeInstancesAfterBackupRestoration (36ms)
Refreshing native plugins compatible for Editor in 23.45 ms, found 3 plugins.
Preloading 0 native plugins for Editor in 0.00 ms.
Unloading 3117 Unused Serialized files (Serialized files now loaded: 0)
Unloading 24 unused Assets / (31.7 KB). Loaded Objects now: 3668.
Memory consumption went from 122.1 MB to 122.1 MB.
Total: 11.409300 ms (FindLiveObjects: 0.621700 ms CreateObjectMapping: 1.960600 ms MarkObjects: 8.737300 ms  DeleteObjects: 0.087100 ms)

Prepare: number of updated asset objects reloaded= 0
AssetImportParameters requested are different than current active one (requested -> active):
  custom:container-demuxer-ogg: 62fdf1f143b41e24485cea50d1cbac27 -> 
  custom:video-decoder-ogg-theora: a1e56fd34408186e4bbccfd4996cb3dc -> 
  custom:framework-win-MediaFoundation: 216162199b28c13a410421893ffa2e32 -> 
  custom:CustomObjectIndexerAttribute: 756ad292c208cfabdd7b50bc23989ffe -> 
  custom:container-demuxer-webm: 4f35f7cbe854078d1ac9338744f61a02 -> 
  custom:container-muxer-webm: aa71ff27fc2769a1b78a27578f13a17b -> 
  custom:video-decoder-webm-vp8: 9c59270c3fd7afecdb556c50c9e8de78 -> 
  custom:SearchIndexIgnoredProperties: e643bd26f0fe6173181afceb89e7c659 -> 
  custom:AudioImporter_EditorPlatform: d09bf68614088b80899f8185d706f6e7 -> 
  custom:video-encoder-webm-vp8: eb34c28f22e8b96e1ab97ce403110664 -> 
  custom:audio-decoder-ogg-vorbis: bf7c407c2cedff20999df2af8eb42d56 -> 
  custom:audio-encoder-webm-vorbis: bf7c407c2cedff20999df2af8eb42d56 -> 
========================================================================
Received Prepare
Begin MonoManager ReloadAssembly
- Loaded All Assemblies, in  1.301 seconds
Refreshing native plugins compatible for Editor in 13.31 ms, found 3 plugins.
Native extension for WindowsStandalone target not found
Native extension for WebGL target not found
[Package Manager] Server::EnsureServerProcessIsRunning -- launch failed, reason: Unity was launched with the -noUpm command-line argument
[Package Manager] UpmClient::Send -- Unable to send message (not connected to UPM process).
[Package Manager] Cannot connect to Unity Package Manager local server
Mono: successfully reloaded assembly
- Finished resetting the current domain, in  4.468 seconds
Domain Reload Profiling: 5764ms
	BeginReloadAssembly (414ms)
		ExecutionOrderSort (0ms)
		DisableScriptedObjects (14ms)
		BackupInstance (0ms)
		ReleaseScriptingObjects (0ms)
		CreateAndSetChildDomain (86ms)
	RebuildCommonClasses (101ms)
	RebuildNativeTypeToScriptingClass (33ms)
	initialDomainReloadingComplete (91ms)
	LoadAllAssembliesAndSetupDomain (651ms)
		LoadAssemblies (858ms)
		RebuildTransferFunctionScriptingTraits (0ms)
		AnalyzeDomain (33ms)
			TypeCache.Refresh (12ms)
				TypeCache.ScanAssembly (0ms)
			ScanForSourceGeneratedMonoScriptInfo (0ms)
			ResolveRequiredComponents (18ms)
	FinalizeReload (4473ms)
		ReleaseScriptCaches (0ms)
		RebuildScriptCaches (0ms)
		SetupLoadedEditorAssemblies (2612ms)
			LogAssemblyErrors (0ms)
			InitializePlatformSupportModulesInManaged (39ms)
			SetLoadedEditorAssemblies (20ms)
			RefreshPlugins (0ms)
			BeforeProcessingInitializeOnLoad (260ms)
			ProcessInitializeOnLoadAttributes (2177ms)
			ProcessInitializeOnLoadMethodAttributes (88ms)
			AfterProcessingInitializeOnLoad (26ms)
			EditorAssembliesLoaded (0ms)
		ExecutionOrderSort2 (0ms)
		AwakeInstancesAfterBackupRestoration (33ms)
Refreshing native plugins compatible for Editor in 19.30 ms, found 3 plugins.
Preloading 0 native plugins for Editor in 0.00 ms.
Unloading 3117 Unused Serialized files (Serialized files now loaded: 0)
Unloading 24 unused Assets / (31.7 KB). Loaded Objects now: 3671.
Memory consumption went from 122.1 MB to 122.1 MB.
Total: 9.691200 ms (FindLiveObjects: 0.853400 ms CreateObjectMapping: 0.606300 ms MarkObjects: 8.019200 ms  DeleteObjects: 0.206900 ms)

Prepare: number of updated asset objects reloaded= 0
AssetImportParameters requested are different than current active one (requested -> active):
  custom:container-demuxer-ogg: 62fdf1f143b41e24485cea50d1cbac27 -> 
  custom:video-decoder-ogg-theora: a1e56fd34408186e4bbccfd4996cb3dc -> 
  custom:framework-win-MediaFoundation: 216162199b28c13a410421893ffa2e32 -> 
  custom:CustomObjectIndexerAttribute: 756ad292c208cfabdd7b50bc23989ffe -> 
  custom:container-demuxer-webm: 4f35f7cbe854078d1ac9338744f61a02 -> 
  custom:container-muxer-webm: aa71ff27fc2769a1b78a27578f13a17b -> 
  custom:video-decoder-webm-vp8: 9c59270c3fd7afecdb556c50c9e8de78 -> 
  custom:SearchIndexIgnoredProperties: e643bd26f0fe6173181afceb89e7c659 -> 
  custom:AudioImporter_EditorPlatform: d09bf68614088b80899f8185d706f6e7 -> 
  custom:video-encoder-webm-vp8: eb34c28f22e8b96e1ab97ce403110664 -> 
  custom:audio-decoder-ogg-vorbis: bf7c407c2cedff20999df2af8eb42d56 -> 
  custom:audio-encoder-webm-vorbis: bf7c407c2cedff20999df2af8eb42d56 -> 
========================================================================
Received Prepare
Begin MonoManager ReloadAssembly
- Loaded All Assemblies, in  1.337 seconds
Refreshing native plugins compatible for Editor in 12.07 ms, found 3 plugins.
Native extension for WindowsStandalone target not found
Native extension for WebGL target not found
[Package Manager] Server::EnsureServerProcessIsRunning -- launch failed, reason: Unity was launched with the -noUpm command-line argument
[Package Manager] UpmClient::Send -- Unable to send message (not connected to UPM process).
[Package Manager] Cannot connect to Unity Package Manager local server
Mono: successfully reloaded assembly
- Finished resetting the current domain, in  4.447 seconds
Domain Reload Profiling: 5778ms
	BeginReloadAssembly (438ms)
		ExecutionOrderSort (0ms)
		DisableScriptedObjects (12ms)
		BackupInstance (0ms)
		ReleaseScriptingObjects (0ms)
		CreateAndSetChildDomain (92ms)
	RebuildCommonClasses (102ms)
	RebuildNativeTypeToScriptingClass (46ms)
	initialDomainReloadingComplete (91ms)
	LoadAllAssembliesAndSetupDomain (651ms)
		LoadAssemblies (882ms)
		RebuildTransferFunctionScriptingTraits (0ms)
		AnalyzeDomain (27ms)
			TypeCache.Refresh (10ms)
				TypeCache.ScanAssembly (0ms)
			ScanForSourceGeneratedMonoScriptInfo (0ms)
			ResolveRequiredComponents (11ms)
	FinalizeReload (4450ms)
		ReleaseScriptCaches (0ms)
		RebuildScriptCaches (0ms)
		SetupLoadedEditorAssemblies (2580ms)
			LogAssemblyErrors (0ms)
			InitializePlatformSupportModulesInManaged (36ms)
			SetLoadedEditorAssemblies (13ms)
			RefreshPlugins (0ms)
			BeforeProcessingInitializeOnLoad (289ms)
			ProcessInitializeOnLoadAttributes (2129ms)
			ProcessInitializeOnLoadMethodAttributes (83ms)
			AfterProcessingInitializeOnLoad (30ms)
			EditorAssembliesLoaded (1ms)
		ExecutionOrderSort2 (0ms)
		AwakeInstancesAfterBackupRestoration (34ms)
Refreshing native plugins compatible for Editor in 17.94 ms, found 3 plugins.
Preloading 0 native plugins for Editor in 0.00 ms.
Unloading 3117 Unused Serialized files (Serialized files now loaded: 0)
Unloading 24 unused Assets / (31.7 KB). Loaded Objects now: 3674.
Memory consumption went from 122.1 MB to 122.1 MB.
Total: 13.861700 ms (FindLiveObjects: 0.858700 ms CreateObjectMapping: 1.944300 ms MarkObjects: 10.921600 ms  DeleteObjects: 0.133300 ms)

Prepare: number of updated asset objects reloaded= 0
AssetImportParameters requested are different than current active one (requested -> active):
  custom:container-demuxer-ogg: 62fdf1f143b41e24485cea50d1cbac27 -> 
  custom:video-decoder-ogg-theora: a1e56fd34408186e4bbccfd4996cb3dc -> 
  custom:framework-win-MediaFoundation: 216162199b28c13a410421893ffa2e32 -> 
  custom:CustomObjectIndexerAttribute: 756ad292c208cfabdd7b50bc23989ffe -> 
  custom:container-demuxer-webm: 4f35f7cbe854078d1ac9338744f61a02 -> 
  custom:container-muxer-webm: aa71ff27fc2769a1b78a27578f13a17b -> 
  custom:video-decoder-webm-vp8: 9c59270c3fd7afecdb556c50c9e8de78 -> 
  custom:SearchIndexIgnoredProperties: e643bd26f0fe6173181afceb89e7c659 -> 
  custom:AudioImporter_EditorPlatform: d09bf68614088b80899f8185d706f6e7 -> 
  custom:video-encoder-webm-vp8: eb34c28f22e8b96e1ab97ce403110664 -> 
  custom:audio-decoder-ogg-vorbis: bf7c407c2cedff20999df2af8eb42d56 -> 
  custom:audio-encoder-webm-vorbis: bf7c407c2cedff20999df2af8eb42d56 -> 
