Using pre-set license
Built from '2022.3/staging' branch; Version is '2022.3.10f1 (ff3792e53c62) revision 16725906'; Using compiler version '192829333'; Build Type 'Release'
OS: 'Windows 11  (10.0.22631) 64bit Core' Language: 'en' Physical Memory: 11976 MB
BatchMode: 1, IsHumanControllingUs: 0, StartBugReporterOnCrash: 0, Is64bit: 1, IsPro: 1

COMMAND LINE ARGUMENTS:
C:\Program Files\Unity\Hub\Editor\2022.3.10f1\Editor\Unity.exe
-adb2
-batchMode
-noUpm
-name
AssetImportWorker1
-projectPath
C:/Users/L1ght/overworked
-logFile
Logs/AssetImportWorker1.log
-srvPort
58708
Successfully changed project path to: C:/Users/L1ght/overworked
C:/Users/L1ght/overworked
[UnityMemory] Configuration Parameters - Can be set up in boot.config
    "memorysetup-bucket-allocator-granularity=16"
    "memorysetup-bucket-allocator-bucket-count=8"
    "memorysetup-bucket-allocator-block-size=33554432"
    "memorysetup-bucket-allocator-block-count=8"
    "memorysetup-main-allocator-block-size=16777216"
    "memorysetup-thread-allocator-block-size=16777216"
    "memorysetup-gfx-main-allocator-block-size=16777216"
    "memorysetup-gfx-thread-allocator-block-size=16777216"
    "memorysetup-cache-allocator-block-size=4194304"
    "memorysetup-typetree-allocator-block-size=2097152"
    "memorysetup-profiler-bucket-allocator-granularity=16"
    "memorysetup-profiler-bucket-allocator-bucket-count=8"
    "memorysetup-profiler-bucket-allocator-block-size=33554432"
    "memorysetup-profiler-bucket-allocator-block-count=8"
    "memorysetup-profiler-allocator-block-size=16777216"
    "memorysetup-profiler-editor-allocator-block-size=1048576"
    "memorysetup-temp-allocator-size-main=16777216"
    "memorysetup-job-temp-allocator-block-size=2097152"
    "memorysetup-job-temp-allocator-block-size-background=1048576"
    "memorysetup-job-temp-allocator-reduction-small-platforms=262144"
    "memorysetup-allocator-temp-initial-block-size-main=262144"
    "memorysetup-allocator-temp-initial-block-size-worker=262144"
    "memorysetup-temp-allocator-size-background-worker=32768"
    "memorysetup-temp-allocator-size-job-worker=262144"
    "memorysetup-temp-allocator-size-preload-manager=33554432"
    "memorysetup-temp-allocator-size-nav-mesh-worker=65536"
    "memorysetup-temp-allocator-size-audio-worker=65536"
    "memorysetup-temp-allocator-size-cloud-worker=32768"
    "memorysetup-temp-allocator-size-gi-baking-worker=262144"
    "memorysetup-temp-allocator-size-gfx=262144"
Player connection [1288] Host "[IP] 192.168.6.1 [Port] 0 [Flags] 2 [Guid] 4259597912 [EditorId] 4259597912 [Version] 1048832 [Id] WindowsEditor(7,Laptop) [Debug] 1 [PackageName] WindowsEditor [ProjectName] Editor" joined multi-casting on [225.0.0.222:54997]...

Player connection [1288] Host "[IP] 192.168.6.1 [Port] 0 [Flags] 2 [Guid] 4259597912 [EditorId] 4259597912 [Version] 1048832 [Id] WindowsEditor(7,Laptop) [Debug] 1 [PackageName] WindowsEditor [ProjectName] Editor" joined alternative multi-casting on [225.0.0.222:34997]...

[Physics::Module] Initialized MultithreadedJobDispatcher with 7 workers.
Refreshing native plugins compatible for Editor in 80.88 ms, found 3 plugins.
Preloading 0 native plugins for Editor in 0.00 ms.
Initialize engine version: 2022.3.10f1 (ff3792e53c62)
[Subsystems] Discovering subsystems at path C:/Program Files/Unity/Hub/Editor/2022.3.10f1/Editor/Data/Resources/UnitySubsystems
[Subsystems] Discovering subsystems at path C:/Users/L1ght/overworked/Assets
GfxDevice: creating device client; threaded=0; jobified=0
Direct3D:
    Version:  Direct3D 11.0 [level 11.1]
    Renderer: Intel(R) UHD Graphics (ID=0x8a56)
    Vendor:   Intel
    VRAM:     5988 MB
    Driver:   26.20.100.7926
Initialize mono
Mono path[0] = 'C:/Program Files/Unity/Hub/Editor/2022.3.10f1/Editor/Data/Managed'
Mono path[1] = 'C:/Program Files/Unity/Hub/Editor/2022.3.10f1/Editor/Data/MonoBleedingEdge/lib/mono/unityjit-win32'
Mono config path = 'C:/Program Files/Unity/Hub/Editor/2022.3.10f1/Editor/Data/MonoBleedingEdge/etc'
Using monoOptions --debugger-agent=transport=dt_socket,embedding=1,server=y,suspend=n,address=127.0.0.1:56416
Begin MonoManager ReloadAssembly
Registering precompiled unity dll's ...
Register platform support module: C:/Program Files/Unity/Hub/Editor/2022.3.10f1/Editor/Data/PlaybackEngines/WebGLSupport/UnityEditor.WebGL.Extensions.dll
Register platform support module: C:/Program Files/Unity/Hub/Editor/2022.3.10f1/Editor/Data/PlaybackEngines/WindowsStandaloneSupport/UnityEditor.WindowsStandalone.Extensions.dll
Registered in 0.036902 seconds.
- Loaded All Assemblies, in  1.379 seconds
Native extension for WindowsStandalone target not found
Native extension for WebGL target not found
Mono: successfully reloaded assembly
- Finished resetting the current domain, in  0.802 seconds
Domain Reload Profiling: 2179ms
	BeginReloadAssembly (614ms)
		ExecutionOrderSort (0ms)
		DisableScriptedObjects (0ms)
		BackupInstance (0ms)
		ReleaseScriptingObjects (0ms)
		CreateAndSetChildDomain (1ms)
	RebuildCommonClasses (136ms)
	RebuildNativeTypeToScriptingClass (33ms)
	initialDomainReloadingComplete (204ms)
	LoadAllAssembliesAndSetupDomain (390ms)
		LoadAssemblies (613ms)
		RebuildTransferFunctionScriptingTraits (0ms)
		AnalyzeDomain (374ms)
			TypeCache.Refresh (372ms)
				TypeCache.ScanAssembly (343ms)
			ScanForSourceGeneratedMonoScriptInfo (1ms)
			ResolveRequiredComponents (1ms)
	FinalizeReload (803ms)
		ReleaseScriptCaches (0ms)
		RebuildScriptCaches (0ms)
		SetupLoadedEditorAssemblies (630ms)
			LogAssemblyErrors (0ms)
			InitializePlatformSupportModulesInManaged (33ms)
			SetLoadedEditorAssemblies (18ms)
			RefreshPlugins (0ms)
			BeforeProcessingInitializeOnLoad (11ms)
			ProcessInitializeOnLoadAttributes (415ms)
			ProcessInitializeOnLoadMethodAttributes (152ms)
			AfterProcessingInitializeOnLoad (0ms)
			EditorAssembliesLoaded (0ms)
		ExecutionOrderSort2 (0ms)
		AwakeInstancesAfterBackupRestoration (0ms)
========================================================================
Worker process is ready to serve import requests
Begin MonoManager ReloadAssembly
- Loaded All Assemblies, in  1.931 seconds
Refreshing native plugins compatible for Editor in 9.42 ms, found 3 plugins.
Native extension for WindowsStandalone target not found
Native extension for WebGL target not found
Package Manager log level set to [2]
[Package Manager] Server::EnsureServerProcessIsRunning -- launch failed, reason: Unity was launched with the -noUpm command-line argument
[Package Manager] UpmClient::Send -- Unable to send message (not connected to UPM process).
[Package Manager] Cannot connect to Unity Package Manager local server
Mono: successfully reloaded assembly
- Finished resetting the current domain, in  2.032 seconds
Domain Reload Profiling: 3956ms
	BeginReloadAssembly (395ms)
		ExecutionOrderSort (0ms)
		DisableScriptedObjects (31ms)
		BackupInstance (0ms)
		ReleaseScriptingObjects (0ms)
		CreateAndSetChildDomain (50ms)
	RebuildCommonClasses (97ms)
	RebuildNativeTypeToScriptingClass (26ms)
	initialDomainReloadingComplete (104ms)
	LoadAllAssembliesAndSetupDomain (1300ms)
		LoadAssemblies (1013ms)
		RebuildTransferFunctionScriptingTraits (0ms)
		AnalyzeDomain (512ms)
			TypeCache.Refresh (451ms)
				TypeCache.ScanAssembly (408ms)
			ScanForSourceGeneratedMonoScriptInfo (44ms)
			ResolveRequiredComponents (11ms)
	FinalizeReload (2034ms)
		ReleaseScriptCaches (0ms)
		RebuildScriptCaches (0ms)
		SetupLoadedEditorAssemblies (1622ms)
			LogAssemblyErrors (0ms)
			InitializePlatformSupportModulesInManaged (21ms)
			SetLoadedEditorAssemblies (13ms)
			RefreshPlugins (0ms)
			BeforeProcessingInitializeOnLoad (162ms)
			ProcessInitializeOnLoadAttributes (1356ms)
			ProcessInitializeOnLoadMethodAttributes (56ms)
			AfterProcessingInitializeOnLoad (14ms)
			EditorAssembliesLoaded (1ms)
		ExecutionOrderSort2 (0ms)
		AwakeInstancesAfterBackupRestoration (23ms)
Launched and connected shader compiler UnityShaderCompiler.exe after 0.14 seconds
Refreshing native plugins compatible for Editor in 23.55 ms, found 3 plugins.
Preloading 0 native plugins for Editor in 0.00 ms.
Unloading 3141 Unused Serialized files (Serialized files now loaded: 0)
Unloading 33 unused Assets / (57.6 KB). Loaded Objects now: 3602.
Memory consumption went from 122.2 MB to 122.1 MB.
Total: 15.086300 ms (FindLiveObjects: 0.534000 ms CreateObjectMapping: 0.437200 ms MarkObjects: 13.884100 ms  DeleteObjects: 0.228600 ms)

AssetImportParameters requested are different than current active one (requested -> active):
  custom:container-demuxer-ogg: 62fdf1f143b41e24485cea50d1cbac27 -> 
  custom:video-decoder-ogg-theora: a1e56fd34408186e4bbccfd4996cb3dc -> 
  custom:framework-win-MediaFoundation: 216162199b28c13a410421893ffa2e32 -> 
  custom:CustomObjectIndexerAttribute: 756ad292c208cfabdd7b50bc23989ffe -> 
  custom:container-demuxer-webm: 4f35f7cbe854078d1ac9338744f61a02 -> 
  custom:container-muxer-webm: aa71ff27fc2769a1b78a27578f13a17b -> 
  custom:video-decoder-webm-vp8: 9c59270c3fd7afecdb556c50c9e8de78 -> 
  custom:SearchIndexIgnoredProperties: e643bd26f0fe6173181afceb89e7c659 -> 
  custom:AudioImporter_EditorPlatform: d09bf68614088b80899f8185d706f6e7 -> 
  custom:video-encoder-webm-vp8: eb34c28f22e8b96e1ab97ce403110664 -> 
  custom:audio-decoder-ogg-vorbis: bf7c407c2cedff20999df2af8eb42d56 -> 
  custom:audio-encoder-webm-vorbis: bf7c407c2cedff20999df2af8eb42d56 -> 
========================================================================
Received Import Request.
  Time since last request: 168073.246338 seconds.
  path: Assets/polyperfect/Poly Christmas/Prefabs/Christmas/Cracker_A_Christmas.prefab
  artifactKey: Guid(934141e827233834a8e70bf5f52d3886) Importer(815301076,1909f56bfc062723c751e8b465ee728b)
Start importing Assets/polyperfect/Poly Christmas/Prefabs/Christmas/Cracker_A_Christmas.prefab using Guid(934141e827233834a8e70bf5f52d3886) Importer(815301076,1909f56bfc062723c751e8b465ee728b)  -> (artifact id: 'cf132742b9343a15090cafc03d325325') in 0.854722 seconds
Number of updated asset objects reloaded before import = 0
Number of asset objects unloaded after import = 12
========================================================================
Received Import Request.
  Time since last request: 0.000042 seconds.
  path: Assets/UI Images and Sprites/PLAGreen.png
  artifactKey: Guid(f8051b62f30465318a0e2ba0a0100ae6) Importer(815301076,1909f56bfc062723c751e8b465ee728b)
Start importing Assets/UI Images and Sprites/PLAGreen.png using Guid(f8051b62f30465318a0e2ba0a0100ae6) Importer(815301076,1909f56bfc062723c751e8b465ee728b)  -> (artifact id: '49da658dad2589613858ee982b7cfda4') in 0.098392 seconds
Number of updated asset objects reloaded before import = 0
Number of asset objects unloaded after import = 3
========================================================================
Received Import Request.
  Time since last request: 0.000022 seconds.
  path: Assets/polyperfect/Poly Christmas
  artifactKey: Guid(b01bde89bfb1ab84e829aa58f1f5cde5) Importer(815301076,1909f56bfc062723c751e8b465ee728b)
Start importing Assets/polyperfect/Poly Christmas using Guid(b01bde89bfb1ab84e829aa58f1f5cde5) Importer(815301076,1909f56bfc062723c751e8b465ee728b)  -> (artifact id: '56a22974c5e8412ac955e14f0f21c820') in 0.000634 seconds
Number of updated asset objects reloaded before import = 0
Number of asset objects unloaded after import = 0
========================================================================
Received Import Request.
  Time since last request: 0.000151 seconds.
  path: Assets/polyperfect/Poly Christmas/Prefabs/Christmas/Chimney_Christmas_Top.prefab
  artifactKey: Guid(bc25847744180f143a82f2f1fefa65f4) Importer(815301076,1909f56bfc062723c751e8b465ee728b)
Start importing Assets/polyperfect/Poly Christmas/Prefabs/Christmas/Chimney_Christmas_Top.prefab using Guid(bc25847744180f143a82f2f1fefa65f4) Importer(815301076,1909f56bfc062723c751e8b465ee728b)  -> (artifact id: 'b58040e173228cda836e4a1956ac56cb') in 0.081844 seconds
Number of updated asset objects reloaded before import = 0
Number of asset objects unloaded after import = 12
========================================================================
Received Import Request.
  Time since last request: 0.000061 seconds.
  path: Assets/polyperfect/Poly Christmas/Prefabs/Christmas/Bowl_Soup_Christmas.prefab
  artifactKey: Guid(f0cc743abdc96a64bbf17e55265cb060) Importer(815301076,1909f56bfc062723c751e8b465ee728b)
Start importing Assets/polyperfect/Poly Christmas/Prefabs/Christmas/Bowl_Soup_Christmas.prefab using Guid(f0cc743abdc96a64bbf17e55265cb060) Importer(815301076,1909f56bfc062723c751e8b465ee728b)  -> (artifact id: 'a386c4cce7a705b0207217c6ffb78311') in 0.126090 seconds
Number of updated asset objects reloaded before import = 0
Number of asset objects unloaded after import = 12
========================================================================
Received Import Request.
  Time since last request: 0.000050 seconds.
  path: Assets/polyperfect/Poly Christmas/Prefabs/Christmas/Candle_Holder_Short_B_Unlit_Christmas.prefab
  artifactKey: Guid(66624b9ed169cb249ba975b0919cdf01) Importer(815301076,1909f56bfc062723c751e8b465ee728b)
Start importing Assets/polyperfect/Poly Christmas/Prefabs/Christmas/Candle_Holder_Short_B_Unlit_Christmas.prefab using Guid(66624b9ed169cb249ba975b0919cdf01) Importer(815301076,1909f56bfc062723c751e8b465ee728b)  -> (artifact id: '95f66cec3b450f7551cf610c1f6db72a') in 0.110830 seconds
Number of updated asset objects reloaded before import = 0
Number of asset objects unloaded after import = 12
========================================================================
Received Import Request.
  Time since last request: 0.000076 seconds.
  path: Assets/polyperfect/Poly Christmas/Prefabs/Christmas/Candle_Holder_Tall_C_Lit_Christmas.prefab
  artifactKey: Guid(7822cbfcb2e01f74cbf7e3201edec767) Importer(815301076,1909f56bfc062723c751e8b465ee728b)
Start importing Assets/polyperfect/Poly Christmas/Prefabs/Christmas/Candle_Holder_Tall_C_Lit_Christmas.prefab using Guid(7822cbfcb2e01f74cbf7e3201edec767) Importer(815301076,1909f56bfc062723c751e8b465ee728b)  -> (artifact id: '5d1469de6d950b3172c73342c6e47ab0') in 0.937042 seconds
Number of updated asset objects reloaded before import = 0
Number of asset objects unloaded after import = 13
========================================================================
Received Import Request.
  Time since last request: 0.000115 seconds.
  path: Assets/UI Images and Sprites/Leather.png
  artifactKey: Guid(6361a7acc67adb4c3be98259d538ad0a) Importer(815301076,1909f56bfc062723c751e8b465ee728b)
Start importing Assets/UI Images and Sprites/Leather.png using Guid(6361a7acc67adb4c3be98259d538ad0a) Importer(815301076,1909f56bfc062723c751e8b465ee728b)  -> (artifact id: '080a60bbb121a2f2c54ed0a3eea953c9') in 0.105936 seconds
Number of updated asset objects reloaded before import = 0
Number of asset objects unloaded after import = 3
========================================================================
Received Import Request.
  Time since last request: 0.000480 seconds.
  path: Assets/polyperfect/Poly Christmas/Prefabs/Christmas/Bell_B_Christmas.prefab
  artifactKey: Guid(50856ad0d4ad9bd4192e5005b387518a) Importer(815301076,1909f56bfc062723c751e8b465ee728b)
Start importing Assets/polyperfect/Poly Christmas/Prefabs/Christmas/Bell_B_Christmas.prefab using Guid(50856ad0d4ad9bd4192e5005b387518a) Importer(815301076,1909f56bfc062723c751e8b465ee728b)  -> (artifact id: 'd1fb1905e64a0a23e87480c29f204026') in 0.076515 seconds
Number of updated asset objects reloaded before import = 0
Number of asset objects unloaded after import = 12
========================================================================
Received Import Request.
  Time since last request: 0.000753 seconds.
  path: Assets/polyperfect/Poly Christmas/Prefabs/Christmas/Candle_Holder_Tall_B_Unlit_Christmas.prefab
  artifactKey: Guid(4808eb401dad26648a74f01c05566228) Importer(815301076,1909f56bfc062723c751e8b465ee728b)
Start importing Assets/polyperfect/Poly Christmas/Prefabs/Christmas/Candle_Holder_Tall_B_Unlit_Christmas.prefab using Guid(4808eb401dad26648a74f01c05566228) Importer(815301076,1909f56bfc062723c751e8b465ee728b)  -> (artifact id: '3061bf87b1c4130fca756d8aee36de58') in 0.071384 seconds
Number of updated asset objects reloaded before import = 0
Number of asset objects unloaded after import = 12
========================================================================
Received Import Request.
  Time since last request: 0.000037 seconds.
  path: Assets/polyperfect/Poly Christmas/Prefabs/Christmas/Bag_Gift_Christmas_A.prefab
  artifactKey: Guid(7838625e058d23544bfff225d425dbf0) Importer(815301076,1909f56bfc062723c751e8b465ee728b)
Start importing Assets/polyperfect/Poly Christmas/Prefabs/Christmas/Bag_Gift_Christmas_A.prefab using Guid(7838625e058d23544bfff225d425dbf0) Importer(815301076,1909f56bfc062723c751e8b465ee728b)  -> (artifact id: '9e6e5af4e2587fbc122b2d6d3e082b6b') in 0.084351 seconds
Number of updated asset objects reloaded before import = 0
Number of asset objects unloaded after import = 12
========================================================================
Received Import Request.
  Time since last request: 0.000041 seconds.
  path: Assets/polyperfect/Poly Christmas/Prefabs/Christmas/Bell_C_Christmas.prefab
  artifactKey: Guid(325b87f9781ba1641a6d4d4c7a013f0c) Importer(815301076,1909f56bfc062723c751e8b465ee728b)
Start importing Assets/polyperfect/Poly Christmas/Prefabs/Christmas/Bell_C_Christmas.prefab using Guid(325b87f9781ba1641a6d4d4c7a013f0c) Importer(815301076,1909f56bfc062723c751e8b465ee728b)  -> (artifact id: 'd23b1f9247342fd7396a3df8c974195a') in 0.079363 seconds
Number of updated asset objects reloaded before import = 0
Number of asset objects unloaded after import = 12
========================================================================
Received Import Request.
  Time since last request: 0.000055 seconds.
  path: Assets/polyperfect/Poly Christmas/Prefabs/Christmas
  artifactKey: Guid(a20f791e37da2ce4eabf7dc2fd41726a) Importer(815301076,1909f56bfc062723c751e8b465ee728b)
Start importing Assets/polyperfect/Poly Christmas/Prefabs/Christmas using Guid(a20f791e37da2ce4eabf7dc2fd41726a) Importer(815301076,1909f56bfc062723c751e8b465ee728b)  -> (artifact id: 'a13e699361c473e468730ae3c71cecb7') in 0.001360 seconds
Number of updated asset objects reloaded before import = 0
Number of asset objects unloaded after import = 0
========================================================================
Received Import Request.
  Time since last request: 0.000061 seconds.
  path: Assets/polyperfect/Poly Christmas/Prefabs/Christmas/Cookie_Jam_Heart.prefab
  artifactKey: Guid(4050e3ad3c6d44a4289459904206965b) Importer(815301076,1909f56bfc062723c751e8b465ee728b)
Start importing Assets/polyperfect/Poly Christmas/Prefabs/Christmas/Cookie_Jam_Heart.prefab using Guid(4050e3ad3c6d44a4289459904206965b) Importer(815301076,1909f56bfc062723c751e8b465ee728b)  -> (artifact id: 'c7a4877aa6cf8dd5d5303f7c71cbb489') in 0.067043 seconds
Number of updated asset objects reloaded before import = 0
Number of asset objects unloaded after import = 12
========================================================================
Received Import Request.
  Time since last request: 0.000051 seconds.
  path: Assets/polyperfect/Poly Christmas/Prefabs/Christmas/Cookie_Chocolate_Chip.prefab
  artifactKey: Guid(47e3e2e086acb4f409ec8cc77edca960) Importer(815301076,1909f56bfc062723c751e8b465ee728b)
Start importing Assets/polyperfect/Poly Christmas/Prefabs/Christmas/Cookie_Chocolate_Chip.prefab using Guid(47e3e2e086acb4f409ec8cc77edca960) Importer(815301076,1909f56bfc062723c751e8b465ee728b)  -> (artifact id: 'b1aa6d234e377b83ec31a29e1a9112b8') in 0.074214 seconds
Number of updated asset objects reloaded before import = 0
Number of asset objects unloaded after import = 12
========================================================================
Received Import Request.
  Time since last request: 0.000030 seconds.
  path: Assets/Gift_Christmas_Cube_A(Clone).prefab
  artifactKey: Guid(202007381afbd6f41897faa574e302e0) Importer(815301076,1909f56bfc062723c751e8b465ee728b)
Start importing Assets/Gift_Christmas_Cube_A(Clone).prefab using Guid(202007381afbd6f41897faa574e302e0) Importer(815301076,1909f56bfc062723c751e8b465ee728b)  -> (artifact id: '431add485e1ae9e5e4b50d4e666dde44') in 0.079682 seconds
Number of updated asset objects reloaded before import = 0
Number of asset objects unloaded after import = 11
========================================================================
Received Import Request.
  Time since last request: 0.000040 seconds.
  path: Assets/UI Images and Sprites/ToyBricks.png
  artifactKey: Guid(9445af24062291d2d9d7c5d549ec08a8) Importer(815301076,1909f56bfc062723c751e8b465ee728b)
Start importing Assets/UI Images and Sprites/ToyBricks.png using Guid(9445af24062291d2d9d7c5d549ec08a8) Importer(815301076,1909f56bfc062723c751e8b465ee728b)  -> (artifact id: '546dcd6d4fac799b0c2be8b2a6dfa979') in 0.074265 seconds
Number of updated asset objects reloaded before import = 0
Number of asset objects unloaded after import = 3
========================================================================
Received Import Request.
  Time since last request: 0.000469 seconds.
  path: Assets/polyperfect/Poly Christmas/Prefabs/Christmas/Christmas_Pudding.prefab
  artifactKey: Guid(a72aaf57bc9228949ad87082772d1922) Importer(815301076,1909f56bfc062723c751e8b465ee728b)
Start importing Assets/polyperfect/Poly Christmas/Prefabs/Christmas/Christmas_Pudding.prefab using Guid(a72aaf57bc9228949ad87082772d1922) Importer(815301076,1909f56bfc062723c751e8b465ee728b)  -> (artifact id: '671294ecb6c17befe7b40355729e74f3') in 0.086280 seconds
Number of updated asset objects reloaded before import = 0
Number of asset objects unloaded after import = 12
========================================================================
Received Import Request.
  Time since last request: 0.000032 seconds.
  path: Assets/polyperfect/Poly Christmas/Prefabs/Christmas/Bell_D_Christmas.prefab
  artifactKey: Guid(fbb34b5496ce8e94f85f03dde3cfaf3f) Importer(815301076,1909f56bfc062723c751e8b465ee728b)
Start importing Assets/polyperfect/Poly Christmas/Prefabs/Christmas/Bell_D_Christmas.prefab using Guid(fbb34b5496ce8e94f85f03dde3cfaf3f) Importer(815301076,1909f56bfc062723c751e8b465ee728b)  -> (artifact id: '50d6be317aea68d4a182c4df6cc99977') in 0.085651 seconds
Number of updated asset objects reloaded before import = 0
Number of asset objects unloaded after import = 12
========================================================================
Received Import Request.
  Time since last request: 0.000060 seconds.
  path: Assets/polyperfect/Poly Christmas/Prefabs/Christmas/Candle_Holder_Short_B_Lit_Christmas.prefab
  artifactKey: Guid(f3e3e6a4810588f4595c83096708c41c) Importer(815301076,1909f56bfc062723c751e8b465ee728b)
Start importing Assets/polyperfect/Poly Christmas/Prefabs/Christmas/Candle_Holder_Short_B_Lit_Christmas.prefab using Guid(f3e3e6a4810588f4595c83096708c41c) Importer(815301076,1909f56bfc062723c751e8b465ee728b)  -> (artifact id: '7b18781a78a035a5f25f35a99820b4fc') in 0.111005 seconds
Number of updated asset objects reloaded before import = 0
Number of asset objects unloaded after import = 12
========================================================================
Received Import Request.
  Time since last request: 0.000058 seconds.
  path: Assets/polyperfect/Poly Christmas/Prefabs/Christmas/Candle_Decorated_Unlit_Christmas.prefab
  artifactKey: Guid(638926b0816c71949899e0744fdf437e) Importer(815301076,1909f56bfc062723c751e8b465ee728b)
Start importing Assets/polyperfect/Poly Christmas/Prefabs/Christmas/Candle_Decorated_Unlit_Christmas.prefab using Guid(638926b0816c71949899e0744fdf437e) Importer(815301076,1909f56bfc062723c751e8b465ee728b)  -> (artifact id: '17133b8bbf2acc76365e3b69f437e98d') in 0.067629 seconds
Number of updated asset objects reloaded before import = 0
Number of asset objects unloaded after import = 12
========================================================================
Received Import Request.
  Time since last request: 0.000053 seconds.
  path: Assets/UI Images and Sprites/Football.png
  artifactKey: Guid(8c07468b51734ae5c9a6afd6990920d4) Importer(815301076,1909f56bfc062723c751e8b465ee728b)
Start importing Assets/UI Images and Sprites/Football.png using Guid(8c07468b51734ae5c9a6afd6990920d4) Importer(815301076,1909f56bfc062723c751e8b465ee728b)  -> (artifact id: '4411ca3056641d76283a70fb2b47ba02') in 0.078869 seconds
Number of updated asset objects reloaded before import = 0
Number of asset objects unloaded after import = 3
========================================================================
Received Import Request.
  Time since last request: 0.000256 seconds.
  path: Assets/polyperfect/Poly Christmas/Prefabs/First person character.prefab
  artifactKey: Guid(7fcfd2b2a44cc3e4d96f3a35ef7a2a56) Importer(815301076,1909f56bfc062723c751e8b465ee728b)
Start importing Assets/polyperfect/Poly Christmas/Prefabs/First person character.prefab using Guid(7fcfd2b2a44cc3e4d96f3a35ef7a2a56) Importer(815301076,1909f56bfc062723c751e8b465ee728b)  -> (artifact id: '03c9cd17d338aa3b3d58b2e44e724cc6') in 0.013003 seconds
Number of updated asset objects reloaded before import = 0
Number of asset objects unloaded after import = 17
========================================================================
Received Import Request.
  Time since last request: 0.000036 seconds.
  path: Assets/polyperfect/Poly Christmas/Prefabs/Christmas/Cookie_Jam_Circle.prefab
  artifactKey: Guid(37604b821891aed418254c455dda0e37) Importer(815301076,1909f56bfc062723c751e8b465ee728b)
Start importing Assets/polyperfect/Poly Christmas/Prefabs/Christmas/Cookie_Jam_Circle.prefab using Guid(37604b821891aed418254c455dda0e37) Importer(815301076,1909f56bfc062723c751e8b465ee728b)  -> (artifact id: 'eade27aee926fcf1702b05032d4e8b03') in 0.069747 seconds
Number of updated asset objects reloaded before import = 0
Number of asset objects unloaded after import = 12
========================================================================
Received Import Request.
  Time since last request: 0.001551 seconds.
  path: Assets/polyperfect/Poly Christmas/Prefabs/Christmas/Chair_Dinner_Christmas.prefab
  artifactKey: Guid(5d24157eaef68444da179d32f640de98) Importer(815301076,1909f56bfc062723c751e8b465ee728b)
Start importing Assets/polyperfect/Poly Christmas/Prefabs/Christmas/Chair_Dinner_Christmas.prefab using Guid(5d24157eaef68444da179d32f640de98) Importer(815301076,1909f56bfc062723c751e8b465ee728b)  -> (artifact id: '87c28abbe83a693e0ec1a6c55f3935d6') in 0.091105 seconds
Number of updated asset objects reloaded before import = 0
Number of asset objects unloaded after import = 12
========================================================================
Received Import Request.
  Time since last request: 0.000033 seconds.
  path: Assets/polyperfect/Poly Christmas/Prefabs/Christmas/Candle_Holder_Tall_C_Unlit_Christmas.prefab
  artifactKey: Guid(a46824b80592bea47af36fc855a82c2d) Importer(815301076,1909f56bfc062723c751e8b465ee728b)
Start importing Assets/polyperfect/Poly Christmas/Prefabs/Christmas/Candle_Holder_Tall_C_Unlit_Christmas.prefab using Guid(a46824b80592bea47af36fc855a82c2d) Importer(815301076,1909f56bfc062723c751e8b465ee728b)  -> (artifact id: '2b5fd045c2fcb1f10402bfa26b40d9f9') in 0.079912 seconds
Number of updated asset objects reloaded before import = 0
Number of asset objects unloaded after import = 12
========================================================================
Received Import Request.
  Time since last request: 7.498942 seconds.
  path: Assets/polyperfect/Poly Christmas/Prefabs/Christmas/Cranberry_Sauce.prefab
  artifactKey: Guid(823d4f8551d766b449a9c98dc20acd11) Importer(815301076,1909f56bfc062723c751e8b465ee728b)
Start importing Assets/polyperfect/Poly Christmas/Prefabs/Christmas/Cranberry_Sauce.prefab using Guid(823d4f8551d766b449a9c98dc20acd11) Importer(815301076,1909f56bfc062723c751e8b465ee728b)  -> (artifact id: '28de298ada4a8e8dfd0a38652282d2ba') in 0.075439 seconds
Number of updated asset objects reloaded before import = 0
Number of asset objects unloaded after import = 12
========================================================================
Received Import Request.
  Time since last request: 0.000036 seconds.
  path: Assets/polyperfect/Poly Christmas/Prefabs/Christmas/Cutlery_Fork_Christmas.prefab
  artifactKey: Guid(c08382eb9fbf1ab4dbb6a2c8a63905bf) Importer(815301076,1909f56bfc062723c751e8b465ee728b)
Start importing Assets/polyperfect/Poly Christmas/Prefabs/Christmas/Cutlery_Fork_Christmas.prefab using Guid(c08382eb9fbf1ab4dbb6a2c8a63905bf) Importer(815301076,1909f56bfc062723c751e8b465ee728b)  -> (artifact id: '6443882f194ced6a02a054fe88c20467') in 0.057666 seconds
Number of updated asset objects reloaded before import = 0
Number of asset objects unloaded after import = 12
========================================================================
Received Import Request.
  Time since last request: 0.000070 seconds.
  path: Assets/polyperfect/Poly Christmas/Prefabs/Christmas/Etagere_Christmas.prefab
  artifactKey: Guid(b41440ce47bfd3e4c907975093dfd294) Importer(815301076,1909f56bfc062723c751e8b465ee728b)
Start importing Assets/polyperfect/Poly Christmas/Prefabs/Christmas/Etagere_Christmas.prefab using Guid(b41440ce47bfd3e4c907975093dfd294) Importer(815301076,1909f56bfc062723c751e8b465ee728b)  -> (artifact id: 'd98357234df7f6e26901c9486e408f60') in 0.059334 seconds
Number of updated asset objects reloaded before import = 0
Number of asset objects unloaded after import = 12
========================================================================
Received Import Request.
  Time since last request: 0.000041 seconds.
  path: Assets/polyperfect/Poly Christmas/Prefabs/Christmas/Gift_Christmas_Cube_D.prefab
  artifactKey: Guid(979b0a6dc2288834badf7c19739d05ab) Importer(815301076,1909f56bfc062723c751e8b465ee728b)
Start importing Assets/polyperfect/Poly Christmas/Prefabs/Christmas/Gift_Christmas_Cube_D.prefab using Guid(979b0a6dc2288834badf7c19739d05ab) Importer(815301076,1909f56bfc062723c751e8b465ee728b)  -> (artifact id: '6b020704b2c03c561a43fed982e567bf') in 0.073872 seconds
Number of updated asset objects reloaded before import = 0
Number of asset objects unloaded after import = 12
========================================================================
Received Import Request.
  Time since last request: 0.000040 seconds.
  path: Assets/polyperfect/Poly Christmas/Prefabs/Christmas/Gift_Christmas_Cube_C.prefab
  artifactKey: Guid(59d82e366be904243b1b2bfa69401284) Importer(815301076,1909f56bfc062723c751e8b465ee728b)
Start importing Assets/polyperfect/Poly Christmas/Prefabs/Christmas/Gift_Christmas_Cube_C.prefab using Guid(59d82e366be904243b1b2bfa69401284) Importer(815301076,1909f56bfc062723c751e8b465ee728b)  -> (artifact id: '87aa5d53e8ae1ee27aad2f711c145504') in 0.060961 seconds
Number of updated asset objects reloaded before import = 0
Number of asset objects unloaded after import = 12
========================================================================
Received Import Request.
  Time since last request: 0.000040 seconds.
  path: Assets/polyperfect/Poly Christmas/Prefabs/Christmas/Fireplace_Brick_Large.prefab
  artifactKey: Guid(389853f73f540ff4f873ba42549519bb) Importer(815301076,1909f56bfc062723c751e8b465ee728b)
Start importing Assets/polyperfect/Poly Christmas/Prefabs/Christmas/Fireplace_Brick_Large.prefab using Guid(389853f73f540ff4f873ba42549519bb) Importer(815301076,1909f56bfc062723c751e8b465ee728b)  -> (artifact id: 'ab64be2abcc20255329b1faae75d3720') in 0.065690 seconds
Number of updated asset objects reloaded before import = 0
Number of asset objects unloaded after import = 12
========================================================================
Received Import Request.
  Time since last request: 0.000111 seconds.
  path: Assets/polyperfect/Poly Christmas/Prefabs/Christmas/Cutlery_Knife_Christmas.prefab
  artifactKey: Guid(f3e9fb15bcde1ff40af145af8feddb44) Importer(815301076,1909f56bfc062723c751e8b465ee728b)
Start importing Assets/polyperfect/Poly Christmas/Prefabs/Christmas/Cutlery_Knife_Christmas.prefab using Guid(f3e9fb15bcde1ff40af145af8feddb44) Importer(815301076,1909f56bfc062723c751e8b465ee728b)  -> (artifact id: '912408c7c2b27004b17c74347d7947d7') in 0.068528 seconds
Number of updated asset objects reloaded before import = 0
Number of asset objects unloaded after import = 12
========================================================================
Received Import Request.
  Time since last request: 0.000050 seconds.
  path: Assets/polyperfect/Poly Christmas/Prefabs/Christmas/Gift_Christmas_Cube_B.prefab
  artifactKey: Guid(0ad3fbe4d0fe2f04d8abc3c7e4be3960) Importer(815301076,1909f56bfc062723c751e8b465ee728b)
Start importing Assets/polyperfect/Poly Christmas/Prefabs/Christmas/Gift_Christmas_Cube_B.prefab using Guid(0ad3fbe4d0fe2f04d8abc3c7e4be3960) Importer(815301076,1909f56bfc062723c751e8b465ee728b)  -> (artifact id: '184a1194425e4f6b41a0aeae8b009bf3') in 0.065634 seconds
Number of updated asset objects reloaded before import = 0
Number of asset objects unloaded after import = 12
========================================================================
Received Import Request.
  Time since last request: 0.000041 seconds.
  path: Assets/polyperfect/Poly Christmas/Prefabs/Christmas/Gift_Christmas_Cylinder_C.prefab
  artifactKey: Guid(40fd742884ea1b9429237ebfd4fe82fa) Importer(815301076,1909f56bfc062723c751e8b465ee728b)
Start importing Assets/polyperfect/Poly Christmas/Prefabs/Christmas/Gift_Christmas_Cylinder_C.prefab using Guid(40fd742884ea1b9429237ebfd4fe82fa) Importer(815301076,1909f56bfc062723c751e8b465ee728b)  -> (artifact id: 'cca604fa0cd30c7776e738fc601ea963') in 0.077822 seconds
Number of updated asset objects reloaded before import = 0
Number of asset objects unloaded after import = 12
========================================================================
Received Import Request.
  Time since last request: 0.000028 seconds.
  path: Assets/polyperfect/Poly Christmas/Prefabs/Christmas/Gift_Christmas_Cylinder_A.prefab
  artifactKey: Guid(8e8fa5c712d02d141b9e1930fb1ab999) Importer(815301076,1909f56bfc062723c751e8b465ee728b)
Start importing Assets/polyperfect/Poly Christmas/Prefabs/Christmas/Gift_Christmas_Cylinder_A.prefab using Guid(8e8fa5c712d02d141b9e1930fb1ab999) Importer(815301076,1909f56bfc062723c751e8b465ee728b)  -> (artifact id: '5b9ac90f033fe51133345aecd9a01bbc') in 0.070811 seconds
Number of updated asset objects reloaded before import = 0
Number of asset objects unloaded after import = 12
========================================================================
Received Import Request.
  Time since last request: 0.000048 seconds.
  path: Assets/polyperfect/Poly Christmas/Prefabs/Christmas/Gift_Christmas_Cylinder_Open_Lid.prefab
  artifactKey: Guid(804e29121695fde47ada9301915331ec) Importer(815301076,1909f56bfc062723c751e8b465ee728b)
Start importing Assets/polyperfect/Poly Christmas/Prefabs/Christmas/Gift_Christmas_Cylinder_Open_Lid.prefab using Guid(804e29121695fde47ada9301915331ec) Importer(815301076,1909f56bfc062723c751e8b465ee728b)  -> (artifact id: '653d1085bbce529df3c1e55cb611fa08') in 0.065258 seconds
Number of updated asset objects reloaded before import = 0
Number of asset objects unloaded after import = 12
========================================================================
Received Import Request.
  Time since last request: 0.000028 seconds.
  path: Assets/polyperfect/Poly Christmas/Prefabs/Christmas/Gift_Christmas_Cylinder_B.prefab
  artifactKey: Guid(7e6404c8823a99b4590792969a07c744) Importer(815301076,1909f56bfc062723c751e8b465ee728b)
Start importing Assets/polyperfect/Poly Christmas/Prefabs/Christmas/Gift_Christmas_Cylinder_B.prefab using Guid(7e6404c8823a99b4590792969a07c744) Importer(815301076,1909f56bfc062723c751e8b465ee728b)  -> (artifact id: '289dc6b04e2b808ae320431aea24a02e') in 0.070443 seconds
Number of updated asset objects reloaded before import = 0
Number of asset objects unloaded after import = 12
========================================================================
Received Import Request.
  Time since last request: 0.499102 seconds.
  path: Assets/polyperfect/Poly Christmas/Prefabs/Christmas/Gift_Christmas_Long_D.prefab
  artifactKey: Guid(68389292e5019bf438100737b182802a) Importer(815301076,1909f56bfc062723c751e8b465ee728b)
Start importing Assets/polyperfect/Poly Christmas/Prefabs/Christmas/Gift_Christmas_Long_D.prefab using Guid(68389292e5019bf438100737b182802a) Importer(815301076,1909f56bfc062723c751e8b465ee728b)  -> (artifact id: '54966c87d88100e4f6d5cf45455e1e21') in 0.069528 seconds
Number of updated asset objects reloaded before import = 0
Number of asset objects unloaded after import = 12
========================================================================
Received Import Request.
  Time since last request: 0.000023 seconds.
  path: Assets/polyperfect/Poly Christmas/Prefabs/Christmas/Ginger_House.prefab
  artifactKey: Guid(7317979e7e6948045b7182822ec3b5f9) Importer(815301076,1909f56bfc062723c751e8b465ee728b)
Start importing Assets/polyperfect/Poly Christmas/Prefabs/Christmas/Ginger_House.prefab using Guid(7317979e7e6948045b7182822ec3b5f9) Importer(815301076,1909f56bfc062723c751e8b465ee728b)  -> (artifact id: 'd515d6ea85445fd46c96c3099eeb1823') in 0.066898 seconds
Number of updated asset objects reloaded before import = 0
Number of asset objects unloaded after import = 12
========================================================================
Received Import Request.
  Time since last request: 0.000026 seconds.
  path: Assets/polyperfect/Poly Christmas/Prefabs/Christmas/Gift_Christmas_Long_Open.prefab
  artifactKey: Guid(104a3741cf0ee61499996f4193cf554b) Importer(815301076,1909f56bfc062723c751e8b465ee728b)
Start importing Assets/polyperfect/Poly Christmas/Prefabs/Christmas/Gift_Christmas_Long_Open.prefab using Guid(104a3741cf0ee61499996f4193cf554b) Importer(815301076,1909f56bfc062723c751e8b465ee728b)  -> (artifact id: '4f69d084a3cec1bc184c832fae0c4b24') in 0.069687 seconds
Number of updated asset objects reloaded before import = 0
Number of asset objects unloaded after import = 12
========================================================================
Received Import Request.
  Time since last request: 0.000058 seconds.
  path: Assets/polyperfect/Poly Christmas/Prefabs/Christmas/Gift_Christmas_Long_Open_Lid.prefab
  artifactKey: Guid(7f495781324ed2d4eb438e4cf6019d8e) Importer(815301076,1909f56bfc062723c751e8b465ee728b)
Start importing Assets/polyperfect/Poly Christmas/Prefabs/Christmas/Gift_Christmas_Long_Open_Lid.prefab using Guid(7f495781324ed2d4eb438e4cf6019d8e) Importer(815301076,1909f56bfc062723c751e8b465ee728b)  -> (artifact id: 'f4d2dc188299a9d7440c614e987e2855') in 0.076684 seconds
Number of updated asset objects reloaded before import = 0
Number of asset objects unloaded after import = 12
========================================================================
Received Import Request.
  Time since last request: 0.140780 seconds.
  path: Assets/polyperfect/Poly Christmas/Prefabs/Christmas/Gingerbread_Star_A.prefab
  artifactKey: Guid(41ebb487b837bc44698df435656c3aa9) Importer(815301076,1909f56bfc062723c751e8b465ee728b)
Start importing Assets/polyperfect/Poly Christmas/Prefabs/Christmas/Gingerbread_Star_A.prefab using Guid(41ebb487b837bc44698df435656c3aa9) Importer(815301076,1909f56bfc062723c751e8b465ee728b)  -> (artifact id: 'f86262cfa4eb1e44b0f7bbf81d0d368e') in 0.059666 seconds
Number of updated asset objects reloaded before import = 0
Number of asset objects unloaded after import = 12
========================================================================
Received Import Request.
  Time since last request: 0.000044 seconds.
  path: Assets/polyperfect/Poly Christmas/Prefabs/Christmas/Gingerbread_Star_B.prefab
  artifactKey: Guid(c4d96fe03b4f3434693d009cbd8388c2) Importer(815301076,1909f56bfc062723c751e8b465ee728b)
Start importing Assets/polyperfect/Poly Christmas/Prefabs/Christmas/Gingerbread_Star_B.prefab using Guid(c4d96fe03b4f3434693d009cbd8388c2) Importer(815301076,1909f56bfc062723c751e8b465ee728b)  -> (artifact id: '85f4136c8d493f5f3b97df8a89dcf8b9') in 0.068286 seconds
Number of updated asset objects reloaded before import = 0
Number of asset objects unloaded after import = 12
========================================================================
Received Import Request.
  Time since last request: 0.000021 seconds.
  path: Assets/polyperfect/Poly Christmas/Prefabs/Christmas/Gingerbread_Tree_A.prefab
  artifactKey: Guid(409ae2c07e2ae7f47b09620e410637dc) Importer(815301076,1909f56bfc062723c751e8b465ee728b)
Start importing Assets/polyperfect/Poly Christmas/Prefabs/Christmas/Gingerbread_Tree_A.prefab using Guid(409ae2c07e2ae7f47b09620e410637dc) Importer(815301076,1909f56bfc062723c751e8b465ee728b)  -> (artifact id: '7638c24b8a02cd53236ac3602bc14ba6') in 0.120223 seconds
Number of updated asset objects reloaded before import = 0
Number of asset objects unloaded after import = 12
========================================================================
Received Import Request.
  Time since last request: 0.000049 seconds.
  path: Assets/polyperfect/Poly Christmas/Prefabs/Christmas/Gravy_Boat_Christmas_Full.prefab
  artifactKey: Guid(9231c258bd431e3489fb93aabf705e36) Importer(815301076,1909f56bfc062723c751e8b465ee728b)
Start importing Assets/polyperfect/Poly Christmas/Prefabs/Christmas/Gravy_Boat_Christmas_Full.prefab using Guid(9231c258bd431e3489fb93aabf705e36) Importer(815301076,1909f56bfc062723c751e8b465ee728b)  -> (artifact id: '491a0d7bf465aaaa387c9fe65a1bfca2') in 0.078940 seconds
Number of updated asset objects reloaded before import = 0
Number of asset objects unloaded after import = 11
========================================================================
Received Import Request.
  Time since last request: 0.093661 seconds.
  path: Assets/polyperfect/Poly Christmas/Prefabs/Christmas/Holly_Plant.prefab
  artifactKey: Guid(36ae1f716957059429fb562176a5fae6) Importer(815301076,1909f56bfc062723c751e8b465ee728b)
Start importing Assets/polyperfect/Poly Christmas/Prefabs/Christmas/Holly_Plant.prefab using Guid(36ae1f716957059429fb562176a5fae6) Importer(815301076,1909f56bfc062723c751e8b465ee728b)  -> (artifact id: 'f565475f29b4770568aee9b1315deec8') in 0.062806 seconds
Number of updated asset objects reloaded before import = 0
Number of asset objects unloaded after import = 12
========================================================================
Received Import Request.
  Time since last request: 0.000038 seconds.
  path: Assets/polyperfect/Poly Christmas/Prefabs/Christmas/Jingle_Bell_Christmas.prefab
  artifactKey: Guid(9e63d060a71a489438bb99931dc4f8f1) Importer(815301076,1909f56bfc062723c751e8b465ee728b)
Start importing Assets/polyperfect/Poly Christmas/Prefabs/Christmas/Jingle_Bell_Christmas.prefab using Guid(9e63d060a71a489438bb99931dc4f8f1) Importer(815301076,1909f56bfc062723c751e8b465ee728b)  -> (artifact id: '19f0f20d77af54d6871aa6b02022456d') in 0.065609 seconds
Number of updated asset objects reloaded before import = 0
Number of asset objects unloaded after import = 12
========================================================================
Received Import Request.
  Time since last request: 0.000036 seconds.
  path: Assets/polyperfect/Poly Christmas/Prefabs/Christmas/Hot_Chocolate.prefab
  artifactKey: Guid(cbc0ffa54985f974588a114efa04de01) Importer(815301076,1909f56bfc062723c751e8b465ee728b)
Start importing Assets/polyperfect/Poly Christmas/Prefabs/Christmas/Hot_Chocolate.prefab using Guid(cbc0ffa54985f974588a114efa04de01) Importer(815301076,1909f56bfc062723c751e8b465ee728b)  -> (artifact id: '49f94c3ebb6086ac5f4b0fb19b8a7124') in 0.065383 seconds
Number of updated asset objects reloaded before import = 0
Number of asset objects unloaded after import = 11
========================================================================
Received Import Request.
  Time since last request: 0.000041 seconds.
  path: Assets/polyperfect/Poly Christmas/Prefabs/Christmas/Light_String_Color_Big_Vertical_3m_Christmas.prefab
  artifactKey: Guid(a95a01c640c4a524f9edf85490bd2cb7) Importer(815301076,1909f56bfc062723c751e8b465ee728b)
Start importing Assets/polyperfect/Poly Christmas/Prefabs/Christmas/Light_String_Color_Big_Vertical_3m_Christmas.prefab using Guid(a95a01c640c4a524f9edf85490bd2cb7) Importer(815301076,1909f56bfc062723c751e8b465ee728b)  -> (artifact id: '44cfdb8d0b862c85e67e639a3a7d8e6f') in 0.078808 seconds
Number of updated asset objects reloaded before import = 0
Number of asset objects unloaded after import = 12
========================================================================
Received Import Request.
  Time since last request: 0.000032 seconds.
  path: Assets/polyperfect/Poly Christmas/Prefabs/Christmas/Mashed_Potato.prefab
  artifactKey: Guid(8d47499db4b557f46bdccbadd5051abf) Importer(815301076,1909f56bfc062723c751e8b465ee728b)
Start importing Assets/polyperfect/Poly Christmas/Prefabs/Christmas/Mashed_Potato.prefab using Guid(8d47499db4b557f46bdccbadd5051abf) Importer(815301076,1909f56bfc062723c751e8b465ee728b)  -> (artifact id: '559338bb3371d7ae7c070eb06a1fe81b') in 0.065425 seconds
Number of updated asset objects reloaded before import = 0
Number of asset objects unloaded after import = 20
========================================================================
Received Import Request.
  Time since last request: 0.000022 seconds.
  path: Assets/polyperfect/Poly Christmas/Prefabs/Christmas/Light_String_Color_Big_5m_Christmas.prefab
  artifactKey: Guid(6ef52b4c0ca215444bb78a849af2cb19) Importer(815301076,1909f56bfc062723c751e8b465ee728b)
Start importing Assets/polyperfect/Poly Christmas/Prefabs/Christmas/Light_String_Color_Big_5m_Christmas.prefab using Guid(6ef52b4c0ca215444bb78a849af2cb19) Importer(815301076,1909f56bfc062723c751e8b465ee728b)  -> (artifact id: '8c23588689cde979c5c1fd98840b7890') in 0.070943 seconds
Number of updated asset objects reloaded before import = 0
Number of asset objects unloaded after import = 12
========================================================================
Received Import Request.
  Time since last request: 0.000040 seconds.
  path: Assets/polyperfect/Poly Christmas/Prefabs/Christmas/Light_String_White_Small_5m_Christmas.prefab
  artifactKey: Guid(9126c464565727448b1aaf3d668a9503) Importer(815301076,1909f56bfc062723c751e8b465ee728b)
Start importing Assets/polyperfect/Poly Christmas/Prefabs/Christmas/Light_String_White_Small_5m_Christmas.prefab using Guid(9126c464565727448b1aaf3d668a9503) Importer(815301076,1909f56bfc062723c751e8b465ee728b)  -> (artifact id: '4a178aed8a4804e8a542fc5eb63d0c91') in 0.075233 seconds
Number of updated asset objects reloaded before import = 0
Number of asset objects unloaded after import = 12
========================================================================
Received Import Request.
  Time since last request: 0.000457 seconds.
  path: Assets/polyperfect/Poly Christmas/Prefabs/Christmas/Light_String_White_Small_3m_Christmas.prefab
  artifactKey: Guid(b4f3a2dc312c508458524bdd7d94b3ab) Importer(815301076,1909f56bfc062723c751e8b465ee728b)
Start importing Assets/polyperfect/Poly Christmas/Prefabs/Christmas/Light_String_White_Small_3m_Christmas.prefab using Guid(b4f3a2dc312c508458524bdd7d94b3ab) Importer(815301076,1909f56bfc062723c751e8b465ee728b)  -> (artifact id: '61b55fa43a730352f174390ed512e0ff') in 0.062158 seconds
Number of updated asset objects reloaded before import = 0
Number of asset objects unloaded after import = 12
========================================================================
Received Import Request.
  Time since last request: 0.000049 seconds.
  path: Assets/polyperfect/Poly Christmas/Prefabs/Christmas/Pinecone.prefab
  artifactKey: Guid(594d0276bda3be24ab66e3b82a3bf2fd) Importer(815301076,1909f56bfc062723c751e8b465ee728b)
Start importing Assets/polyperfect/Poly Christmas/Prefabs/Christmas/Pinecone.prefab using Guid(594d0276bda3be24ab66e3b82a3bf2fd) Importer(815301076,1909f56bfc062723c751e8b465ee728b)  -> (artifact id: '96015220bfde4993c7ccf0a1031a8b81') in 0.074209 seconds
Number of updated asset objects reloaded before import = 0
Number of asset objects unloaded after import = 12
========================================================================
Received Import Request.
  Time since last request: 0.000028 seconds.
  path: Assets/polyperfect/Poly Christmas/Prefabs/Christmas/Nutcracker.prefab
  artifactKey: Guid(cc8cf3cf5dd650b49983c558e99f390d) Importer(815301076,1909f56bfc062723c751e8b465ee728b)
Start importing Assets/polyperfect/Poly Christmas/Prefabs/Christmas/Nutcracker.prefab using Guid(cc8cf3cf5dd650b49983c558e99f390d) Importer(815301076,1909f56bfc062723c751e8b465ee728b)  -> (artifact id: 'a71d70861b5212cb44b1bb7f383de5a4') in 0.079974 seconds
Number of updated asset objects reloaded before import = 0
Number of asset objects unloaded after import = 12
========================================================================
Received Import Request.
  Time since last request: 0.000069 seconds.
  path: Assets/polyperfect/Poly Christmas/Prefabs/Christmas/Mistletoe_B.prefab
  artifactKey: Guid(188d10171200cc642ab6bf02c438b703) Importer(815301076,1909f56bfc062723c751e8b465ee728b)
Start importing Assets/polyperfect/Poly Christmas/Prefabs/Christmas/Mistletoe_B.prefab using Guid(188d10171200cc642ab6bf02c438b703) Importer(815301076,1909f56bfc062723c751e8b465ee728b)  -> (artifact id: '43c389c6676b30553a27448fbd2232bb') in 0.072518 seconds
Number of updated asset objects reloaded before import = 0
Number of asset objects unloaded after import = 12
========================================================================
Received Import Request.
  Time since last request: 0.000051 seconds.
  path: Assets/polyperfect/Poly Christmas/Prefabs/Christmas/Mug_Christmas.prefab
  artifactKey: Guid(af75da6d544d7eb4bbda4b8ce25b18d9) Importer(815301076,1909f56bfc062723c751e8b465ee728b)
Start importing Assets/polyperfect/Poly Christmas/Prefabs/Christmas/Mug_Christmas.prefab using Guid(af75da6d544d7eb4bbda4b8ce25b18d9) Importer(815301076,1909f56bfc062723c751e8b465ee728b)  -> (artifact id: '487f56dba6e3a8ad34d0d4b606701cc6') in 0.066054 seconds
Number of updated asset objects reloaded before import = 0
Number of asset objects unloaded after import = 12
========================================================================
Received Import Request.
  Time since last request: 0.610303 seconds.
  path: Assets/polyperfect/Poly Christmas/Prefabs/Christmas/Plate_Dinner_English.prefab
  artifactKey: Guid(2e4ce174d6fedb649b3dd104c2df0083) Importer(815301076,1909f56bfc062723c751e8b465ee728b)
Start importing Assets/polyperfect/Poly Christmas/Prefabs/Christmas/Plate_Dinner_English.prefab using Guid(2e4ce174d6fedb649b3dd104c2df0083) Importer(815301076,1909f56bfc062723c751e8b465ee728b)  -> (artifact id: '972e4e7c2808074193097096d7e71100') in 0.069763 seconds
Number of updated asset objects reloaded before import = 0
Number of asset objects unloaded after import = 12
========================================================================
Received Import Request.
  Time since last request: 0.000024 seconds.
  path: Assets/polyperfect/Poly Christmas/Prefabs/Christmas/Sleigh_Christmas.prefab
  artifactKey: Guid(bdfcb529799320b45aa29f35ea838ab8) Importer(815301076,1909f56bfc062723c751e8b465ee728b)
Start importing Assets/polyperfect/Poly Christmas/Prefabs/Christmas/Sleigh_Christmas.prefab using Guid(bdfcb529799320b45aa29f35ea838ab8) Importer(815301076,1909f56bfc062723c751e8b465ee728b)  -> (artifact id: '0449d5a0170a7593cc293bff5dab48f2') in 0.081745 seconds
Number of updated asset objects reloaded before import = 0
Number of asset objects unloaded after import = 23
========================================================================
Received Import Request.
  Time since last request: 0.000081 seconds.
  path: Assets/polyperfect/Poly Christmas/Prefabs/Christmas/Plate_Soup_Christmas.prefab
  artifactKey: Guid(a747886a79633a649b9e82202d95d056) Importer(815301076,1909f56bfc062723c751e8b465ee728b)
Start importing Assets/polyperfect/Poly Christmas/Prefabs/Christmas/Plate_Soup_Christmas.prefab using Guid(a747886a79633a649b9e82202d95d056) Importer(815301076,1909f56bfc062723c751e8b465ee728b)  -> (artifact id: '86f24ba91b435d24f14de439f2518e3c') in 0.076004 seconds
Number of updated asset objects reloaded before import = 0
Number of asset objects unloaded after import = 11
========================================================================
Received Import Request.
  Time since last request: 0.000039 seconds.
  path: Assets/polyperfect/Poly Christmas/Prefabs/Christmas/Snow_Globe.prefab
  artifactKey: Guid(a8d6e72dde5183f41a8e2eb5a5eb6047) Importer(815301076,1909f56bfc062723c751e8b465ee728b)
Start importing Assets/polyperfect/Poly Christmas/Prefabs/Christmas/Snow_Globe.prefab using Guid(a8d6e72dde5183f41a8e2eb5a5eb6047) Importer(815301076,1909f56bfc062723c751e8b465ee728b)  -> (artifact id: '5cfff6e237b8797c05ef739dd22368a7') in 0.780883 seconds
Number of updated asset objects reloaded before import = 0
Number of asset objects unloaded after import = 13
========================================================================
Received Import Request.
  Time since last request: 0.000088 seconds.
  path: Assets/polyperfect/Poly Christmas/Prefabs/Christmas/Turkey_Roasted.prefab
  artifactKey: Guid(f5f4af26cf92dd54d9fa86b0f2efd64c) Importer(815301076,1909f56bfc062723c751e8b465ee728b)
Start importing Assets/polyperfect/Poly Christmas/Prefabs/Christmas/Turkey_Roasted.prefab using Guid(f5f4af26cf92dd54d9fa86b0f2efd64c) Importer(815301076,1909f56bfc062723c751e8b465ee728b)  -> (artifact id: 'fb92e54e3963fbf5ccf8b9b5f3c08fae') in 0.083242 seconds
Number of updated asset objects reloaded before import = 0
Number of asset objects unloaded after import = 12
========================================================================
Received Import Request.
  Time since last request: 0.000031 seconds.
  path: Assets/polyperfect/Poly Christmas/Prefabs/Christmas/Wreath_Wall.prefab
  artifactKey: Guid(555dcb078b4a0664392484c18bfefbc9) Importer(815301076,1909f56bfc062723c751e8b465ee728b)
Start importing Assets/polyperfect/Poly Christmas/Prefabs/Christmas/Wreath_Wall.prefab using Guid(555dcb078b4a0664392484c18bfefbc9) Importer(815301076,1909f56bfc062723c751e8b465ee728b)  -> (artifact id: '0b0ec6cd708c53d93f9f3096b346f959') in 0.085099 seconds
Number of updated asset objects reloaded before import = 0
Number of asset objects unloaded after import = 12
========================================================================
Received Import Request.
  Time since last request: 0.000092 seconds.
  path: Assets/polyperfect/Poly Christmas/Prefabs/Christmas/Toy_Teddy_Bear_A.prefab
  artifactKey: Guid(f5cee404fa6c30e41a720db0974707a4) Importer(815301076,1909f56bfc062723c751e8b465ee728b)
Start importing Assets/polyperfect/Poly Christmas/Prefabs/Christmas/Toy_Teddy_Bear_A.prefab using Guid(f5cee404fa6c30e41a720db0974707a4) Importer(815301076,1909f56bfc062723c751e8b465ee728b)  -> (artifact id: '7aa39114769653be9f09dbc8d1c8dde5') in 0.072484 seconds
Number of updated asset objects reloaded before import = 0
Number of asset objects unloaded after import = 12
========================================================================
Received Import Request.
  Time since last request: 0.000068 seconds.
  path: Assets/polyperfect/Poly Christmas/Prefabs/Christmas/Tray_Christmas.prefab
  artifactKey: Guid(79c2119c4d89a4d4fb14463acee970f3) Importer(815301076,1909f56bfc062723c751e8b465ee728b)
Start importing Assets/polyperfect/Poly Christmas/Prefabs/Christmas/Tray_Christmas.prefab using Guid(79c2119c4d89a4d4fb14463acee970f3) Importer(815301076,1909f56bfc062723c751e8b465ee728b)  -> (artifact id: 'b506c257ff627f8b47bc442c18c4175f') in 0.067795 seconds
Number of updated asset objects reloaded before import = 0
Number of asset objects unloaded after import = 12
========================================================================
Received Import Request.
  Time since last request: 0.000073 seconds.
  path: Assets/polyperfect/Poly Christmas/Prefabs/Christmas/Tree_Christmass.prefab
  artifactKey: Guid(f3b167d1455e3004d87a606e6f13fcb4) Importer(815301076,1909f56bfc062723c751e8b465ee728b)
Start importing Assets/polyperfect/Poly Christmas/Prefabs/Christmas/Tree_Christmass.prefab using Guid(f3b167d1455e3004d87a606e6f13fcb4) Importer(815301076,1909f56bfc062723c751e8b465ee728b)  -> (artifact id: '0b8d047caef9e9067bb8abc3ee37d0a3') in 0.077977 seconds
Number of updated asset objects reloaded before import = 0
Number of asset objects unloaded after import = 12
========================================================================
Received Import Request.
  Time since last request: 0.000047 seconds.
  path: Assets/polyperfect/Poly Christmas/Prefabs/Christmas/Wreath_Advent_A.prefab
  artifactKey: Guid(aafa9e61c035e664e86285074c92dc81) Importer(815301076,1909f56bfc062723c751e8b465ee728b)
Start importing Assets/polyperfect/Poly Christmas/Prefabs/Christmas/Wreath_Advent_A.prefab using Guid(aafa9e61c035e664e86285074c92dc81) Importer(815301076,1909f56bfc062723c751e8b465ee728b)  -> (artifact id: '5ee86d09a3e6e25b16fc24edab8fa7ee') in 0.076866 seconds
Number of updated asset objects reloaded before import = 0
Number of asset objects unloaded after import = 13
========================================================================
Received Import Request.
  Time since last request: 0.000035 seconds.
  path: Assets/polyperfect/Poly Christmas/Prefabs/Christmas/Wreath_Advent_B.prefab
  artifactKey: Guid(a8d40578d0ef58840813a32c0a710bda) Importer(815301076,1909f56bfc062723c751e8b465ee728b)
Start importing Assets/polyperfect/Poly Christmas/Prefabs/Christmas/Wreath_Advent_B.prefab using Guid(a8d40578d0ef58840813a32c0a710bda) Importer(815301076,1909f56bfc062723c751e8b465ee728b)  -> (artifact id: '4bbd1945eee8ccb210c63e505e21af7b') in 0.066765 seconds
Number of updated asset objects reloaded before import = 0
Number of asset objects unloaded after import = 13
========================================================================
Received Import Request.
  Time since last request: 0.000033 seconds.
  path: Assets/polyperfect/Poly Christmas/Prefabs/Christmas/Table_Dinner_Christmas_Czech.prefab
  artifactKey: Guid(e33d50478231ff940b0986be6f98b4b0) Importer(815301076,1909f56bfc062723c751e8b465ee728b)
Start importing Assets/polyperfect/Poly Christmas/Prefabs/Christmas/Table_Dinner_Christmas_Czech.prefab using Guid(e33d50478231ff940b0986be6f98b4b0) Importer(815301076,1909f56bfc062723c751e8b465ee728b)  -> (artifact id: '6ec3b0085ff0a1e8c7bc91bcf05af15b') in 0.102863 seconds
Number of updated asset objects reloaded before import = 0
Number of asset objects unloaded after import = 324
========================================================================
Received Prepare
Begin MonoManager ReloadAssembly
- Loaded All Assemblies, in  1.482 seconds
Refreshing native plugins compatible for Editor in 29.87 ms, found 3 plugins.
Native extension for WindowsStandalone target not found
Native extension for WebGL target not found
[Package Manager] Server::EnsureServerProcessIsRunning -- launch failed, reason: Unity was launched with the -noUpm command-line argument
[Package Manager] UpmClient::Send -- Unable to send message (not connected to UPM process).
[Package Manager] Cannot connect to Unity Package Manager local server
Mono: successfully reloaded assembly
- Finished resetting the current domain, in  4.873 seconds
Domain Reload Profiling: 6350ms
	BeginReloadAssembly (315ms)
		ExecutionOrderSort (0ms)
		DisableScriptedObjects (8ms)
		BackupInstance (0ms)
		ReleaseScriptingObjects (0ms)
		CreateAndSetChildDomain (72ms)
	RebuildCommonClasses (110ms)
	RebuildNativeTypeToScriptingClass (38ms)
	initialDomainReloadingComplete (55ms)
	LoadAllAssembliesAndSetupDomain (957ms)
		LoadAssemblies (1107ms)
		RebuildTransferFunctionScriptingTraits (0ms)
		AnalyzeDomain (33ms)
			TypeCache.Refresh (15ms)
				TypeCache.ScanAssembly (0ms)
			ScanForSourceGeneratedMonoScriptInfo (0ms)
			ResolveRequiredComponents (16ms)
	FinalizeReload (4875ms)
		ReleaseScriptCaches (0ms)
		RebuildScriptCaches (0ms)
		SetupLoadedEditorAssemblies (2502ms)
			LogAssemblyErrors (0ms)
			InitializePlatformSupportModulesInManaged (29ms)
			SetLoadedEditorAssemblies (15ms)
			RefreshPlugins (0ms)
			BeforeProcessingInitializeOnLoad (214ms)
			ProcessInitializeOnLoadAttributes (2110ms)
			ProcessInitializeOnLoadMethodAttributes (108ms)
			AfterProcessingInitializeOnLoad (26ms)
			EditorAssembliesLoaded (1ms)
		ExecutionOrderSort2 (0ms)
		AwakeInstancesAfterBackupRestoration (31ms)
Refreshing native plugins compatible for Editor in 28.29 ms, found 3 plugins.
Preloading 0 native plugins for Editor in 0.00 ms.
Unloading 3116 Unused Serialized files (Serialized files now loaded: 0)
Unloading 24 unused Assets / (31.6 KB). Loaded Objects now: 3616.
Memory consumption went from 121.6 MB to 121.6 MB.
Total: 47.085600 ms (FindLiveObjects: 5.739000 ms CreateObjectMapping: 3.023300 ms MarkObjects: 38.210000 ms  DeleteObjects: 0.092600 ms)

Prepare: number of updated asset objects reloaded= 0
AssetImportParameters requested are different than current active one (requested -> active):
  custom:container-demuxer-ogg: 62fdf1f143b41e24485cea50d1cbac27 -> 
  custom:video-decoder-ogg-theora: a1e56fd34408186e4bbccfd4996cb3dc -> 
  custom:framework-win-MediaFoundation: 216162199b28c13a410421893ffa2e32 -> 
  custom:CustomObjectIndexerAttribute: 756ad292c208cfabdd7b50bc23989ffe -> 
  custom:container-demuxer-webm: 4f35f7cbe854078d1ac9338744f61a02 -> 
  custom:container-muxer-webm: aa71ff27fc2769a1b78a27578f13a17b -> 
  custom:video-decoder-webm-vp8: 9c59270c3fd7afecdb556c50c9e8de78 -> 
  custom:SearchIndexIgnoredProperties: e643bd26f0fe6173181afceb89e7c659 -> 
  custom:AudioImporter_EditorPlatform: d09bf68614088b80899f8185d706f6e7 -> 
  custom:video-encoder-webm-vp8: eb34c28f22e8b96e1ab97ce403110664 -> 
  custom:audio-decoder-ogg-vorbis: bf7c407c2cedff20999df2af8eb42d56 -> 
  custom:audio-encoder-webm-vorbis: bf7c407c2cedff20999df2af8eb42d56 -> 
========================================================================
Received Prepare
Begin MonoManager ReloadAssembly
- Loaded All Assemblies, in  0.796 seconds
Refreshing native plugins compatible for Editor in 5.43 ms, found 3 plugins.
Native extension for WindowsStandalone target not found
Native extension for WebGL target not found
[Package Manager] Server::EnsureServerProcessIsRunning -- launch failed, reason: Unity was launched with the -noUpm command-line argument
[Package Manager] UpmClient::Send -- Unable to send message (not connected to UPM process).
[Package Manager] Cannot connect to Unity Package Manager local server
Mono: successfully reloaded assembly
- Finished resetting the current domain, in  3.864 seconds
Domain Reload Profiling: 4657ms
	BeginReloadAssembly (269ms)
		ExecutionOrderSort (0ms)
		DisableScriptedObjects (11ms)
		BackupInstance (0ms)
		ReleaseScriptingObjects (0ms)
		CreateAndSetChildDomain (64ms)
	RebuildCommonClasses (52ms)
	RebuildNativeTypeToScriptingClass (17ms)
	initialDomainReloadingComplete (60ms)
	LoadAllAssembliesAndSetupDomain (393ms)
		LoadAssemblies (519ms)
		RebuildTransferFunctionScriptingTraits (0ms)
		AnalyzeDomain (19ms)
			TypeCache.Refresh (9ms)
				TypeCache.ScanAssembly (0ms)
			ScanForSourceGeneratedMonoScriptInfo (0ms)
			ResolveRequiredComponents (8ms)
	FinalizeReload (3866ms)
		ReleaseScriptCaches (0ms)
		RebuildScriptCaches (0ms)
		SetupLoadedEditorAssemblies (2345ms)
			LogAssemblyErrors (0ms)
			InitializePlatformSupportModulesInManaged (32ms)
			SetLoadedEditorAssemblies (16ms)
			RefreshPlugins (0ms)
			BeforeProcessingInitializeOnLoad (262ms)
			ProcessInitializeOnLoadAttributes (1885ms)
			ProcessInitializeOnLoadMethodAttributes (107ms)
			AfterProcessingInitializeOnLoad (41ms)
			EditorAssembliesLoaded (0ms)
		ExecutionOrderSort2 (0ms)
		AwakeInstancesAfterBackupRestoration (38ms)
Refreshing native plugins compatible for Editor in 22.85 ms, found 3 plugins.
Preloading 0 native plugins for Editor in 0.00 ms.
Unloading 3117 Unused Serialized files (Serialized files now loaded: 0)
Unloading 24 unused Assets / (31.6 KB). Loaded Objects now: 3619.
Memory consumption went from 121.9 MB to 121.8 MB.
Total: 7.754700 ms (FindLiveObjects: 0.528200 ms CreateObjectMapping: 0.600000 ms MarkObjects: 6.514400 ms  DeleteObjects: 0.109400 ms)

Prepare: number of updated asset objects reloaded= 0
AssetImportParameters requested are different than current active one (requested -> active):
  custom:container-demuxer-ogg: 62fdf1f143b41e24485cea50d1cbac27 -> 
  custom:video-decoder-ogg-theora: a1e56fd34408186e4bbccfd4996cb3dc -> 
  custom:framework-win-MediaFoundation: 216162199b28c13a410421893ffa2e32 -> 
  custom:CustomObjectIndexerAttribute: 756ad292c208cfabdd7b50bc23989ffe -> 
  custom:container-demuxer-webm: 4f35f7cbe854078d1ac9338744f61a02 -> 
  custom:container-muxer-webm: aa71ff27fc2769a1b78a27578f13a17b -> 
  custom:video-decoder-webm-vp8: 9c59270c3fd7afecdb556c50c9e8de78 -> 
  custom:SearchIndexIgnoredProperties: e643bd26f0fe6173181afceb89e7c659 -> 
  custom:AudioImporter_EditorPlatform: d09bf68614088b80899f8185d706f6e7 -> 
  custom:video-encoder-webm-vp8: eb34c28f22e8b96e1ab97ce403110664 -> 
  custom:audio-decoder-ogg-vorbis: bf7c407c2cedff20999df2af8eb42d56 -> 
  custom:audio-encoder-webm-vorbis: bf7c407c2cedff20999df2af8eb42d56 -> 
========================================================================
Received Prepare
Begin MonoManager ReloadAssembly
- Loaded All Assemblies, in  0.813 seconds
Refreshing native plugins compatible for Editor in 6.99 ms, found 3 plugins.
Native extension for WindowsStandalone target not found
Native extension for WebGL target not found
[Package Manager] Server::EnsureServerProcessIsRunning -- launch failed, reason: Unity was launched with the -noUpm command-line argument
[Package Manager] UpmClient::Send -- Unable to send message (not connected to UPM process).
[Package Manager] Cannot connect to Unity Package Manager local server
Mono: successfully reloaded assembly
- Finished resetting the current domain, in  3.901 seconds
Domain Reload Profiling: 4708ms
	BeginReloadAssembly (287ms)
		ExecutionOrderSort (0ms)
		DisableScriptedObjects (11ms)
		BackupInstance (0ms)
		ReleaseScriptingObjects (0ms)
		CreateAndSetChildDomain (51ms)
	RebuildCommonClasses (61ms)
	RebuildNativeTypeToScriptingClass (17ms)
	initialDomainReloadingComplete (55ms)
	LoadAllAssembliesAndSetupDomain (385ms)
		LoadAssemblies (542ms)
		RebuildTransferFunctionScriptingTraits (0ms)
		AnalyzeDomain (20ms)
			TypeCache.Refresh (9ms)
				TypeCache.ScanAssembly (0ms)
			ScanForSourceGeneratedMonoScriptInfo (0ms)
			ResolveRequiredComponents (9ms)
	FinalizeReload (3903ms)
		ReleaseScriptCaches (0ms)
		RebuildScriptCaches (0ms)
		SetupLoadedEditorAssemblies (2369ms)
			LogAssemblyErrors (0ms)
			InitializePlatformSupportModulesInManaged (32ms)
			SetLoadedEditorAssemblies (13ms)
			RefreshPlugins (0ms)
			BeforeProcessingInitializeOnLoad (222ms)
			ProcessInitializeOnLoadAttributes (1986ms)
			ProcessInitializeOnLoadMethodAttributes (87ms)
			AfterProcessingInitializeOnLoad (29ms)
			EditorAssembliesLoaded (0ms)
		ExecutionOrderSort2 (0ms)
		AwakeInstancesAfterBackupRestoration (33ms)
Refreshing native plugins compatible for Editor in 11.64 ms, found 3 plugins.
Preloading 0 native plugins for Editor in 0.00 ms.
Unloading 3117 Unused Serialized files (Serialized files now loaded: 0)
Unloading 24 unused Assets / (31.6 KB). Loaded Objects now: 3622.
Memory consumption went from 121.9 MB to 121.8 MB.
Total: 11.166800 ms (FindLiveObjects: 0.373600 ms CreateObjectMapping: 0.286700 ms MarkObjects: 10.322500 ms  DeleteObjects: 0.181400 ms)

Prepare: number of updated asset objects reloaded= 0
AssetImportParameters requested are different than current active one (requested -> active):
  custom:container-demuxer-ogg: 62fdf1f143b41e24485cea50d1cbac27 -> 
  custom:video-decoder-ogg-theora: a1e56fd34408186e4bbccfd4996cb3dc -> 
  custom:framework-win-MediaFoundation: 216162199b28c13a410421893ffa2e32 -> 
  custom:CustomObjectIndexerAttribute: 756ad292c208cfabdd7b50bc23989ffe -> 
  custom:container-demuxer-webm: 4f35f7cbe854078d1ac9338744f61a02 -> 
  custom:container-muxer-webm: aa71ff27fc2769a1b78a27578f13a17b -> 
  custom:video-decoder-webm-vp8: 9c59270c3fd7afecdb556c50c9e8de78 -> 
  custom:SearchIndexIgnoredProperties: e643bd26f0fe6173181afceb89e7c659 -> 
  custom:AudioImporter_EditorPlatform: d09bf68614088b80899f8185d706f6e7 -> 
  custom:video-encoder-webm-vp8: eb34c28f22e8b96e1ab97ce403110664 -> 
  custom:audio-decoder-ogg-vorbis: bf7c407c2cedff20999df2af8eb42d56 -> 
  custom:audio-encoder-webm-vorbis: bf7c407c2cedff20999df2af8eb42d56 -> 
========================================================================
Received Prepare
Begin MonoManager ReloadAssembly
- Loaded All Assemblies, in  0.812 seconds
Refreshing native plugins compatible for Editor in 6.63 ms, found 3 plugins.
Native extension for WindowsStandalone target not found
Native extension for WebGL target not found
[Package Manager] Server::EnsureServerProcessIsRunning -- launch failed, reason: Unity was launched with the -noUpm command-line argument
[Package Manager] UpmClient::Send -- Unable to send message (not connected to UPM process).
[Package Manager] Cannot connect to Unity Package Manager local server
Mono: successfully reloaded assembly
- Finished resetting the current domain, in  5.143 seconds
Domain Reload Profiling: 5960ms
	BeginReloadAssembly (270ms)
		ExecutionOrderSort (0ms)
		DisableScriptedObjects (10ms)
		BackupInstance (0ms)
		ReleaseScriptingObjects (0ms)
		CreateAndSetChildDomain (57ms)
	RebuildCommonClasses (65ms)
	RebuildNativeTypeToScriptingClass (21ms)
	initialDomainReloadingComplete (58ms)
	LoadAllAssembliesAndSetupDomain (393ms)
		LoadAssemblies (529ms)
		RebuildTransferFunctionScriptingTraits (0ms)
		AnalyzeDomain (18ms)
			TypeCache.Refresh (7ms)
				TypeCache.ScanAssembly (0ms)
			ScanForSourceGeneratedMonoScriptInfo (0ms)
			ResolveRequiredComponents (8ms)
	FinalizeReload (5154ms)
		ReleaseScriptCaches (0ms)
		RebuildScriptCaches (0ms)
		SetupLoadedEditorAssemblies (3398ms)
			LogAssemblyErrors (0ms)
			InitializePlatformSupportModulesInManaged (37ms)
			SetLoadedEditorAssemblies (18ms)
			RefreshPlugins (0ms)
			BeforeProcessingInitializeOnLoad (263ms)
			ProcessInitializeOnLoadAttributes (2927ms)
			ProcessInitializeOnLoadMethodAttributes (117ms)
			AfterProcessingInitializeOnLoad (37ms)
			EditorAssembliesLoaded (0ms)
		ExecutionOrderSort2 (0ms)
		AwakeInstancesAfterBackupRestoration (48ms)
Refreshing native plugins compatible for Editor in 30.16 ms, found 3 plugins.
Preloading 0 native plugins for Editor in 0.00 ms.
Unloading 3117 Unused Serialized files (Serialized files now loaded: 0)
Unloading 24 unused Assets / (31.6 KB). Loaded Objects now: 3625.
Memory consumption went from 121.9 MB to 121.8 MB.
Total: 25.062400 ms (FindLiveObjects: 3.044800 ms CreateObjectMapping: 0.611100 ms MarkObjects: 21.011800 ms  DeleteObjects: 0.389900 ms)

Prepare: number of updated asset objects reloaded= 0
AssetImportParameters requested are different than current active one (requested -> active):
  custom:container-demuxer-ogg: 62fdf1f143b41e24485cea50d1cbac27 -> 
  custom:video-decoder-ogg-theora: a1e56fd34408186e4bbccfd4996cb3dc -> 
  custom:framework-win-MediaFoundation: 216162199b28c13a410421893ffa2e32 -> 
  custom:CustomObjectIndexerAttribute: 756ad292c208cfabdd7b50bc23989ffe -> 
  custom:container-demuxer-webm: 4f35f7cbe854078d1ac9338744f61a02 -> 
  custom:container-muxer-webm: aa71ff27fc2769a1b78a27578f13a17b -> 
  custom:video-decoder-webm-vp8: 9c59270c3fd7afecdb556c50c9e8de78 -> 
  custom:SearchIndexIgnoredProperties: e643bd26f0fe6173181afceb89e7c659 -> 
  custom:AudioImporter_EditorPlatform: d09bf68614088b80899f8185d706f6e7 -> 
  custom:video-encoder-webm-vp8: eb34c28f22e8b96e1ab97ce403110664 -> 
  custom:audio-decoder-ogg-vorbis: bf7c407c2cedff20999df2af8eb42d56 -> 
  custom:audio-encoder-webm-vorbis: bf7c407c2cedff20999df2af8eb42d56 -> 
========================================================================
Received Import Request.
  Time since last request: 3329.543318 seconds.
  path: Assets/Mats/New Material 1.mat
  artifactKey: Guid(44b104de378145746abee184d58e4c9d) Importer(815301076,1909f56bfc062723c751e8b465ee728b)
Start importing Assets/Mats/New Material 1.mat using Guid(44b104de378145746abee184d58e4c9d) Importer(815301076,1909f56bfc062723c751e8b465ee728b)  -> (artifact id: '53232ae61b3fadbea36a37d860c3c692') in 1.700193 seconds
Number of updated asset objects reloaded before import = 0
Number of asset objects unloaded after import = 1
========================================================================
Received Import Request.
  Time since last request: 109.386610 seconds.
  path: Assets/UI Images and Sprites/Materials/ToySteamroller.mat
  artifactKey: Guid(852482b5d5b905b4ea6e12fe679e5f8e) Importer(815301076,1909f56bfc062723c751e8b465ee728b)
Start importing Assets/UI Images and Sprites/Materials/ToySteamroller.mat using Guid(852482b5d5b905b4ea6e12fe679e5f8e) Importer(815301076,1909f56bfc062723c751e8b465ee728b)  -> (artifact id: 'dc348d5a86ec0d0af8e31741ebac70fe') in 0.082310 seconds
Number of updated asset objects reloaded before import = 0
Number of asset objects unloaded after import = 2
========================================================================
Received Prepare
Begin MonoManager ReloadAssembly
- Loaded All Assemblies, in  2.186 seconds
Refreshing native plugins compatible for Editor in 16.44 ms, found 3 plugins.
Native extension for WindowsStandalone target not found
Native extension for WebGL target not found
[Package Manager] Server::EnsureServerProcessIsRunning -- launch failed, reason: Unity was launched with the -noUpm command-line argument
[Package Manager] UpmClient::Send -- Unable to send message (not connected to UPM process).
[Package Manager] Cannot connect to Unity Package Manager local server
Mono: successfully reloaded assembly
- Finished resetting the current domain, in  4.448 seconds
Domain Reload Profiling: 6627ms
	BeginReloadAssembly (666ms)
		ExecutionOrderSort (0ms)
		DisableScriptedObjects (16ms)
		BackupInstance (0ms)
		ReleaseScriptingObjects (0ms)
		CreateAndSetChildDomain (208ms)
	RebuildCommonClasses (121ms)
	RebuildNativeTypeToScriptingClass (41ms)
	initialDomainReloadingComplete (109ms)
	LoadAllAssembliesAndSetupDomain (1242ms)
		LoadAssemblies (1562ms)
		RebuildTransferFunctionScriptingTraits (0ms)
		AnalyzeDomain (32ms)
			TypeCache.Refresh (18ms)
				TypeCache.ScanAssembly (0ms)
			ScanForSourceGeneratedMonoScriptInfo (0ms)
			ResolveRequiredComponents (12ms)
	FinalizeReload (4449ms)
		ReleaseScriptCaches (0ms)
		RebuildScriptCaches (0ms)
		SetupLoadedEditorAssemblies (1576ms)
			LogAssemblyErrors (0ms)
			InitializePlatformSupportModulesInManaged (27ms)
			SetLoadedEditorAssemblies (25ms)
			RefreshPlugins (0ms)
			BeforeProcessingInitializeOnLoad (197ms)
			ProcessInitializeOnLoadAttributes (1265ms)
			ProcessInitializeOnLoadMethodAttributes (46ms)
			AfterProcessingInitializeOnLoad (15ms)
			EditorAssembliesLoaded (1ms)
		ExecutionOrderSort2 (0ms)
		AwakeInstancesAfterBackupRestoration (22ms)
Refreshing native plugins compatible for Editor in 13.58 ms, found 3 plugins.
Preloading 0 native plugins for Editor in 0.00 ms.
Unloading 3116 Unused Serialized files (Serialized files now loaded: 0)
Unloading 24 unused Assets / (31.6 KB). Loaded Objects now: 3661.
Memory consumption went from 121.9 MB to 121.8 MB.
Total: 13.491300 ms (FindLiveObjects: 0.570400 ms CreateObjectMapping: 0.469000 ms MarkObjects: 12.314000 ms  DeleteObjects: 0.135000 ms)

Prepare: number of updated asset objects reloaded= 0
AssetImportParameters requested are different than current active one (requested -> active):
  custom:container-demuxer-ogg: 62fdf1f143b41e24485cea50d1cbac27 -> 
  custom:video-decoder-ogg-theora: a1e56fd34408186e4bbccfd4996cb3dc -> 
  custom:framework-win-MediaFoundation: 216162199b28c13a410421893ffa2e32 -> 
  custom:CustomObjectIndexerAttribute: 756ad292c208cfabdd7b50bc23989ffe -> 
  custom:container-demuxer-webm: 4f35f7cbe854078d1ac9338744f61a02 -> 
  custom:container-muxer-webm: aa71ff27fc2769a1b78a27578f13a17b -> 
  custom:video-decoder-webm-vp8: 9c59270c3fd7afecdb556c50c9e8de78 -> 
  custom:SearchIndexIgnoredProperties: e643bd26f0fe6173181afceb89e7c659 -> 
  custom:AudioImporter_EditorPlatform: d09bf68614088b80899f8185d706f6e7 -> 
  custom:video-encoder-webm-vp8: eb34c28f22e8b96e1ab97ce403110664 -> 
  custom:audio-decoder-ogg-vorbis: bf7c407c2cedff20999df2af8eb42d56 -> 
  custom:audio-encoder-webm-vorbis: bf7c407c2cedff20999df2af8eb42d56 -> 
========================================================================
Received Prepare
Begin MonoManager ReloadAssembly
- Loaded All Assemblies, in  1.395 seconds
Refreshing native plugins compatible for Editor in 13.95 ms, found 3 plugins.
Native extension for WindowsStandalone target not found
Native extension for WebGL target not found
[Package Manager] Server::EnsureServerProcessIsRunning -- launch failed, reason: Unity was launched with the -noUpm command-line argument
[Package Manager] UpmClient::Send -- Unable to send message (not connected to UPM process).
[Package Manager] Cannot connect to Unity Package Manager local server
Mono: successfully reloaded assembly
- Finished resetting the current domain, in  4.242 seconds
Domain Reload Profiling: 5629ms
	BeginReloadAssembly (425ms)
		ExecutionOrderSort (0ms)
		DisableScriptedObjects (17ms)
		BackupInstance (0ms)
		ReleaseScriptingObjects (0ms)
		CreateAndSetChildDomain (92ms)
	RebuildCommonClasses (115ms)
	RebuildNativeTypeToScriptingClass (48ms)
	initialDomainReloadingComplete (106ms)
	LoadAllAssembliesAndSetupDomain (693ms)
		LoadAssemblies (907ms)
		RebuildTransferFunctionScriptingTraits (0ms)
		AnalyzeDomain (34ms)
			TypeCache.Refresh (14ms)
				TypeCache.ScanAssembly (0ms)
			ScanForSourceGeneratedMonoScriptInfo (1ms)
			ResolveRequiredComponents (14ms)
	FinalizeReload (4243ms)
		ReleaseScriptCaches (0ms)
		RebuildScriptCaches (0ms)
		SetupLoadedEditorAssemblies (2496ms)
			LogAssemblyErrors (0ms)
			InitializePlatformSupportModulesInManaged (28ms)
			SetLoadedEditorAssemblies (17ms)
			RefreshPlugins (0ms)
			BeforeProcessingInitializeOnLoad (261ms)
			ProcessInitializeOnLoadAttributes (2067ms)
			ProcessInitializeOnLoadMethodAttributes (88ms)
			AfterProcessingInitializeOnLoad (35ms)
			EditorAssembliesLoaded (2ms)
		ExecutionOrderSort2 (0ms)
		AwakeInstancesAfterBackupRestoration (30ms)
Refreshing native plugins compatible for Editor in 18.63 ms, found 3 plugins.
Preloading 0 native plugins for Editor in 0.00 ms.
Unloading 3117 Unused Serialized files (Serialized files now loaded: 0)
Unloading 24 unused Assets / (31.6 KB). Loaded Objects now: 3664.
Memory consumption went from 122.1 MB to 122.1 MB.
Total: 13.968500 ms (FindLiveObjects: 1.172500 ms CreateObjectMapping: 0.589000 ms MarkObjects: 12.066200 ms  DeleteObjects: 0.138400 ms)

Prepare: number of updated asset objects reloaded= 0
AssetImportParameters requested are different than current active one (requested -> active):
  custom:container-demuxer-ogg: 62fdf1f143b41e24485cea50d1cbac27 -> 
  custom:video-decoder-ogg-theora: a1e56fd34408186e4bbccfd4996cb3dc -> 
  custom:framework-win-MediaFoundation: 216162199b28c13a410421893ffa2e32 -> 
  custom:CustomObjectIndexerAttribute: 756ad292c208cfabdd7b50bc23989ffe -> 
  custom:container-demuxer-webm: 4f35f7cbe854078d1ac9338744f61a02 -> 
  custom:container-muxer-webm: aa71ff27fc2769a1b78a27578f13a17b -> 
  custom:video-decoder-webm-vp8: 9c59270c3fd7afecdb556c50c9e8de78 -> 
  custom:SearchIndexIgnoredProperties: e643bd26f0fe6173181afceb89e7c659 -> 
  custom:AudioImporter_EditorPlatform: d09bf68614088b80899f8185d706f6e7 -> 
  custom:video-encoder-webm-vp8: eb34c28f22e8b96e1ab97ce403110664 -> 
  custom:audio-decoder-ogg-vorbis: bf7c407c2cedff20999df2af8eb42d56 -> 
  custom:audio-encoder-webm-vorbis: bf7c407c2cedff20999df2af8eb42d56 -> 
========================================================================
Received Prepare
Begin MonoManager ReloadAssembly
- Loaded All Assemblies, in  1.254 seconds
Refreshing native plugins compatible for Editor in 12.00 ms, found 3 plugins.
Native extension for WindowsStandalone target not found
Native extension for WebGL target not found
[Package Manager] Server::EnsureServerProcessIsRunning -- launch failed, reason: Unity was launched with the -noUpm command-line argument
[Package Manager] UpmClient::Send -- Unable to send message (not connected to UPM process).
[Package Manager] Cannot connect to Unity Package Manager local server
Mono: successfully reloaded assembly
- Finished resetting the current domain, in  4.458 seconds
Domain Reload Profiling: 5708ms
	BeginReloadAssembly (412ms)
		ExecutionOrderSort (0ms)
		DisableScriptedObjects (17ms)
		BackupInstance (0ms)
		ReleaseScriptingObjects (0ms)
		CreateAndSetChildDomain (82ms)
	RebuildCommonClasses (99ms)
	RebuildNativeTypeToScriptingClass (36ms)
	initialDomainReloadingComplete (93ms)
	LoadAllAssembliesAndSetupDomain (604ms)
		LoadAssemblies (808ms)
		RebuildTransferFunctionScriptingTraits (0ms)
		AnalyzeDomain (35ms)
			TypeCache.Refresh (16ms)
				TypeCache.ScanAssembly (0ms)
			ScanForSourceGeneratedMonoScriptInfo (0ms)
			ResolveRequiredComponents (16ms)
	FinalizeReload (4464ms)
		ReleaseScriptCaches (0ms)
		RebuildScriptCaches (0ms)
		SetupLoadedEditorAssemblies (2629ms)
			LogAssemblyErrors (0ms)
			InitializePlatformSupportModulesInManaged (39ms)
			SetLoadedEditorAssemblies (12ms)
			RefreshPlugins (0ms)
			BeforeProcessingInitializeOnLoad (275ms)
			ProcessInitializeOnLoadAttributes (2191ms)
			ProcessInitializeOnLoadMethodAttributes (83ms)
			AfterProcessingInitializeOnLoad (28ms)
			EditorAssembliesLoaded (1ms)
		ExecutionOrderSort2 (0ms)
		AwakeInstancesAfterBackupRestoration (43ms)
Refreshing native plugins compatible for Editor in 19.35 ms, found 3 plugins.
Preloading 0 native plugins for Editor in 0.00 ms.
Unloading 3117 Unused Serialized files (Serialized files now loaded: 0)
Unloading 24 unused Assets / (31.7 KB). Loaded Objects now: 3667.
Memory consumption went from 122.1 MB to 122.1 MB.
Total: 11.332500 ms (FindLiveObjects: 1.429400 ms CreateObjectMapping: 0.595200 ms MarkObjects: 9.088000 ms  DeleteObjects: 0.202100 ms)

Prepare: number of updated asset objects reloaded= 0
AssetImportParameters requested are different than current active one (requested -> active):
  custom:container-demuxer-ogg: 62fdf1f143b41e24485cea50d1cbac27 -> 
  custom:video-decoder-ogg-theora: a1e56fd34408186e4bbccfd4996cb3dc -> 
  custom:framework-win-MediaFoundation: 216162199b28c13a410421893ffa2e32 -> 
  custom:CustomObjectIndexerAttribute: 756ad292c208cfabdd7b50bc23989ffe -> 
  custom:container-demuxer-webm: 4f35f7cbe854078d1ac9338744f61a02 -> 
  custom:container-muxer-webm: aa71ff27fc2769a1b78a27578f13a17b -> 
  custom:video-decoder-webm-vp8: 9c59270c3fd7afecdb556c50c9e8de78 -> 
  custom:SearchIndexIgnoredProperties: e643bd26f0fe6173181afceb89e7c659 -> 
  custom:AudioImporter_EditorPlatform: d09bf68614088b80899f8185d706f6e7 -> 
  custom:video-encoder-webm-vp8: eb34c28f22e8b96e1ab97ce403110664 -> 
  custom:audio-decoder-ogg-vorbis: bf7c407c2cedff20999df2af8eb42d56 -> 
  custom:audio-encoder-webm-vorbis: bf7c407c2cedff20999df2af8eb42d56 -> 
========================================================================
Received Prepare
Begin MonoManager ReloadAssembly
- Loaded All Assemblies, in  1.310 seconds
Refreshing native plugins compatible for Editor in 14.52 ms, found 3 plugins.
Native extension for WindowsStandalone target not found
Native extension for WebGL target not found
[Package Manager] Server::EnsureServerProcessIsRunning -- launch failed, reason: Unity was launched with the -noUpm command-line argument
[Package Manager] UpmClient::Send -- Unable to send message (not connected to UPM process).
[Package Manager] Cannot connect to Unity Package Manager local server
Mono: successfully reloaded assembly
- Finished resetting the current domain, in  4.393 seconds
Domain Reload Profiling: 5695ms
	BeginReloadAssembly (430ms)
		ExecutionOrderSort (0ms)
		DisableScriptedObjects (19ms)
		BackupInstance (0ms)
		ReleaseScriptingObjects (0ms)
		CreateAndSetChildDomain (93ms)
	RebuildCommonClasses (98ms)
	RebuildNativeTypeToScriptingClass (42ms)
	initialDomainReloadingComplete (100ms)
	LoadAllAssembliesAndSetupDomain (629ms)
		LoadAssemblies (846ms)
		RebuildTransferFunctionScriptingTraits (0ms)
		AnalyzeDomain (36ms)
			TypeCache.Refresh (18ms)
				TypeCache.ScanAssembly (0ms)
			ScanForSourceGeneratedMonoScriptInfo (0ms)
			ResolveRequiredComponents (14ms)
	FinalizeReload (4395ms)
		ReleaseScriptCaches (0ms)
		RebuildScriptCaches (0ms)
		SetupLoadedEditorAssemblies (2605ms)
			LogAssemblyErrors (0ms)
			InitializePlatformSupportModulesInManaged (31ms)
			SetLoadedEditorAssemblies (19ms)
			RefreshPlugins (0ms)
			BeforeProcessingInitializeOnLoad (257ms)
			ProcessInitializeOnLoadAttributes (2175ms)
			ProcessInitializeOnLoadMethodAttributes (91ms)
			AfterProcessingInitializeOnLoad (30ms)
			EditorAssembliesLoaded (1ms)
		ExecutionOrderSort2 (0ms)
		AwakeInstancesAfterBackupRestoration (31ms)
Refreshing native plugins compatible for Editor in 24.74 ms, found 3 plugins.
Preloading 0 native plugins for Editor in 0.00 ms.
Unloading 3117 Unused Serialized files (Serialized files now loaded: 0)
Unloading 24 unused Assets / (31.6 KB). Loaded Objects now: 3670.
Memory consumption went from 122.1 MB to 122.1 MB.
Total: 13.565800 ms (FindLiveObjects: 0.712900 ms CreateObjectMapping: 0.533900 ms MarkObjects: 12.161200 ms  DeleteObjects: 0.155300 ms)

Prepare: number of updated asset objects reloaded= 0
AssetImportParameters requested are different than current active one (requested -> active):
  custom:container-demuxer-ogg: 62fdf1f143b41e24485cea50d1cbac27 -> 
  custom:video-decoder-ogg-theora: a1e56fd34408186e4bbccfd4996cb3dc -> 
  custom:framework-win-MediaFoundation: 216162199b28c13a410421893ffa2e32 -> 
  custom:CustomObjectIndexerAttribute: 756ad292c208cfabdd7b50bc23989ffe -> 
  custom:container-demuxer-webm: 4f35f7cbe854078d1ac9338744f61a02 -> 
  custom:container-muxer-webm: aa71ff27fc2769a1b78a27578f13a17b -> 
  custom:video-decoder-webm-vp8: 9c59270c3fd7afecdb556c50c9e8de78 -> 
  custom:SearchIndexIgnoredProperties: e643bd26f0fe6173181afceb89e7c659 -> 
  custom:AudioImporter_EditorPlatform: d09bf68614088b80899f8185d706f6e7 -> 
  custom:video-encoder-webm-vp8: eb34c28f22e8b96e1ab97ce403110664 -> 
  custom:audio-decoder-ogg-vorbis: bf7c407c2cedff20999df2af8eb42d56 -> 
  custom:audio-encoder-webm-vorbis: bf7c407c2cedff20999df2af8eb42d56 -> 
========================================================================
Received Prepare
Begin MonoManager ReloadAssembly
- Loaded All Assemblies, in  1.325 seconds
Refreshing native plugins compatible for Editor in 15.07 ms, found 3 plugins.
Native extension for WindowsStandalone target not found
Native extension for WebGL target not found
[Package Manager] Server::EnsureServerProcessIsRunning -- launch failed, reason: Unity was launched with the -noUpm command-line argument
[Package Manager] UpmClient::Send -- Unable to send message (not connected to UPM process).
[Package Manager] Cannot connect to Unity Package Manager local server
Mono: successfully reloaded assembly
- Finished resetting the current domain, in  4.450 seconds
Domain Reload Profiling: 5769ms
	BeginReloadAssembly (444ms)
		ExecutionOrderSort (0ms)
		DisableScriptedObjects (17ms)
		BackupInstance (0ms)
		ReleaseScriptingObjects (0ms)
		CreateAndSetChildDomain (92ms)
	RebuildCommonClasses (94ms)
	RebuildNativeTypeToScriptingClass (48ms)
	initialDomainReloadingComplete (89ms)
	LoadAllAssembliesAndSetupDomain (641ms)
		LoadAssemblies (878ms)
		RebuildTransferFunctionScriptingTraits (0ms)
		AnalyzeDomain (27ms)
			TypeCache.Refresh (15ms)
				TypeCache.ScanAssembly (0ms)
			ScanForSourceGeneratedMonoScriptInfo (0ms)
			ResolveRequiredComponents (8ms)
	FinalizeReload (4452ms)
		ReleaseScriptCaches (0ms)
		RebuildScriptCaches (0ms)
		SetupLoadedEditorAssemblies (2584ms)
			LogAssemblyErrors (0ms)
			InitializePlatformSupportModulesInManaged (33ms)
			SetLoadedEditorAssemblies (17ms)
			RefreshPlugins (0ms)
			BeforeProcessingInitializeOnLoad (285ms)
			ProcessInitializeOnLoadAttributes (2132ms)
			ProcessInitializeOnLoadMethodAttributes (89ms)
			AfterProcessingInitializeOnLoad (28ms)
			EditorAssembliesLoaded (1ms)
		ExecutionOrderSort2 (0ms)
		AwakeInstancesAfterBackupRestoration (38ms)
Refreshing native plugins compatible for Editor in 17.38 ms, found 3 plugins.
Preloading 0 native plugins for Editor in 0.00 ms.
Unloading 3117 Unused Serialized files (Serialized files now loaded: 0)
Unloading 24 unused Assets / (31.7 KB). Loaded Objects now: 3673.
Memory consumption went from 122.1 MB to 122.1 MB.
Total: 9.569700 ms (FindLiveObjects: 0.611900 ms CreateObjectMapping: 0.775600 ms MarkObjects: 7.863000 ms  DeleteObjects: 0.316100 ms)

Prepare: number of updated asset objects reloaded= 0
AssetImportParameters requested are different than current active one (requested -> active):
  custom:container-demuxer-ogg: 62fdf1f143b41e24485cea50d1cbac27 -> 
  custom:video-decoder-ogg-theora: a1e56fd34408186e4bbccfd4996cb3dc -> 
  custom:framework-win-MediaFoundation: 216162199b28c13a410421893ffa2e32 -> 
  custom:CustomObjectIndexerAttribute: 756ad292c208cfabdd7b50bc23989ffe -> 
  custom:container-demuxer-webm: 4f35f7cbe854078d1ac9338744f61a02 -> 
  custom:container-muxer-webm: aa71ff27fc2769a1b78a27578f13a17b -> 
  custom:video-decoder-webm-vp8: 9c59270c3fd7afecdb556c50c9e8de78 -> 
  custom:SearchIndexIgnoredProperties: e643bd26f0fe6173181afceb89e7c659 -> 
  custom:AudioImporter_EditorPlatform: d09bf68614088b80899f8185d706f6e7 -> 
  custom:video-encoder-webm-vp8: eb34c28f22e8b96e1ab97ce403110664 -> 
  custom:audio-decoder-ogg-vorbis: bf7c407c2cedff20999df2af8eb42d56 -> 
  custom:audio-encoder-webm-vorbis: bf7c407c2cedff20999df2af8eb42d56 -> 
