Using pre-set license
Built from '2022.3/staging' branch; Version is '2022.3.10f1 (ff3792e53c62) revision 16725906'; Using compiler version '192829333'; Build Type 'Release'
OS: 'Windows 11  (10.0.22631) 64bit Core' Language: 'en' Physical Memory: 11976 MB
BatchMode: 1, IsHumanControllingUs: 0, StartBugReporterOnCrash: 0, Is64bit: 1, IsPro: 1

COMMAND LINE ARGUMENTS:
C:\Program Files\Unity\Hub\Editor\2022.3.10f1\Editor\Unity.exe
-adb2
-batchMode
-noUpm
-name
AssetImportWorker4
-projectPath
C:/Users/L1ght/overworked
-logFile
Logs/AssetImportWorker4.log
-srvPort
65075
Successfully changed project path to: C:/Users/L1ght/overworked
C:/Users/L1ght/overworked
[UnityMemory] Configuration Parameters - Can be set up in boot.config
    "memorysetup-bucket-allocator-granularity=16"
    "memorysetup-bucket-allocator-bucket-count=8"
    "memorysetup-bucket-allocator-block-size=33554432"
    "memorysetup-bucket-allocator-block-count=8"
    "memorysetup-main-allocator-block-size=16777216"
    "memorysetup-thread-allocator-block-size=16777216"
    "memorysetup-gfx-main-allocator-block-size=16777216"
    "memorysetup-gfx-thread-allocator-block-size=16777216"
    "memorysetup-cache-allocator-block-size=4194304"
    "memorysetup-typetree-allocator-block-size=2097152"
    "memorysetup-profiler-bucket-allocator-granularity=16"
    "memorysetup-profiler-bucket-allocator-bucket-count=8"
    "memorysetup-profiler-bucket-allocator-block-size=33554432"
    "memorysetup-profiler-bucket-allocator-block-count=8"
    "memorysetup-profiler-allocator-block-size=16777216"
    "memorysetup-profiler-editor-allocator-block-size=1048576"
    "memorysetup-temp-allocator-size-main=16777216"
    "memorysetup-job-temp-allocator-block-size=2097152"
    "memorysetup-job-temp-allocator-block-size-background=1048576"
    "memorysetup-job-temp-allocator-reduction-small-platforms=262144"
    "memorysetup-allocator-temp-initial-block-size-main=262144"
    "memorysetup-allocator-temp-initial-block-size-worker=262144"
    "memorysetup-temp-allocator-size-background-worker=32768"
    "memorysetup-temp-allocator-size-job-worker=262144"
    "memorysetup-temp-allocator-size-preload-manager=33554432"
    "memorysetup-temp-allocator-size-nav-mesh-worker=65536"
    "memorysetup-temp-allocator-size-audio-worker=65536"
    "memorysetup-temp-allocator-size-cloud-worker=32768"
    "memorysetup-temp-allocator-size-gi-baking-worker=262144"
    "memorysetup-temp-allocator-size-gfx=262144"
Player connection [17344] Host "[IP] 192.168.6.1 [Port] 0 [Flags] 2 [Guid] 3244627479 [EditorId] 3244627479 [Version] 1048832 [Id] WindowsEditor(7,Laptop) [Debug] 1 [PackageName] WindowsEditor [ProjectName] Editor" joined multi-casting on [225.0.0.222:54997]...

Player connection [17344] Host "[IP] 192.168.6.1 [Port] 0 [Flags] 2 [Guid] 3244627479 [EditorId] 3244627479 [Version] 1048832 [Id] WindowsEditor(7,Laptop) [Debug] 1 [PackageName] WindowsEditor [ProjectName] Editor" joined alternative multi-casting on [225.0.0.222:34997]...

[Physics::Module] Initialized MultithreadedJobDispatcher with 7 workers.
Refreshing native plugins compatible for Editor in 1117.83 ms, found 3 plugins.
Preloading 0 native plugins for Editor in 0.00 ms.
Initialize engine version: 2022.3.10f1 (ff3792e53c62)
[Subsystems] Discovering subsystems at path C:/Program Files/Unity/Hub/Editor/2022.3.10f1/Editor/Data/Resources/UnitySubsystems
[Subsystems] Discovering subsystems at path C:/Users/L1ght/overworked/Assets
GfxDevice: creating device client; threaded=0; jobified=0
Direct3D:
    Version:  Direct3D 11.0 [level 11.1]
    Renderer: Intel(R) UHD Graphics (ID=0x8a56)
    Vendor:   Intel
    VRAM:     5988 MB
    Driver:   26.20.100.7926
Initialize mono
Mono path[0] = 'C:/Program Files/Unity/Hub/Editor/2022.3.10f1/Editor/Data/Managed'
Mono path[1] = 'C:/Program Files/Unity/Hub/Editor/2022.3.10f1/Editor/Data/MonoBleedingEdge/lib/mono/unityjit-win32'
Mono config path = 'C:/Program Files/Unity/Hub/Editor/2022.3.10f1/Editor/Data/MonoBleedingEdge/etc'
Using monoOptions --debugger-agent=transport=dt_socket,embedding=1,server=y,suspend=n,address=127.0.0.1:56976
Begin MonoManager ReloadAssembly
Registering precompiled unity dll's ...
Register platform support module: C:/Program Files/Unity/Hub/Editor/2022.3.10f1/Editor/Data/PlaybackEngines/WebGLSupport/UnityEditor.WebGL.Extensions.dll
Register platform support module: C:/Program Files/Unity/Hub/Editor/2022.3.10f1/Editor/Data/PlaybackEngines/WindowsStandaloneSupport/UnityEditor.WindowsStandalone.Extensions.dll
Registered in 0.584991 seconds.
- Loaded All Assemblies, in 17.093 seconds
Native extension for WindowsStandalone target not found
Native extension for WebGL target not found
Mono: successfully reloaded assembly
- Finished resetting the current domain, in  0.721 seconds
Domain Reload Profiling: 17807ms
	BeginReloadAssembly (12526ms)
		ExecutionOrderSort (0ms)
		DisableScriptedObjects (0ms)
		BackupInstance (0ms)
		ReleaseScriptingObjects (0ms)
		CreateAndSetChildDomain (2ms)
	RebuildCommonClasses (980ms)
	RebuildNativeTypeToScriptingClass (32ms)
	initialDomainReloadingComplete (719ms)
	LoadAllAssembliesAndSetupDomain (2827ms)
		LoadAssemblies (12506ms)
		RebuildTransferFunctionScriptingTraits (0ms)
		AnalyzeDomain (2822ms)
			TypeCache.Refresh (2819ms)
				TypeCache.ScanAssembly (2059ms)
			ScanForSourceGeneratedMonoScriptInfo (1ms)
			ResolveRequiredComponents (1ms)
	FinalizeReload (723ms)
		ReleaseScriptCaches (0ms)
		RebuildScriptCaches (0ms)
		SetupLoadedEditorAssemblies (536ms)
			LogAssemblyErrors (0ms)
			InitializePlatformSupportModulesInManaged (33ms)
			SetLoadedEditorAssemblies (14ms)
			RefreshPlugins (0ms)
			BeforeProcessingInitializeOnLoad (6ms)
			ProcessInitializeOnLoadAttributes (329ms)
			ProcessInitializeOnLoadMethodAttributes (154ms)
			AfterProcessingInitializeOnLoad (0ms)
			EditorAssembliesLoaded (0ms)
		ExecutionOrderSort2 (0ms)
		AwakeInstancesAfterBackupRestoration (0ms)
========================================================================
Worker process is ready to serve import requests
Begin MonoManager ReloadAssembly
- Loaded All Assemblies, in 14.920 seconds
Refreshing native plugins compatible for Editor in 12.29 ms, found 3 plugins.
Native extension for WindowsStandalone target not found
Native extension for WebGL target not found
Package Manager log level set to [2]
[Package Manager] Server::EnsureServerProcessIsRunning -- launch failed, reason: Unity was launched with the -noUpm command-line argument
[Package Manager] UpmClient::Send -- Unable to send message (not connected to UPM process).
[Package Manager] Cannot connect to Unity Package Manager local server
Mono: successfully reloaded assembly
- Finished resetting the current domain, in  4.197 seconds
Domain Reload Profiling: 19102ms
	BeginReloadAssembly (575ms)
		ExecutionOrderSort (0ms)
		DisableScriptedObjects (18ms)
		BackupInstance (0ms)
		ReleaseScriptingObjects (1ms)
		CreateAndSetChildDomain (66ms)
	RebuildCommonClasses (135ms)
	RebuildNativeTypeToScriptingClass (61ms)
	initialDomainReloadingComplete (149ms)
	LoadAllAssembliesAndSetupDomain (13982ms)
		LoadAssemblies (12761ms)
		RebuildTransferFunctionScriptingTraits (0ms)
		AnalyzeDomain (1602ms)
			TypeCache.Refresh (1498ms)
				TypeCache.ScanAssembly (1359ms)
			ScanForSourceGeneratedMonoScriptInfo (72ms)
			ResolveRequiredComponents (28ms)
	FinalizeReload (4199ms)
		ReleaseScriptCaches (0ms)
		RebuildScriptCaches (0ms)
		SetupLoadedEditorAssemblies (3394ms)
			LogAssemblyErrors (0ms)
			InitializePlatformSupportModulesInManaged (27ms)
			SetLoadedEditorAssemblies (12ms)
			RefreshPlugins (0ms)
			BeforeProcessingInitializeOnLoad (202ms)
			ProcessInitializeOnLoadAttributes (2951ms)
			ProcessInitializeOnLoadMethodAttributes (70ms)
			AfterProcessingInitializeOnLoad (131ms)
			EditorAssembliesLoaded (1ms)
		ExecutionOrderSort2 (0ms)
		AwakeInstancesAfterBackupRestoration (65ms)
Launched and connected shader compiler UnityShaderCompiler.exe after 0.32 seconds
Refreshing native plugins compatible for Editor in 15.24 ms, found 3 plugins.
Preloading 0 native plugins for Editor in 0.00 ms.
Unloading 3074 Unused Serialized files (Serialized files now loaded: 0)
Unloading 31 unused Assets / (56.3 KB). Loaded Objects now: 3536.
Memory consumption went from 114.7 MB to 114.6 MB.
Total: 44.148200 ms (FindLiveObjects: 10.629500 ms CreateObjectMapping: 3.025100 ms MarkObjects: 30.135500 ms  DeleteObjects: 0.355200 ms)

AssetImportParameters requested are different than current active one (requested -> active):
  custom:container-demuxer-ogg: 62fdf1f143b41e24485cea50d1cbac27 -> 
  custom:video-decoder-ogg-theora: a1e56fd34408186e4bbccfd4996cb3dc -> 
  custom:framework-win-MediaFoundation: 216162199b28c13a410421893ffa2e32 -> 
  custom:CustomObjectIndexerAttribute: 756ad292c208cfabdd7b50bc23989ffe -> 
  custom:container-demuxer-webm: 4f35f7cbe854078d1ac9338744f61a02 -> 
  custom:container-muxer-webm: aa71ff27fc2769a1b78a27578f13a17b -> 
  custom:video-decoder-webm-vp8: 9c59270c3fd7afecdb556c50c9e8de78 -> 
  custom:SearchIndexIgnoredProperties: e643bd26f0fe6173181afceb89e7c659 -> 
  custom:AudioImporter_EditorPlatform: d09bf68614088b80899f8185d706f6e7 -> 
  custom:video-encoder-webm-vp8: eb34c28f22e8b96e1ab97ce403110664 -> 
  custom:audio-decoder-ogg-vorbis: bf7c407c2cedff20999df2af8eb42d56 -> 
  custom:audio-encoder-webm-vorbis: bf7c407c2cedff20999df2af8eb42d56 -> 
========================================================================
Received Import Request.
  Time since last request: 271346.174728 seconds.
  path: Assets/polyperfect/Poly Christmas/Meshes/Christmas
  artifactKey: Guid(2e7cd65d54f062c4ea979056b53cea1f) Importer(815301076,1909f56bfc062723c751e8b465ee728b)
Start importing Assets/polyperfect/Poly Christmas/Meshes/Christmas using Guid(2e7cd65d54f062c4ea979056b53cea1f) Importer(815301076,1909f56bfc062723c751e8b465ee728b)  -> (artifact id: '466b71602e6c4c7bc0f39c74fa737a6e') in 0.012494 seconds
Number of updated asset objects reloaded before import = 0
Number of asset objects unloaded after import = 0
========================================================================
Received Import Request.
  Time since last request: 0.000089 seconds.
  path: Assets/polyperfect/Poly Christmas/Meshes/Christmas/SM_Candle_Decorated_Lit_Christmas.fbx
  artifactKey: Guid(9cacb2bb64304f64d9e741bbccfd149f) Importer(815301076,1909f56bfc062723c751e8b465ee728b)
Start importing Assets/polyperfect/Poly Christmas/Meshes/Christmas/SM_Candle_Decorated_Lit_Christmas.fbx using Guid(9cacb2bb64304f64d9e741bbccfd149f) Importer(815301076,1909f56bfc062723c751e8b465ee728b)  -> (artifact id: 'e565637e19c29a2ece8b059f4d7271c8') in 2.098751 seconds
Number of updated asset objects reloaded before import = 0
Number of asset objects unloaded after import = 7
========================================================================
Received Import Request.
  Time since last request: 0.000162 seconds.
  path: Assets/polyperfect/Poly Christmas/Prefabs/Christmas/Bell_B_Christmas.prefab
  artifactKey: Guid(50856ad0d4ad9bd4192e5005b387518a) Importer(815301076,1909f56bfc062723c751e8b465ee728b)
Start importing Assets/polyperfect/Poly Christmas/Prefabs/Christmas/Bell_B_Christmas.prefab using Guid(50856ad0d4ad9bd4192e5005b387518a) Importer(815301076,1909f56bfc062723c751e8b465ee728b)  -> (artifact id: 'd1fb1905e64a0a23e87480c29f204026') in 0.196956 seconds
Number of updated asset objects reloaded before import = 0
Number of asset objects unloaded after import = 12
========================================================================
Received Import Request.
  Time since last request: 0.000046 seconds.
  path: Assets/polyperfect/Poly Christmas/Prefabs/Christmas/Bag_Gift_Christmas_C.prefab
  artifactKey: Guid(a310f2abf494537438b4fff3819ad521) Importer(815301076,1909f56bfc062723c751e8b465ee728b)
Start importing Assets/polyperfect/Poly Christmas/Prefabs/Christmas/Bag_Gift_Christmas_C.prefab using Guid(a310f2abf494537438b4fff3819ad521) Importer(815301076,1909f56bfc062723c751e8b465ee728b)  -> (artifact id: 'ef0071aba9c54ef83c589c31773f1fe0') in 0.287222 seconds
Number of updated asset objects reloaded before import = 0
Number of asset objects unloaded after import = 12
========================================================================
Received Import Request.
  Time since last request: 0.000844 seconds.
  path: Assets/polyperfect/Poly Christmas/Meshes/Christmas/SM_Candle_Decorated_Unlit_Christmas.fbx
  artifactKey: Guid(f6a3556f412250d4aa403b0209ff5394) Importer(815301076,1909f56bfc062723c751e8b465ee728b)
Start importing Assets/polyperfect/Poly Christmas/Meshes/Christmas/SM_Candle_Decorated_Unlit_Christmas.fbx using Guid(f6a3556f412250d4aa403b0209ff5394) Importer(815301076,1909f56bfc062723c751e8b465ee728b)  -> (artifact id: '225b3fe06a4f1c85ef00ae332278ea95') in 0.114191 seconds
Number of updated asset objects reloaded before import = 0
Number of asset objects unloaded after import = 7
========================================================================
Received Import Request.
  Time since last request: 0.000032 seconds.
  path: Assets/polyperfect/Poly Christmas/Materials/M_Universal_Emit.mat
  artifactKey: Guid(67ebe340f97be354c98766c2265fb834) Importer(815301076,1909f56bfc062723c751e8b465ee728b)
Start importing Assets/polyperfect/Poly Christmas/Materials/M_Universal_Emit.mat using Guid(67ebe340f97be354c98766c2265fb834) Importer(815301076,1909f56bfc062723c751e8b465ee728b)  -> (artifact id: '495cf065468ea88089963d7735e3a182') in 0.929232 seconds
Number of updated asset objects reloaded before import = 0
Number of asset objects unloaded after import = 4
========================================================================
Received Import Request.
  Time since last request: 0.000098 seconds.
  path: Assets/polyperfect/Poly Christmas/Prefabs/People/Seasons People/Boy_Large_Christmas.prefab
  artifactKey: Guid(178a91d74e58ff54fad2f616c1d945b5) Importer(815301076,1909f56bfc062723c751e8b465ee728b)
Start importing Assets/polyperfect/Poly Christmas/Prefabs/People/Seasons People/Boy_Large_Christmas.prefab using Guid(178a91d74e58ff54fad2f616c1d945b5) Importer(815301076,1909f56bfc062723c751e8b465ee728b)  -> (artifact id: '90f771fe4a295b032b864e35fb8e637e') in 0.738335 seconds
Number of updated asset objects reloaded before import = 0
Number of asset objects unloaded after import = 147
========================================================================
Received Import Request.
  Time since last request: 2.345740 seconds.
  path: Assets/polyperfect/Poly Christmas/Prefabs/Christmas/Chimney_Christmas_Top.prefab
  artifactKey: Guid(bc25847744180f143a82f2f1fefa65f4) Importer(815301076,1909f56bfc062723c751e8b465ee728b)
Start importing Assets/polyperfect/Poly Christmas/Prefabs/Christmas/Chimney_Christmas_Top.prefab using Guid(bc25847744180f143a82f2f1fefa65f4) Importer(815301076,1909f56bfc062723c751e8b465ee728b)  -> (artifact id: 'b58040e173228cda836e4a1956ac56cb') in 0.103367 seconds
Number of updated asset objects reloaded before import = 0
Number of asset objects unloaded after import = 12
========================================================================
Received Import Request.
  Time since last request: 0.426951 seconds.
  path: Assets/polyperfect/Poly Christmas/Prefabs/Christmas/Cookie_Jam_Circle.prefab
  artifactKey: Guid(37604b821891aed418254c455dda0e37) Importer(815301076,1909f56bfc062723c751e8b465ee728b)
Start importing Assets/polyperfect/Poly Christmas/Prefabs/Christmas/Cookie_Jam_Circle.prefab using Guid(37604b821891aed418254c455dda0e37) Importer(815301076,1909f56bfc062723c751e8b465ee728b)  -> (artifact id: 'eade27aee926fcf1702b05032d4e8b03') in 0.060515 seconds
Number of updated asset objects reloaded before import = 0
Number of asset objects unloaded after import = 12
========================================================================
Received Import Request.
  Time since last request: 0.053204 seconds.
  path: Assets/polyperfect/Poly Christmas/Prefabs/Christmas/Cracker_Box_Christmas.prefab
  artifactKey: Guid(2c5865b77234166419886bf941cb324b) Importer(815301076,1909f56bfc062723c751e8b465ee728b)
Start importing Assets/polyperfect/Poly Christmas/Prefabs/Christmas/Cracker_Box_Christmas.prefab using Guid(2c5865b77234166419886bf941cb324b) Importer(815301076,1909f56bfc062723c751e8b465ee728b)  -> (artifact id: 'd375ac3ade99537d23d94eeccef3c6ca') in 0.074481 seconds
Number of updated asset objects reloaded before import = 0
Number of asset objects unloaded after import = 12
========================================================================
Received Import Request.
  Time since last request: 7.233054 seconds.
  path: Assets/polyperfect/Poly Christmas/Prefabs/Christmas/Cutlery_Spoon_Christmas.prefab
  artifactKey: Guid(126456ebadb2f744ab70493941ed48ba) Importer(815301076,1909f56bfc062723c751e8b465ee728b)
Start importing Assets/polyperfect/Poly Christmas/Prefabs/Christmas/Cutlery_Spoon_Christmas.prefab using Guid(126456ebadb2f744ab70493941ed48ba) Importer(815301076,1909f56bfc062723c751e8b465ee728b)  -> (artifact id: 'b24db418c0fc90c89fa3edd42eb69ed1') in 0.070659 seconds
Number of updated asset objects reloaded before import = 0
Number of asset objects unloaded after import = 12
========================================================================
Received Import Request.
  Time since last request: 1.366246 seconds.
  path: Assets/polyperfect/Poly Christmas/Prefabs/Christmas/Fireplace_Brick_Large.prefab
  artifactKey: Guid(389853f73f540ff4f873ba42549519bb) Importer(815301076,1909f56bfc062723c751e8b465ee728b)
Start importing Assets/polyperfect/Poly Christmas/Prefabs/Christmas/Fireplace_Brick_Large.prefab using Guid(389853f73f540ff4f873ba42549519bb) Importer(815301076,1909f56bfc062723c751e8b465ee728b)  -> (artifact id: 'ab64be2abcc20255329b1faae75d3720') in 0.060253 seconds
Number of updated asset objects reloaded before import = 0
Number of asset objects unloaded after import = 12
========================================================================
Received Import Request.
  Time since last request: 1.770585 seconds.
  path: Assets/polyperfect/Poly Christmas/Prefabs/Christmas/Gift_Christmas_Cube_C.prefab
  artifactKey: Guid(59d82e366be904243b1b2bfa69401284) Importer(815301076,1909f56bfc062723c751e8b465ee728b)
Start importing Assets/polyperfect/Poly Christmas/Prefabs/Christmas/Gift_Christmas_Cube_C.prefab using Guid(59d82e366be904243b1b2bfa69401284) Importer(815301076,1909f56bfc062723c751e8b465ee728b)  -> (artifact id: '87aa5d53e8ae1ee27aad2f711c145504') in 0.056441 seconds
Number of updated asset objects reloaded before import = 0
Number of asset objects unloaded after import = 12
========================================================================
Received Import Request.
  Time since last request: 2.154179 seconds.
  path: Assets/polyperfect/Poly Christmas/Prefabs/Christmas/Gift_Christmas_Cylinde_D.prefab
  artifactKey: Guid(429b1d22961f3734cae0cf3202494f5a) Importer(815301076,1909f56bfc062723c751e8b465ee728b)
Start importing Assets/polyperfect/Poly Christmas/Prefabs/Christmas/Gift_Christmas_Cylinde_D.prefab using Guid(429b1d22961f3734cae0cf3202494f5a) Importer(815301076,1909f56bfc062723c751e8b465ee728b)  -> (artifact id: '535196deacde393804bab5ad46651a04') in 0.058232 seconds
Number of updated asset objects reloaded before import = 0
Number of asset objects unloaded after import = 12
========================================================================
Received Import Request.
  Time since last request: 1.632669 seconds.
  path: Assets/polyperfect/Poly Christmas/Prefabs/Christmas/Gift_Christmas_Cylinder_Open_Base.prefab
  artifactKey: Guid(d7b16977a93790d439630add5f3fb771) Importer(815301076,1909f56bfc062723c751e8b465ee728b)
Start importing Assets/polyperfect/Poly Christmas/Prefabs/Christmas/Gift_Christmas_Cylinder_Open_Base.prefab using Guid(d7b16977a93790d439630add5f3fb771) Importer(815301076,1909f56bfc062723c751e8b465ee728b)  -> (artifact id: 'debfad71d8c8af6299c9b3194eb4c696') in 0.056092 seconds
Number of updated asset objects reloaded before import = 0
Number of asset objects unloaded after import = 12
Editor requested this worker to shutdown with reason: Scaling down because of idle timeout
TcpMessagingSession - receive error: operation aborted. errorcode: 995, details: The I/O operation has been aborted because of either a thread exit or an application request.
AssetImportWorker is now disconnected from the server
Process exiting
Exiting without the bug reporter. Application will terminate with return code 0