Using pre-set license
Built from '2022.3/staging' branch; Version is '2022.3.10f1 (ff3792e53c62) revision 16725906'; Using compiler version '192829333'; Build Type 'Release'
OS: 'Windows 11  (10.0.22631) 64bit Core' Language: 'en' Physical Memory: 11976 MB
BatchMode: 1, IsHumanControllingUs: 0, StartBugReporterOnCrash: 0, Is64bit: 1, IsPro: 1

COMMAND LINE ARGUMENTS:
C:\Program Files\Unity\Hub\Editor\2022.3.10f1\Editor\Unity.exe
-adb2
-batchMode
-noUpm
-name
AssetImportWorker3
-projectPath
C:/Users/L1ght/overworked
-logFile
Logs/AssetImportWorker3.log
-srvPort
65075
Successfully changed project path to: C:/Users/L1ght/overworked
C:/Users/L1ght/overworked
[UnityMemory] Configuration Parameters - Can be set up in boot.config
    "memorysetup-bucket-allocator-granularity=16"
    "memorysetup-bucket-allocator-bucket-count=8"
    "memorysetup-bucket-allocator-block-size=33554432"
    "memorysetup-bucket-allocator-block-count=8"
    "memorysetup-main-allocator-block-size=16777216"
    "memorysetup-thread-allocator-block-size=16777216"
    "memorysetup-gfx-main-allocator-block-size=16777216"
    "memorysetup-gfx-thread-allocator-block-size=16777216"
    "memorysetup-cache-allocator-block-size=4194304"
    "memorysetup-typetree-allocator-block-size=2097152"
    "memorysetup-profiler-bucket-allocator-granularity=16"
    "memorysetup-profiler-bucket-allocator-bucket-count=8"
    "memorysetup-profiler-bucket-allocator-block-size=33554432"
    "memorysetup-profiler-bucket-allocator-block-count=8"
    "memorysetup-profiler-allocator-block-size=16777216"
    "memorysetup-profiler-editor-allocator-block-size=1048576"
    "memorysetup-temp-allocator-size-main=16777216"
    "memorysetup-job-temp-allocator-block-size=2097152"
    "memorysetup-job-temp-allocator-block-size-background=1048576"
    "memorysetup-job-temp-allocator-reduction-small-platforms=262144"
    "memorysetup-allocator-temp-initial-block-size-main=262144"
    "memorysetup-allocator-temp-initial-block-size-worker=262144"
    "memorysetup-temp-allocator-size-background-worker=32768"
    "memorysetup-temp-allocator-size-job-worker=262144"
    "memorysetup-temp-allocator-size-preload-manager=33554432"
    "memorysetup-temp-allocator-size-nav-mesh-worker=65536"
    "memorysetup-temp-allocator-size-audio-worker=65536"
    "memorysetup-temp-allocator-size-cloud-worker=32768"
    "memorysetup-temp-allocator-size-gi-baking-worker=262144"
    "memorysetup-temp-allocator-size-gfx=262144"
Player connection [19312] Host "[IP] 192.168.6.1 [Port] 0 [Flags] 2 [Guid] 3050317582 [EditorId] 3050317582 [Version] 1048832 [Id] WindowsEditor(7,Laptop) [Debug] 1 [PackageName] WindowsEditor [ProjectName] Editor" joined multi-casting on [225.0.0.222:54997]...

Player connection [19312] Host "[IP] 192.168.6.1 [Port] 0 [Flags] 2 [Guid] 3050317582 [EditorId] 3050317582 [Version] 1048832 [Id] WindowsEditor(7,Laptop) [Debug] 1 [PackageName] WindowsEditor [ProjectName] Editor" joined alternative multi-casting on [225.0.0.222:34997]...

[Physics::Module] Initialized MultithreadedJobDispatcher with 7 workers.
Refreshing native plugins compatible for Editor in 1085.00 ms, found 3 plugins.
Preloading 0 native plugins for Editor in 0.00 ms.
Initialize engine version: 2022.3.10f1 (ff3792e53c62)
[Subsystems] Discovering subsystems at path C:/Program Files/Unity/Hub/Editor/2022.3.10f1/Editor/Data/Resources/UnitySubsystems
[Subsystems] Discovering subsystems at path C:/Users/L1ght/overworked/Assets
GfxDevice: creating device client; threaded=0; jobified=0
Direct3D:
    Version:  Direct3D 11.0 [level 11.1]
    Renderer: Intel(R) UHD Graphics (ID=0x8a56)
    Vendor:   Intel
    VRAM:     5988 MB
    Driver:   26.20.100.7926
Initialize mono
Mono path[0] = 'C:/Program Files/Unity/Hub/Editor/2022.3.10f1/Editor/Data/Managed'
Mono path[1] = 'C:/Program Files/Unity/Hub/Editor/2022.3.10f1/Editor/Data/MonoBleedingEdge/lib/mono/unityjit-win32'
Mono config path = 'C:/Program Files/Unity/Hub/Editor/2022.3.10f1/Editor/Data/MonoBleedingEdge/etc'
Using monoOptions --debugger-agent=transport=dt_socket,embedding=1,server=y,suspend=n,address=127.0.0.1:56364
Begin MonoManager ReloadAssembly
Registering precompiled unity dll's ...
Register platform support module: C:/Program Files/Unity/Hub/Editor/2022.3.10f1/Editor/Data/PlaybackEngines/WebGLSupport/UnityEditor.WebGL.Extensions.dll
Register platform support module: C:/Program Files/Unity/Hub/Editor/2022.3.10f1/Editor/Data/PlaybackEngines/WindowsStandaloneSupport/UnityEditor.WindowsStandalone.Extensions.dll
Registered in 0.587157 seconds.
- Loaded All Assemblies, in 17.083 seconds
Native extension for WindowsStandalone target not found
Native extension for WebGL target not found
Mono: successfully reloaded assembly
- Finished resetting the current domain, in  0.731 seconds
Domain Reload Profiling: 17811ms
	BeginReloadAssembly (12571ms)
		ExecutionOrderSort (0ms)
		DisableScriptedObjects (0ms)
		BackupInstance (0ms)
		ReleaseScriptingObjects (0ms)
		CreateAndSetChildDomain (2ms)
	RebuildCommonClasses (933ms)
	RebuildNativeTypeToScriptingClass (31ms)
	initialDomainReloadingComplete (723ms)
	LoadAllAssembliesAndSetupDomain (2820ms)
		LoadAssemblies (12549ms)
		RebuildTransferFunctionScriptingTraits (0ms)
		AnalyzeDomain (2815ms)
			TypeCache.Refresh (2812ms)
				TypeCache.ScanAssembly (2071ms)
			ScanForSourceGeneratedMonoScriptInfo (1ms)
			ResolveRequiredComponents (1ms)
	FinalizeReload (734ms)
		ReleaseScriptCaches (0ms)
		RebuildScriptCaches (0ms)
		SetupLoadedEditorAssemblies (539ms)
			LogAssemblyErrors (0ms)
			InitializePlatformSupportModulesInManaged (39ms)
			SetLoadedEditorAssemblies (15ms)
			RefreshPlugins (0ms)
			BeforeProcessingInitializeOnLoad (5ms)
			ProcessInitializeOnLoadAttributes (322ms)
			ProcessInitializeOnLoadMethodAttributes (158ms)
			AfterProcessingInitializeOnLoad (0ms)
			EditorAssembliesLoaded (0ms)
		ExecutionOrderSort2 (0ms)
		AwakeInstancesAfterBackupRestoration (0ms)
========================================================================
Worker process is ready to serve import requests
Begin MonoManager ReloadAssembly
- Loaded All Assemblies, in 14.898 seconds
Refreshing native plugins compatible for Editor in 18.08 ms, found 3 plugins.
Native extension for WindowsStandalone target not found
Native extension for WebGL target not found
Package Manager log level set to [2]
[Package Manager] Server::EnsureServerProcessIsRunning -- launch failed, reason: Unity was launched with the -noUpm command-line argument
[Package Manager] UpmClient::Send -- Unable to send message (not connected to UPM process).
[Package Manager] Cannot connect to Unity Package Manager local server
Mono: successfully reloaded assembly
- Finished resetting the current domain, in  4.275 seconds
Domain Reload Profiling: 19165ms
	BeginReloadAssembly (625ms)
		ExecutionOrderSort (0ms)
		DisableScriptedObjects (20ms)
		BackupInstance (0ms)
		ReleaseScriptingObjects (0ms)
		CreateAndSetChildDomain (64ms)
	RebuildCommonClasses (151ms)
	RebuildNativeTypeToScriptingClass (41ms)
	initialDomainReloadingComplete (147ms)
	LoadAllAssembliesAndSetupDomain (13922ms)
		LoadAssemblies (12773ms)
		RebuildTransferFunctionScriptingTraits (0ms)
		AnalyzeDomain (1556ms)
			TypeCache.Refresh (1468ms)
				TypeCache.ScanAssembly (1338ms)
			ScanForSourceGeneratedMonoScriptInfo (63ms)
			ResolveRequiredComponents (22ms)
	FinalizeReload (4278ms)
		ReleaseScriptCaches (0ms)
		RebuildScriptCaches (0ms)
		SetupLoadedEditorAssemblies (3471ms)
			LogAssemblyErrors (0ms)
			InitializePlatformSupportModulesInManaged (34ms)
			SetLoadedEditorAssemblies (17ms)
			RefreshPlugins (0ms)
			BeforeProcessingInitializeOnLoad (213ms)
			ProcessInitializeOnLoadAttributes (2947ms)
			ProcessInitializeOnLoadMethodAttributes (69ms)
			AfterProcessingInitializeOnLoad (190ms)
			EditorAssembliesLoaded (1ms)
		ExecutionOrderSort2 (0ms)
		AwakeInstancesAfterBackupRestoration (74ms)
Launched and connected shader compiler UnityShaderCompiler.exe after 0.30 seconds
Refreshing native plugins compatible for Editor in 18.83 ms, found 3 plugins.
Preloading 0 native plugins for Editor in 0.00 ms.
Unloading 3074 Unused Serialized files (Serialized files now loaded: 0)
Unloading 31 unused Assets / (56.4 KB). Loaded Objects now: 3536.
Memory consumption went from 114.8 MB to 114.7 MB.
Total: 37.494500 ms (FindLiveObjects: 0.616200 ms CreateObjectMapping: 0.710400 ms MarkObjects: 35.444000 ms  DeleteObjects: 0.721900 ms)

AssetImportParameters requested are different than current active one (requested -> active):
  custom:container-demuxer-ogg: 62fdf1f143b41e24485cea50d1cbac27 -> 
  custom:video-decoder-ogg-theora: a1e56fd34408186e4bbccfd4996cb3dc -> 
  custom:framework-win-MediaFoundation: 216162199b28c13a410421893ffa2e32 -> 
  custom:CustomObjectIndexerAttribute: 756ad292c208cfabdd7b50bc23989ffe -> 
  custom:container-demuxer-webm: 4f35f7cbe854078d1ac9338744f61a02 -> 
  custom:container-muxer-webm: aa71ff27fc2769a1b78a27578f13a17b -> 
  custom:video-decoder-webm-vp8: 9c59270c3fd7afecdb556c50c9e8de78 -> 
  custom:SearchIndexIgnoredProperties: e643bd26f0fe6173181afceb89e7c659 -> 
  custom:AudioImporter_EditorPlatform: d09bf68614088b80899f8185d706f6e7 -> 
  custom:video-encoder-webm-vp8: eb34c28f22e8b96e1ab97ce403110664 -> 
  custom:audio-decoder-ogg-vorbis: bf7c407c2cedff20999df2af8eb42d56 -> 
  custom:audio-encoder-webm-vorbis: bf7c407c2cedff20999df2af8eb42d56 -> 
========================================================================
Received Import Request.
  Time since last request: 271346.184067 seconds.
  path: Assets/polyperfect/Poly Christmas
  artifactKey: Guid(b01bde89bfb1ab84e829aa58f1f5cde5) Importer(815301076,1909f56bfc062723c751e8b465ee728b)
Start importing Assets/polyperfect/Poly Christmas using Guid(b01bde89bfb1ab84e829aa58f1f5cde5) Importer(815301076,1909f56bfc062723c751e8b465ee728b)  -> (artifact id: '56a22974c5e8412ac955e14f0f21c820') in 0.010548 seconds
Number of updated asset objects reloaded before import = 0
Number of asset objects unloaded after import = 0
========================================================================
Received Import Request.
  Time since last request: 0.000062 seconds.
  path: Assets/polyperfect/Poly Christmas/Meshes/Christmas/SM_Bowl_Soup_Christmas.fbx
  artifactKey: Guid(816a617e09fa8cc40955a6cc59001cee) Importer(815301076,1909f56bfc062723c751e8b465ee728b)
Start importing Assets/polyperfect/Poly Christmas/Meshes/Christmas/SM_Bowl_Soup_Christmas.fbx using Guid(816a617e09fa8cc40955a6cc59001cee) Importer(815301076,1909f56bfc062723c751e8b465ee728b)  -> (artifact id: 'b83676eb96a323fda675f173c8400a2b') in 1.209155 seconds
Number of updated asset objects reloaded before import = 0
Number of asset objects unloaded after import = 7
========================================================================
Received Import Request.
  Time since last request: 0.000078 seconds.
  path: Assets/polyperfect/Poly Christmas/Prefabs/Christmas/Bowl_Soup_Christmas.prefab
  artifactKey: Guid(f0cc743abdc96a64bbf17e55265cb060) Importer(815301076,1909f56bfc062723c751e8b465ee728b)
Start importing Assets/polyperfect/Poly Christmas/Prefabs/Christmas/Bowl_Soup_Christmas.prefab using Guid(f0cc743abdc96a64bbf17e55265cb060) Importer(815301076,1909f56bfc062723c751e8b465ee728b)  -> (artifact id: 'a386c4cce7a705b0207217c6ffb78311') in 0.266816 seconds
Number of updated asset objects reloaded before import = 0
Number of asset objects unloaded after import = 12
========================================================================
Received Import Request.
  Time since last request: 0.000073 seconds.
  path: Assets/polyperfect/Poly Christmas/Prefabs/Christmas/Candle_Holder_Short_B_Unlit_Christmas.prefab
  artifactKey: Guid(66624b9ed169cb249ba975b0919cdf01) Importer(815301076,1909f56bfc062723c751e8b465ee728b)
Start importing Assets/polyperfect/Poly Christmas/Prefabs/Christmas/Candle_Holder_Short_B_Unlit_Christmas.prefab using Guid(66624b9ed169cb249ba975b0919cdf01) Importer(815301076,1909f56bfc062723c751e8b465ee728b)  -> (artifact id: '95f66cec3b450f7551cf610c1f6db72a') in 0.264627 seconds
Number of updated asset objects reloaded before import = 0
Number of asset objects unloaded after import = 12
========================================================================
Received Import Request.
  Time since last request: 0.000921 seconds.
  path: Assets/polyperfect/Poly Christmas/Prefabs/Christmas/Chimney_Christmas_1m.prefab
  artifactKey: Guid(d96c47625b4b898448325ef3fab12c14) Importer(815301076,1909f56bfc062723c751e8b465ee728b)
Start importing Assets/polyperfect/Poly Christmas/Prefabs/Christmas/Chimney_Christmas_1m.prefab using Guid(d96c47625b4b898448325ef3fab12c14) Importer(815301076,1909f56bfc062723c751e8b465ee728b)  -> (artifact id: '67b74c23069e1cb58dddc7d12f75b06a') in 0.191843 seconds
Number of updated asset objects reloaded before import = 0
Number of asset objects unloaded after import = 12
========================================================================
Received Import Request.
  Time since last request: 0.000359 seconds.
  path: Assets/polyperfect/Poly Christmas/Meshes/Christmas/SM_Candle_Holder_Arch.fbx
  artifactKey: Guid(df2f9732ee550a94f9eaab11f6eefd1a) Importer(815301076,1909f56bfc062723c751e8b465ee728b)
Start importing Assets/polyperfect/Poly Christmas/Meshes/Christmas/SM_Candle_Holder_Arch.fbx using Guid(df2f9732ee550a94f9eaab11f6eefd1a) Importer(815301076,1909f56bfc062723c751e8b465ee728b)  -> (artifact id: '62e656af68e89386402394f48b43c010') in 0.124467 seconds
Number of updated asset objects reloaded before import = 0
Number of asset objects unloaded after import = 7
========================================================================
Received Import Request.
  Time since last request: 0.000073 seconds.
  path: Assets/polyperfect/Poly Christmas/Prefabs/Christmas/Candle_Holder_Arch.prefab
  artifactKey: Guid(7a3c4e719a0a8f44d9ea64492e926fc4) Importer(815301076,1909f56bfc062723c751e8b465ee728b)
Start importing Assets/polyperfect/Poly Christmas/Prefabs/Christmas/Candle_Holder_Arch.prefab using Guid(7a3c4e719a0a8f44d9ea64492e926fc4) Importer(815301076,1909f56bfc062723c751e8b465ee728b)  -> (artifact id: '507b7f53740e33f72bf3541fc096c4d0') in 0.779846 seconds
Number of updated asset objects reloaded before import = 0
Number of asset objects unloaded after import = 13
========================================================================
Received Import Request.
  Time since last request: 0.000161 seconds.
  path: Assets/polyperfect/Poly Christmas/Textures/Buildings
  artifactKey: Guid(7b9374a5c906d004787fe6424174db50) Importer(815301076,1909f56bfc062723c751e8b465ee728b)
Start importing Assets/polyperfect/Poly Christmas/Textures/Buildings using Guid(7b9374a5c906d004787fe6424174db50) Importer(815301076,1909f56bfc062723c751e8b465ee728b)  -> (artifact id: '06ba8c0473f3e599ad9c6c8d3bdefc49') in 0.001458 seconds
Number of updated asset objects reloaded before import = 0
Number of asset objects unloaded after import = 0
========================================================================
Received Import Request.
  Time since last request: 0.000377 seconds.
  path: Assets/polyperfect/Poly Christmas/Meshes/Christmas/SM_Bell_A_Christmas.fbx
  artifactKey: Guid(5882d2d371ac41d48ab7f6b90483ba1c) Importer(815301076,1909f56bfc062723c751e8b465ee728b)
Start importing Assets/polyperfect/Poly Christmas/Meshes/Christmas/SM_Bell_A_Christmas.fbx using Guid(5882d2d371ac41d48ab7f6b90483ba1c) Importer(815301076,1909f56bfc062723c751e8b465ee728b)  -> (artifact id: '1133417a86f7836d06a00291dfd75011') in 0.161904 seconds
Number of updated asset objects reloaded before import = 0
Number of asset objects unloaded after import = 7
========================================================================
Received Import Request.
  Time since last request: 0.000047 seconds.
  path: Assets/polyperfect/Poly Christmas/Meshes/FBXImporter-static.preset
  artifactKey: Guid(7852157204fd8ae409d3957c1953789b) Importer(815301076,1909f56bfc062723c751e8b465ee728b)
Start importing Assets/polyperfect/Poly Christmas/Meshes/FBXImporter-static.preset using Guid(7852157204fd8ae409d3957c1953789b) Importer(815301076,1909f56bfc062723c751e8b465ee728b)  -> (artifact id: '1626368351d852db58aec91a74c31b3e') in 0.011230 seconds
Number of updated asset objects reloaded before import = 0
Number of asset objects unloaded after import = 1
========================================================================
Received Import Request.
  Time since last request: 0.000186 seconds.
  path: Assets/polyperfect/Poly Christmas/Prefabs/Christmas/Candle_Decorated_Lit_Christmas.prefab
  artifactKey: Guid(1a3e19330166a7f4095032c5de4d8767) Importer(815301076,1909f56bfc062723c751e8b465ee728b)
Start importing Assets/polyperfect/Poly Christmas/Prefabs/Christmas/Candle_Decorated_Lit_Christmas.prefab using Guid(1a3e19330166a7f4095032c5de4d8767) Importer(815301076,1909f56bfc062723c751e8b465ee728b)  -> (artifact id: 'b9ecde8156144461574df8d2f2c68a4d') in 0.132896 seconds
Number of updated asset objects reloaded before import = 0
Number of asset objects unloaded after import = 13
========================================================================
Received Import Request.
  Time since last request: 0.000064 seconds.
  path: Assets/polyperfect/Poly Christmas/_Demo Scenes/DEMO_01_ChristmasModels/LightingData.asset
  artifactKey: Guid(ea02ff42c08f26d4bbee8d5da4ac0162) Importer(815301076,1909f56bfc062723c751e8b465ee728b)
Start importing Assets/polyperfect/Poly Christmas/_Demo Scenes/DEMO_01_ChristmasModels/LightingData.asset using Guid(ea02ff42c08f26d4bbee8d5da4ac0162) Importer(815301076,1909f56bfc062723c751e8b465ee728b)  -> (artifact id: '6388b1c262b2139f3eb3cde92439fa69') in 0.005565 seconds
Number of updated asset objects reloaded before import = 0
Number of asset objects unloaded after import = 2
========================================================================
Received Import Request.
  Time since last request: 0.000060 seconds.
  path: Assets/polyperfect/Poly Christmas/Prefabs/Christmas/Candy_Cane.prefab
  artifactKey: Guid(eeddf08d6bf2d9445a90504b31b8a3ed) Importer(815301076,1909f56bfc062723c751e8b465ee728b)
Start importing Assets/polyperfect/Poly Christmas/Prefabs/Christmas/Candy_Cane.prefab using Guid(eeddf08d6bf2d9445a90504b31b8a3ed) Importer(815301076,1909f56bfc062723c751e8b465ee728b)  -> (artifact id: '5180255ef82ac7f292da8a7f0427214d') in 0.192447 seconds
Number of updated asset objects reloaded before import = 0
Number of asset objects unloaded after import = 12
========================================================================
Received Import Request.
  Time since last request: 0.000100 seconds.
  path: Assets/polyperfect/Poly Christmas/Prefabs/Christmas/Bag_Gift_Christmas_B.prefab
  artifactKey: Guid(d57212e3f523e134b88c84664362ce02) Importer(815301076,1909f56bfc062723c751e8b465ee728b)
Start importing Assets/polyperfect/Poly Christmas/Prefabs/Christmas/Bag_Gift_Christmas_B.prefab using Guid(d57212e3f523e134b88c84664362ce02) Importer(815301076,1909f56bfc062723c751e8b465ee728b)  -> (artifact id: '4fd50ded268432f3af4064c14ffb56de') in 0.330443 seconds
Number of updated asset objects reloaded before import = 0
Number of asset objects unloaded after import = 12
========================================================================
Received Import Request.
  Time since last request: 0.000063 seconds.
  path: Assets/polyperfect/Poly Christmas/Meshes/Christmas/SM_Candle_Holder_Short_A_Unlit_Christmas.fbx
  artifactKey: Guid(da507045e4ad41e4a9244fb51bc970d5) Importer(815301076,1909f56bfc062723c751e8b465ee728b)
Start importing Assets/polyperfect/Poly Christmas/Meshes/Christmas/SM_Candle_Holder_Short_A_Unlit_Christmas.fbx using Guid(da507045e4ad41e4a9244fb51bc970d5) Importer(815301076,1909f56bfc062723c751e8b465ee728b)  -> (artifact id: '5f27c5a5ab71713373500d39a27761be') in 0.242233 seconds
Number of updated asset objects reloaded before import = 0
Number of asset objects unloaded after import = 7
========================================================================
Received Import Request.
  Time since last request: 0.006436 seconds.
  path: Assets/polyperfect/Poly Christmas/Prefabs/Christmas/Chair_Dinner_Christmas.prefab
  artifactKey: Guid(5d24157eaef68444da179d32f640de98) Importer(815301076,1909f56bfc062723c751e8b465ee728b)
Start importing Assets/polyperfect/Poly Christmas/Prefabs/Christmas/Chair_Dinner_Christmas.prefab using Guid(5d24157eaef68444da179d32f640de98) Importer(815301076,1909f56bfc062723c751e8b465ee728b)  -> (artifact id: '87c28abbe83a693e0ec1a6c55f3935d6') in 0.294475 seconds
Number of updated asset objects reloaded before import = 0
Number of asset objects unloaded after import = 12
Editor requested this worker to shutdown with reason: Scaling down because of idle timeout
TcpMessagingSession - receive error: operation aborted. errorcode: 995, details: The I/O operation has been aborted because of either a thread exit or an application request.
AssetImportWorker is now disconnected from the server
Process exiting
Exiting without the bug reporter. Application will terminate with return code 0