Using pre-set license
Built from '2022.3/staging' branch; Version is '2022.3.10f1 (ff3792e53c62) revision 16725906'; Using compiler version '192829333'; Build Type 'Release'
OS: 'Windows 11  (10.0.22631) 64bit Core' Language: 'en' Physical Memory: 11976 MB
BatchMode: 1, IsHumanControllingUs: 0, StartBugReporterOnCrash: 0, Is64bit: 1, IsPro: 1

COMMAND LINE ARGUMENTS:
C:\Program Files\Unity\Hub\Editor\2022.3.10f1\Editor\Unity.exe
-adb2
-batchMode
-noUpm
-name
AssetImportWorker2
-projectPath
C:/Users/L1ght/overworked
-logFile
Logs/AssetImportWorker2.log
-srvPort
65075
Successfully changed project path to: C:/Users/L1ght/overworked
C:/Users/L1ght/overworked
[UnityMemory] Configuration Parameters - Can be set up in boot.config
    "memorysetup-bucket-allocator-granularity=16"
    "memorysetup-bucket-allocator-bucket-count=8"
    "memorysetup-bucket-allocator-block-size=33554432"
    "memorysetup-bucket-allocator-block-count=8"
    "memorysetup-main-allocator-block-size=16777216"
    "memorysetup-thread-allocator-block-size=16777216"
    "memorysetup-gfx-main-allocator-block-size=16777216"
    "memorysetup-gfx-thread-allocator-block-size=16777216"
    "memorysetup-cache-allocator-block-size=4194304"
    "memorysetup-typetree-allocator-block-size=2097152"
    "memorysetup-profiler-bucket-allocator-granularity=16"
    "memorysetup-profiler-bucket-allocator-bucket-count=8"
    "memorysetup-profiler-bucket-allocator-block-size=33554432"
    "memorysetup-profiler-bucket-allocator-block-count=8"
    "memorysetup-profiler-allocator-block-size=16777216"
    "memorysetup-profiler-editor-allocator-block-size=1048576"
    "memorysetup-temp-allocator-size-main=16777216"
    "memorysetup-job-temp-allocator-block-size=2097152"
    "memorysetup-job-temp-allocator-block-size-background=1048576"
    "memorysetup-job-temp-allocator-reduction-small-platforms=262144"
    "memorysetup-allocator-temp-initial-block-size-main=262144"
    "memorysetup-allocator-temp-initial-block-size-worker=262144"
    "memorysetup-temp-allocator-size-background-worker=32768"
    "memorysetup-temp-allocator-size-job-worker=262144"
    "memorysetup-temp-allocator-size-preload-manager=33554432"
    "memorysetup-temp-allocator-size-nav-mesh-worker=65536"
    "memorysetup-temp-allocator-size-audio-worker=65536"
    "memorysetup-temp-allocator-size-cloud-worker=32768"
    "memorysetup-temp-allocator-size-gi-baking-worker=262144"
    "memorysetup-temp-allocator-size-gfx=262144"
Player connection [23292] Host "[IP] 192.168.6.1 [Port] 0 [Flags] 2 [Guid] 107404935 [EditorId] 107404935 [Version] 1048832 [Id] WindowsEditor(7,Laptop) [Debug] 1 [PackageName] WindowsEditor [ProjectName] Editor" joined multi-casting on [225.0.0.222:54997]...

Player connection [23292] Host "[IP] 192.168.6.1 [Port] 0 [Flags] 2 [Guid] 107404935 [EditorId] 107404935 [Version] 1048832 [Id] WindowsEditor(7,Laptop) [Debug] 1 [PackageName] WindowsEditor [ProjectName] Editor" joined alternative multi-casting on [225.0.0.222:34997]...

[Physics::Module] Initialized MultithreadedJobDispatcher with 7 workers.
Refreshing native plugins compatible for Editor in 1081.53 ms, found 3 plugins.
Preloading 0 native plugins for Editor in 0.00 ms.
Initialize engine version: 2022.3.10f1 (ff3792e53c62)
[Subsystems] Discovering subsystems at path C:/Program Files/Unity/Hub/Editor/2022.3.10f1/Editor/Data/Resources/UnitySubsystems
[Subsystems] Discovering subsystems at path C:/Users/L1ght/overworked/Assets
GfxDevice: creating device client; threaded=0; jobified=0
Direct3D:
    Version:  Direct3D 11.0 [level 11.1]
    Renderer: Intel(R) UHD Graphics (ID=0x8a56)
    Vendor:   Intel
    VRAM:     5988 MB
    Driver:   26.20.100.7926
Initialize mono
Mono path[0] = 'C:/Program Files/Unity/Hub/Editor/2022.3.10f1/Editor/Data/Managed'
Mono path[1] = 'C:/Program Files/Unity/Hub/Editor/2022.3.10f1/Editor/Data/MonoBleedingEdge/lib/mono/unityjit-win32'
Mono config path = 'C:/Program Files/Unity/Hub/Editor/2022.3.10f1/Editor/Data/MonoBleedingEdge/etc'
Using monoOptions --debugger-agent=transport=dt_socket,embedding=1,server=y,suspend=n,address=127.0.0.1:56176
Begin MonoManager ReloadAssembly
Registering precompiled unity dll's ...
Register platform support module: C:/Program Files/Unity/Hub/Editor/2022.3.10f1/Editor/Data/PlaybackEngines/WebGLSupport/UnityEditor.WebGL.Extensions.dll
Register platform support module: C:/Program Files/Unity/Hub/Editor/2022.3.10f1/Editor/Data/PlaybackEngines/WindowsStandaloneSupport/UnityEditor.WindowsStandalone.Extensions.dll
Registered in 0.580653 seconds.
- Loaded All Assemblies, in 17.097 seconds
Native extension for WindowsStandalone target not found
Native extension for WebGL target not found
Mono: successfully reloaded assembly
- Finished resetting the current domain, in  0.726 seconds
Domain Reload Profiling: 17816ms
	BeginReloadAssembly (12526ms)
		ExecutionOrderSort (0ms)
		DisableScriptedObjects (0ms)
		BackupInstance (0ms)
		ReleaseScriptingObjects (0ms)
		CreateAndSetChildDomain (3ms)
	RebuildCommonClasses (975ms)
	RebuildNativeTypeToScriptingClass (47ms)
	initialDomainReloadingComplete (714ms)
	LoadAllAssembliesAndSetupDomain (2827ms)
		LoadAssemblies (12514ms)
		RebuildTransferFunctionScriptingTraits (0ms)
		AnalyzeDomain (2821ms)
			TypeCache.Refresh (2818ms)
				TypeCache.ScanAssembly (2059ms)
			ScanForSourceGeneratedMonoScriptInfo (1ms)
			ResolveRequiredComponents (1ms)
	FinalizeReload (727ms)
		ReleaseScriptCaches (0ms)
		RebuildScriptCaches (0ms)
		SetupLoadedEditorAssemblies (539ms)
			LogAssemblyErrors (0ms)
			InitializePlatformSupportModulesInManaged (31ms)
			SetLoadedEditorAssemblies (15ms)
			RefreshPlugins (0ms)
			BeforeProcessingInitializeOnLoad (5ms)
			ProcessInitializeOnLoadAttributes (306ms)
			ProcessInitializeOnLoadMethodAttributes (182ms)
			AfterProcessingInitializeOnLoad (0ms)
			EditorAssembliesLoaded (0ms)
		ExecutionOrderSort2 (0ms)
		AwakeInstancesAfterBackupRestoration (0ms)
========================================================================
Worker process is ready to serve import requests
Begin MonoManager ReloadAssembly
- Loaded All Assemblies, in 14.894 seconds
Refreshing native plugins compatible for Editor in 19.22 ms, found 3 plugins.
Native extension for WindowsStandalone target not found
Native extension for WebGL target not found
Package Manager log level set to [2]
[Package Manager] Server::EnsureServerProcessIsRunning -- launch failed, reason: Unity was launched with the -noUpm command-line argument
[Package Manager] UpmClient::Send -- Unable to send message (not connected to UPM process).
[Package Manager] Cannot connect to Unity Package Manager local server
Mono: successfully reloaded assembly
- Finished resetting the current domain, in  4.319 seconds
Domain Reload Profiling: 19203ms
	BeginReloadAssembly (621ms)
		ExecutionOrderSort (0ms)
		DisableScriptedObjects (18ms)
		BackupInstance (0ms)
		ReleaseScriptingObjects (0ms)
		CreateAndSetChildDomain (70ms)
	RebuildCommonClasses (156ms)
	RebuildNativeTypeToScriptingClass (44ms)
	initialDomainReloadingComplete (152ms)
	LoadAllAssembliesAndSetupDomain (13910ms)
		LoadAssemblies (12764ms)
		RebuildTransferFunctionScriptingTraits (0ms)
		AnalyzeDomain (1558ms)
			TypeCache.Refresh (1460ms)
				TypeCache.ScanAssembly (1295ms)
			ScanForSourceGeneratedMonoScriptInfo (69ms)
			ResolveRequiredComponents (22ms)
	FinalizeReload (4321ms)
		ReleaseScriptCaches (0ms)
		RebuildScriptCaches (0ms)
		SetupLoadedEditorAssemblies (3691ms)
			LogAssemblyErrors (0ms)
			InitializePlatformSupportModulesInManaged (28ms)
			SetLoadedEditorAssemblies (12ms)
			RefreshPlugins (0ms)
			BeforeProcessingInitializeOnLoad (215ms)
			ProcessInitializeOnLoadAttributes (3124ms)
			ProcessInitializeOnLoadMethodAttributes (168ms)
			AfterProcessingInitializeOnLoad (143ms)
			EditorAssembliesLoaded (1ms)
		ExecutionOrderSort2 (0ms)
		AwakeInstancesAfterBackupRestoration (35ms)
Launched and connected shader compiler UnityShaderCompiler.exe after 0.24 seconds
Refreshing native plugins compatible for Editor in 15.15 ms, found 3 plugins.
Preloading 0 native plugins for Editor in 0.00 ms.
Unloading 3074 Unused Serialized files (Serialized files now loaded: 0)
Unloading 31 unused Assets / (56.3 KB). Loaded Objects now: 3536.
Memory consumption went from 114.5 MB to 114.4 MB.
Total: 43.919700 ms (FindLiveObjects: 1.229100 ms CreateObjectMapping: 10.752700 ms MarkObjects: 31.135200 ms  DeleteObjects: 0.797600 ms)

AssetImportParameters requested are different than current active one (requested -> active):
  custom:container-demuxer-ogg: 62fdf1f143b41e24485cea50d1cbac27 -> 
  custom:video-decoder-ogg-theora: a1e56fd34408186e4bbccfd4996cb3dc -> 
  custom:framework-win-MediaFoundation: 216162199b28c13a410421893ffa2e32 -> 
  custom:CustomObjectIndexerAttribute: 756ad292c208cfabdd7b50bc23989ffe -> 
  custom:container-demuxer-webm: 4f35f7cbe854078d1ac9338744f61a02 -> 
  custom:container-muxer-webm: aa71ff27fc2769a1b78a27578f13a17b -> 
  custom:video-decoder-webm-vp8: 9c59270c3fd7afecdb556c50c9e8de78 -> 
  custom:SearchIndexIgnoredProperties: e643bd26f0fe6173181afceb89e7c659 -> 
  custom:AudioImporter_EditorPlatform: d09bf68614088b80899f8185d706f6e7 -> 
  custom:video-encoder-webm-vp8: eb34c28f22e8b96e1ab97ce403110664 -> 
  custom:audio-decoder-ogg-vorbis: bf7c407c2cedff20999df2af8eb42d56 -> 
  custom:audio-encoder-webm-vorbis: bf7c407c2cedff20999df2af8eb42d56 -> 
========================================================================
Received Import Request.
  Time since last request: 271346.163662 seconds.
  path: Assets/polyperfect/Poly Christmas/Materials/M_Universal_B.mat
  artifactKey: Guid(026fffd1afb75f441b9da0ebcb309146) Importer(815301076,1909f56bfc062723c751e8b465ee728b)
Start importing Assets/polyperfect/Poly Christmas/Materials/M_Universal_B.mat using Guid(026fffd1afb75f441b9da0ebcb309146) Importer(815301076,1909f56bfc062723c751e8b465ee728b)  -> (artifact id: '5b09efb13aa66e748a8359322ae17a23') in 1.670116 seconds
Number of updated asset objects reloaded before import = 0
Number of asset objects unloaded after import = 5
========================================================================
Received Import Request.
  Time since last request: 0.000080 seconds.
  path: Assets/polyperfect/Poly Christmas/_Demo Scenes/DEMO_01_ChristmasModels/ReflectionProbe-0.exr
  artifactKey: Guid(061edb94b56a5aa49b9c883e7b76f776) Importer(815301076,1909f56bfc062723c751e8b465ee728b)
Start importing Assets/polyperfect/Poly Christmas/_Demo Scenes/DEMO_01_ChristmasModels/ReflectionProbe-0.exr using Guid(061edb94b56a5aa49b9c883e7b76f776) Importer(815301076,1909f56bfc062723c751e8b465ee728b)  -> (artifact id: '71fd7b896cac260323793dcece448ff0') in 0.729776 seconds
Number of updated asset objects reloaded before import = 0
Number of asset objects unloaded after import = 1
========================================================================
Received Import Request.
  Time since last request: 0.000062 seconds.
  path: Assets/polyperfect/Poly Christmas/Textures
  artifactKey: Guid(8c2df8e0f27d97f4b9134274b064bfcb) Importer(815301076,1909f56bfc062723c751e8b465ee728b)
Start importing Assets/polyperfect/Poly Christmas/Textures using Guid(8c2df8e0f27d97f4b9134274b064bfcb) Importer(815301076,1909f56bfc062723c751e8b465ee728b)  -> (artifact id: '35666e2234b032f1a2813cb3060580cd') in 0.001837 seconds
Number of updated asset objects reloaded before import = 0
Number of asset objects unloaded after import = 0
========================================================================
Received Import Request.
  Time since last request: 0.000138 seconds.
  path: Assets/polyperfect/Poly Christmas/Meshes/Christmas/SM_Bag_Gift_Christmas_C.fbx
  artifactKey: Guid(fee939a4254649a4fbf1616fd5f97794) Importer(815301076,1909f56bfc062723c751e8b465ee728b)
Start importing Assets/polyperfect/Poly Christmas/Meshes/Christmas/SM_Bag_Gift_Christmas_C.fbx using Guid(fee939a4254649a4fbf1616fd5f97794) Importer(815301076,1909f56bfc062723c751e8b465ee728b)  -> (artifact id: '0242916b6260123329dbd0681216708f') in 0.388662 seconds
Number of updated asset objects reloaded before import = 0
Number of asset objects unloaded after import = 7
========================================================================
Received Import Request.
  Time since last request: 0.000053 seconds.
  path: Assets/polyperfect/Poly Christmas/Prefabs/People/Seasons People
  artifactKey: Guid(c2e59d2a7f59edb47b9f6268f9621a19) Importer(815301076,1909f56bfc062723c751e8b465ee728b)
Start importing Assets/polyperfect/Poly Christmas/Prefabs/People/Seasons People using Guid(c2e59d2a7f59edb47b9f6268f9621a19) Importer(815301076,1909f56bfc062723c751e8b465ee728b)  -> (artifact id: '55b5724660cb2ae872d198b1dfeeaf38') in 0.001514 seconds
Number of updated asset objects reloaded before import = 0
Number of asset objects unloaded after import = 0
========================================================================
Received Import Request.
  Time since last request: 0.000233 seconds.
  path: Assets/polyperfect/Poly Christmas/_Demo Scenes
  artifactKey: Guid(61db662fe333e24429d7acbe7b873dcc) Importer(815301076,1909f56bfc062723c751e8b465ee728b)
Start importing Assets/polyperfect/Poly Christmas/_Demo Scenes using Guid(61db662fe333e24429d7acbe7b873dcc) Importer(815301076,1909f56bfc062723c751e8b465ee728b)  -> (artifact id: 'a16df9c5986b9ee6dac6534806d41492') in 0.003365 seconds
Number of updated asset objects reloaded before import = 0
Number of asset objects unloaded after import = 0
========================================================================
Received Import Request.
  Time since last request: 0.000269 seconds.
  path: Assets/polyperfect/Poly Christmas/Meshes/Christmas/SM_Candle_Holder_Short_A_Lit_Christmas.fbx
  artifactKey: Guid(fa6eabaacc20903429e6b42e01f3e0c9) Importer(815301076,1909f56bfc062723c751e8b465ee728b)
Start importing Assets/polyperfect/Poly Christmas/Meshes/Christmas/SM_Candle_Holder_Short_A_Lit_Christmas.fbx using Guid(fa6eabaacc20903429e6b42e01f3e0c9) Importer(815301076,1909f56bfc062723c751e8b465ee728b)  -> (artifact id: 'f290d45ec37d1e12c74483dd37245396') in 0.181786 seconds
Number of updated asset objects reloaded before import = 0
Number of asset objects unloaded after import = 7
========================================================================
Received Import Request.
  Time since last request: 0.000097 seconds.
  path: Assets/polyperfect/Poly Christmas/Prefabs/People/Seasons People/Woman_Santa_Helper_Christmas.prefab
  artifactKey: Guid(0e0e2102c19176e4eb687482140b4102) Importer(815301076,1909f56bfc062723c751e8b465ee728b)
Start importing Assets/polyperfect/Poly Christmas/Prefabs/People/Seasons People/Woman_Santa_Helper_Christmas.prefab using Guid(0e0e2102c19176e4eb687482140b4102) Importer(815301076,1909f56bfc062723c751e8b465ee728b)  -> (artifact id: '96b50447d123ac833be9a9f8672bfd19') in 0.280860 seconds
Number of updated asset objects reloaded before import = 0
Number of asset objects unloaded after import = 147
========================================================================
Received Import Request.
  Time since last request: 0.000168 seconds.
  path: Assets/polyperfect/Poly Christmas/Prefabs/Christmas/Bell_D_Christmas.prefab
  artifactKey: Guid(fbb34b5496ce8e94f85f03dde3cfaf3f) Importer(815301076,1909f56bfc062723c751e8b465ee728b)
Start importing Assets/polyperfect/Poly Christmas/Prefabs/Christmas/Bell_D_Christmas.prefab using Guid(fbb34b5496ce8e94f85f03dde3cfaf3f) Importer(815301076,1909f56bfc062723c751e8b465ee728b)  -> (artifact id: '50d6be317aea68d4a182c4df6cc99977') in 0.137776 seconds
Number of updated asset objects reloaded before import = 0
Number of asset objects unloaded after import = 12
========================================================================
Received Import Request.
  Time since last request: 0.000420 seconds.
  path: Assets/polyperfect/Poly Christmas/Prefabs/Christmas/Candle_Holder_Short_B_Lit_Christmas.prefab
  artifactKey: Guid(f3e3e6a4810588f4595c83096708c41c) Importer(815301076,1909f56bfc062723c751e8b465ee728b)
Start importing Assets/polyperfect/Poly Christmas/Prefabs/Christmas/Candle_Holder_Short_B_Lit_Christmas.prefab using Guid(f3e3e6a4810588f4595c83096708c41c) Importer(815301076,1909f56bfc062723c751e8b465ee728b)  -> (artifact id: '7b18781a78a035a5f25f35a99820b4fc') in 0.291729 seconds
Number of updated asset objects reloaded before import = 0
Number of asset objects unloaded after import = 12
========================================================================
Received Import Request.
  Time since last request: 0.000050 seconds.
  path: Assets/polyperfect/Poly Christmas/Prefabs/People
  artifactKey: Guid(62f90dd37d587034ca9652e887fd91aa) Importer(815301076,1909f56bfc062723c751e8b465ee728b)
Start importing Assets/polyperfect/Poly Christmas/Prefabs/People using Guid(62f90dd37d587034ca9652e887fd91aa) Importer(815301076,1909f56bfc062723c751e8b465ee728b)  -> (artifact id: '206269eeb543a370c43584754270c1ea') in 0.001894 seconds
Number of updated asset objects reloaded before import = 0
Number of asset objects unloaded after import = 0
========================================================================
Received Import Request.
  Time since last request: 0.032762 seconds.
  path: Assets/polyperfect/Poly Christmas/Materials
  artifactKey: Guid(7b6da58341f30b84aa4825f474ee3d79) Importer(815301076,1909f56bfc062723c751e8b465ee728b)
Start importing Assets/polyperfect/Poly Christmas/Materials using Guid(7b6da58341f30b84aa4825f474ee3d79) Importer(815301076,1909f56bfc062723c751e8b465ee728b)  -> (artifact id: '7ebdeeb0e167572e2efa72b4924b4b33') in 0.005652 seconds
Number of updated asset objects reloaded before import = 0
Number of asset objects unloaded after import = 0
========================================================================
Received Import Request.
  Time since last request: 0.000540 seconds.
  path: Assets/polyperfect/Poly Christmas/Prefabs/People/Seasons People/Woman_Antlers_Christmas.prefab
  artifactKey: Guid(e6d4bc44495a2c14da1062f50f5ea967) Importer(815301076,1909f56bfc062723c751e8b465ee728b)
Start importing Assets/polyperfect/Poly Christmas/Prefabs/People/Seasons People/Woman_Antlers_Christmas.prefab using Guid(e6d4bc44495a2c14da1062f50f5ea967) Importer(815301076,1909f56bfc062723c751e8b465ee728b)  -> (artifact id: 'fa9aab56f6e761cd489cc6fac8aa0796') in 0.308848 seconds
Number of updated asset objects reloaded before import = 0
Number of asset objects unloaded after import = 147
========================================================================
Received Import Request.
  Time since last request: 0.000200 seconds.
  path: Assets/polyperfect/Poly Christmas/Prefabs/Christmas/Bell_A_Christmas.prefab
  artifactKey: Guid(bbd720a4a3b378b44a45d901c79582c8) Importer(815301076,1909f56bfc062723c751e8b465ee728b)
Start importing Assets/polyperfect/Poly Christmas/Prefabs/Christmas/Bell_A_Christmas.prefab using Guid(bbd720a4a3b378b44a45d901c79582c8) Importer(815301076,1909f56bfc062723c751e8b465ee728b)  -> (artifact id: '262297e891a512314e3862539fa69d5f') in 0.219183 seconds
Number of updated asset objects reloaded before import = 0
Number of asset objects unloaded after import = 12
========================================================================
Received Import Request.
  Time since last request: 2.357904 seconds.
  path: Assets/polyperfect/Poly Christmas/Prefabs/Christmas/Christmas_Pudding.prefab
  artifactKey: Guid(a72aaf57bc9228949ad87082772d1922) Importer(815301076,1909f56bfc062723c751e8b465ee728b)
Start importing Assets/polyperfect/Poly Christmas/Prefabs/Christmas/Christmas_Pudding.prefab using Guid(a72aaf57bc9228949ad87082772d1922) Importer(815301076,1909f56bfc062723c751e8b465ee728b)  -> (artifact id: '671294ecb6c17befe7b40355729e74f3') in 0.090701 seconds
Number of updated asset objects reloaded before import = 0
Number of asset objects unloaded after import = 12
========================================================================
Received Import Request.
  Time since last request: 0.440987 seconds.
  path: Assets/polyperfect/Poly Christmas/Prefabs/Christmas/Cookie_Jam_Heart.prefab
  artifactKey: Guid(4050e3ad3c6d44a4289459904206965b) Importer(815301076,1909f56bfc062723c751e8b465ee728b)
Start importing Assets/polyperfect/Poly Christmas/Prefabs/Christmas/Cookie_Jam_Heart.prefab using Guid(4050e3ad3c6d44a4289459904206965b) Importer(815301076,1909f56bfc062723c751e8b465ee728b)  -> (artifact id: 'c7a4877aa6cf8dd5d5303f7c71cbb489') in 0.062067 seconds
Number of updated asset objects reloaded before import = 0
Number of asset objects unloaded after import = 12
========================================================================
Received Import Request.
  Time since last request: 0.054503 seconds.
  path: Assets/polyperfect/Poly Christmas/Prefabs/Christmas/Cranberry_Sauce.prefab
  artifactKey: Guid(823d4f8551d766b449a9c98dc20acd11) Importer(815301076,1909f56bfc062723c751e8b465ee728b)
Start importing Assets/polyperfect/Poly Christmas/Prefabs/Christmas/Cranberry_Sauce.prefab using Guid(823d4f8551d766b449a9c98dc20acd11) Importer(815301076,1909f56bfc062723c751e8b465ee728b)  -> (artifact id: '28de298ada4a8e8dfd0a38652282d2ba') in 0.076674 seconds
Number of updated asset objects reloaded before import = 0
Number of asset objects unloaded after import = 12
========================================================================
Received Import Request.
  Time since last request: 7.227120 seconds.
  path: Assets/polyperfect/Poly Christmas/Prefabs/Christmas/Etagere_Christmas.prefab
  artifactKey: Guid(b41440ce47bfd3e4c907975093dfd294) Importer(815301076,1909f56bfc062723c751e8b465ee728b)
Start importing Assets/polyperfect/Poly Christmas/Prefabs/Christmas/Etagere_Christmas.prefab using Guid(b41440ce47bfd3e4c907975093dfd294) Importer(815301076,1909f56bfc062723c751e8b465ee728b)  -> (artifact id: 'd98357234df7f6e26901c9486e408f60') in 0.083989 seconds
Number of updated asset objects reloaded before import = 0
Number of asset objects unloaded after import = 12
========================================================================
Received Import Request.
  Time since last request: 1.354287 seconds.
  path: Assets/polyperfect/Poly Christmas/Prefabs/Christmas/Fish_Carp.prefab
  artifactKey: Guid(f414741cd310cc54d94c141896f3e162) Importer(815301076,1909f56bfc062723c751e8b465ee728b)
Start importing Assets/polyperfect/Poly Christmas/Prefabs/Christmas/Fish_Carp.prefab using Guid(f414741cd310cc54d94c141896f3e162) Importer(815301076,1909f56bfc062723c751e8b465ee728b)  -> (artifact id: '4d375b55b67b982d7e8104e5f7ba8f39') in 0.070476 seconds
Number of updated asset objects reloaded before import = 0
Number of asset objects unloaded after import = 12
========================================================================
Received Import Request.
  Time since last request: 1.757730 seconds.
  path: Assets/polyperfect/Poly Christmas/Prefabs/Christmas/Gift_Christmas_Cube_D.prefab
  artifactKey: Guid(979b0a6dc2288834badf7c19739d05ab) Importer(815301076,1909f56bfc062723c751e8b465ee728b)
Start importing Assets/polyperfect/Poly Christmas/Prefabs/Christmas/Gift_Christmas_Cube_D.prefab using Guid(979b0a6dc2288834badf7c19739d05ab) Importer(815301076,1909f56bfc062723c751e8b465ee728b)  -> (artifact id: '6b020704b2c03c561a43fed982e567bf') in 0.066101 seconds
Number of updated asset objects reloaded before import = 0
Number of asset objects unloaded after import = 12
========================================================================
Received Import Request.
  Time since last request: 2.143982 seconds.
  path: Assets/polyperfect/Poly Christmas/Prefabs/Christmas/Gift_Christmas_Cylinder_A.prefab
  artifactKey: Guid(8e8fa5c712d02d141b9e1930fb1ab999) Importer(815301076,1909f56bfc062723c751e8b465ee728b)
Start importing Assets/polyperfect/Poly Christmas/Prefabs/Christmas/Gift_Christmas_Cylinder_A.prefab using Guid(8e8fa5c712d02d141b9e1930fb1ab999) Importer(815301076,1909f56bfc062723c751e8b465ee728b)  -> (artifact id: '5b9ac90f033fe51133345aecd9a01bbc') in 0.065558 seconds
Number of updated asset objects reloaded before import = 0
Number of asset objects unloaded after import = 12
========================================================================
Received Import Request.
  Time since last request: 1.625420 seconds.
  path: Assets/polyperfect/Poly Christmas/Prefabs/Christmas/Gift_Christmas_Cylinder_Open_Lid.prefab
  artifactKey: Guid(804e29121695fde47ada9301915331ec) Importer(815301076,1909f56bfc062723c751e8b465ee728b)
Start importing Assets/polyperfect/Poly Christmas/Prefabs/Christmas/Gift_Christmas_Cylinder_Open_Lid.prefab using Guid(804e29121695fde47ada9301915331ec) Importer(815301076,1909f56bfc062723c751e8b465ee728b)  -> (artifact id: '653d1085bbce529df3c1e55cb611fa08') in 0.063546 seconds
Number of updated asset objects reloaded before import = 0
Number of asset objects unloaded after import = 12
Editor requested this worker to shutdown with reason: Scaling down because of idle timeout
TcpMessagingSession - receive error: operation aborted. errorcode: 995, details: The I/O operation has been aborted because of either a thread exit or an application request.
AssetImportWorker is now disconnected from the server
Process exiting
Exiting without the bug reporter. Application will terminate with return code 0